<?xml version="1.0" encoding="UTF-8"?>
<coverage generated="1655393457652" clover="3.2.0">
  <project timestamp="1655393457652" name="All files">
    <metrics statements="40" coveredstatements="27" conditionals="12" coveredconditionals="9" methods="3" coveredmethods="1" elements="55" coveredelements="37" complexity="0" loc="40" ncloc="40" packages="1" files="1" classes="1"/>
    <file name="opeansea.service.ts" path="/Users/jasonliu/Business/NFT/NFT-backend/packages/gql/src/service/opeansea.service.ts">
      <metrics statements="40" coveredstatements="27" conditionals="12" coveredconditionals="9" methods="3" coveredmethods="1"/>
      <line num="1" count="1" type="stmt"/>
      <line num="2" count="1" type="stmt"/>
      <line num="4" count="1" type="stmt"/>
      <line num="5" count="1" type="stmt"/>
      <line num="6" count="1" type="stmt"/>
      <line num="7" count="1" type="stmt"/>
      <line num="8" count="1" type="stmt"/>
      <line num="27" count="1" type="stmt"/>
      <line num="34" count="8" type="cond" truecount="2" falsecount="0"/>
      <line num="35" count="8" type="cond" truecount="2" falsecount="0"/>
      <line num="43" count="8" type="stmt"/>
      <line num="44" count="8" type="stmt"/>
      <line num="45" count="8" type="stmt"/>
      <line num="47" count="8" type="stmt"/>
      <line num="48" count="8" type="stmt"/>
      <line num="50" count="8" type="stmt"/>
      <line num="51" count="0" type="stmt"/>
      <line num="53" count="8" type="stmt"/>
      <line num="54" count="6" type="cond" truecount="4" falsecount="0"/>
      <line num="55" count="6" type="stmt"/>
      <line num="56" count="6" type="stmt"/>
      <line num="57" count="6" type="cond" truecount="1" falsecount="1"/>
      <line num="58" count="6" type="stmt"/>
      <line num="60" count="0" type="stmt"/>
      <line num="64" count="6" type="stmt"/>
      <line num="66" count="2" type="stmt"/>
      <line num="67" count="2" type="stmt"/>
      <line num="68" count="2" type="stmt"/>
      <line num="72" count="1" type="stmt"/>
      <line num="79" count="0" type="cond" truecount="0" falsecount="2"/>
      <line num="80" count="0" type="stmt"/>
      <line num="82" count="0" type="stmt"/>
      <line num="83" count="0" type="stmt"/>
      <line num="89" count="0" type="stmt"/>
      <line num="90" count="0" type="stmt"/>
      <line num="91" count="0" type="stmt"/>
      <line num="92" count="0" type="stmt"/>
      <line num="94" count="0" type="stmt"/>
      <line num="95" count="0" type="stmt"/>
      <line num="96" count="0" type="stmt"/>
    </file>
  </project>
</coverage>
