{"/home/eddiedugan/Documents/nft/NFT-backend/packages/gql/src/config.ts": {"path":"/home/eddiedugan/Documents/nft/NFT-backend/packages/gql/src/config.ts","statementMap":{"0":{"start":{"line":1,"column":0},"end":{"line":1,"column":22}},"1":{"start":{"line":3,"column":0},"end":{"line":3,"column":33}},"2":{"start":{"line":5,"column":0},"end":{"line":5,"column":45}},"3":{"start":{"line":6,"column":0},"end":{"line":6,"column":38}},"4":{"start":{"line":8,"column":35},"end":{"line":10,"column":1}},"5":{"start":{"line":9,"column":2},"end":{"line":9,"column":null}},"6":{"start":{"line":8,"column":13},"end":{"line":8,"column":35}},"7":{"start":{"line":12,"column":28},"end":{"line":18,"column":1}},"8":{"start":{"line":13,"column":16},"end":{"line":13,"column":32}},"9":{"start":{"line":14,"column":2},"end":{"line":16,"column":null}},"10":{"start":{"line":15,"column":4},"end":{"line":15,"column":null}},"11":{"start":{"line":17,"column":2},"end":{"line":17,"column":null}},"12":{"start":{"line":20,"column":13},"end":{"line":20,"column":null}},"13":{"start":{"line":21,"column":13},"end":{"line":21,"column":null}},"14":{"start":{"line":22,"column":13},"end":{"line":22,"column":null}},"15":{"start":{"line":23,"column":13},"end":{"line":23,"column":null}},"16":{"start":{"line":24,"column":13},"end":{"line":24,"column":null}},"17":{"start":{"line":25,"column":13},"end":{"line":25,"column":null}},"18":{"start":{"line":27,"column":31},"end":{"line":38,"column":1}},"19":{"start":{"line":28,"column":24},"end":{"line":30,"column":null}},"20":{"start":{"line":31,"column":2},"end":{"line":37,"column":null}},"21":{"start":{"line":32,"column":4},"end":{"line":32,"column":null}},"22":{"start":{"line":34,"column":4},"end":{"line":34,"column":null}},"23":{"start":{"line":35,"column":4},"end":{"line":35,"column":null}},"24":{"start":{"line":36,"column":4},"end":{"line":36,"column":null}},"25":{"start":{"line":27,"column":13},"end":{"line":27,"column":31}},"26":{"start":{"line":40,"column":28},"end":{"line":42,"column":1}},"27":{"start":{"line":41,"column":2},"end":{"line":41,"column":null}},"28":{"start":{"line":40,"column":13},"end":{"line":40,"column":28}},"29":{"start":{"line":44,"column":13},"end":{"line":47,"column":null}},"30":{"start":{"line":49,"column":13},"end":{"line":57,"column":null}},"31":{"start":{"line":59,"column":18},"end":{"line":71,"column":1}},"32":{"start":{"line":60,"column":15},"end":{"line":60,"column":29}},"33":{"start":{"line":61,"column":2},"end":{"line":70,"column":null}},"34":{"start":{"line":62,"column":16},"end":{"line":62,"column":30}},"35":{"start":{"line":63,"column":20},"end":{"line":63,"column":26}},"36":{"start":{"line":64,"column":4},"end":{"line":64,"column":null}},"37":{"start":{"line":65,"column":4},"end":{"line":68,"column":null}},"38":{"start":{"line":69,"column":4},"end":{"line":69,"column":null}},"39":{"start":{"line":73,"column":26},"end":{"line":73,"column":78}},"40":{"start":{"line":75,"column":13},"end":{"line":79,"column":null}},"41":{"start":{"line":81,"column":34},"end":{"line":82,"column":47}},"42":{"start":{"line":82,"column":2},"end":{"line":82,"column":47}},"43":{"start":{"line":81,"column":13},"end":{"line":81,"column":34}},"44":{"start":{"line":84,"column":24},"end":{"line":85,"column":78}},"45":{"start":{"line":85,"column":2},"end":{"line":85,"column":78}},"46":{"start":{"line":85,"column":57},"end":{"line":85,"column":77}},"47":{"start":{"line":84,"column":13},"end":{"line":84,"column":24}},"48":{"start":{"line":87,"column":13},"end":{"line":90,"column":null}}},"fnMap":{"0":{"name":"(anonymous_0)","decl":{"start":{"line":8,"column":35},"end":{"line":8,"column":44}},"loc":{"start":{"line":8,"column":46},"end":{"line":10,"column":1}}},"1":{"name":"(anonymous_1)","decl":{"start":{"line":12,"column":28},"end":{"line":12,"column":29}},"loc":{"start":{"line":12,"column":52},"end":{"line":18,"column":1}}},"2":{"name":"(anonymous_2)","decl":{"start":{"line":27,"column":31},"end":{"line":27,"column":39}},"loc":{"start":{"line":27,"column":41},"end":{"line":38,"column":1}}},"3":{"name":"(anonymous_3)","decl":{"start":{"line":40,"column":28},"end":{"line":40,"column":40}},"loc":{"start":{"line":40,"column":42},"end":{"line":42,"column":1}}},"4":{"name":"(anonymous_4)","decl":{"start":{"line":59,"column":18},"end":{"line":59,"column":19}},"loc":{"start":{"line":59,"column":48},"end":{"line":71,"column":1}}},"5":{"name":"(anonymous_5)","decl":{"start":{"line":61,"column":21},"end":{"line":61,"column":22}},"loc":{"start":{"line":61,"column":56},"end":{"line":70,"column":3}}},"6":{"name":"(anonymous_6)","decl":{"start":{"line":81,"column":34},"end":{"line":81,"column":35}},"loc":{"start":{"line":82,"column":2},"end":{"line":82,"column":47}}},"7":{"name":"(anonymous_7)","decl":{"start":{"line":84,"column":24},"end":{"line":84,"column":25}},"loc":{"start":{"line":85,"column":2},"end":{"line":85,"column":78}}},"8":{"name":"(anonymous_8)","decl":{"start":{"line":85,"column":34},"end":{"line":85,"column":35}},"loc":{"start":{"line":85,"column":57},"end":{"line":85,"column":77}}}},"branchMap":{"0":{"loc":{"start":{"line":14,"column":2},"end":{"line":16,"column":null}},"type":"if","locations":[{"start":{"line":14,"column":2},"end":{"line":16,"column":null}}]},"1":{"loc":{"start":{"line":20,"column":26},"end":{"line":20,"column":60}},"type":"binary-expr","locations":[{"start":{"line":20,"column":26},"end":{"line":20,"column":52}},{"start":{"line":20,"column":56},"end":{"line":20,"column":60}}]},"2":{"loc":{"start":{"line":32,"column":11},"end":{"line":32,"column":65}},"type":"binary-expr","locations":[{"start":{"line":32,"column":11},"end":{"line":32,"column":48}},{"start":{"line":32,"column":52},"end":{"line":32,"column":65}}]},"3":{"loc":{"start":{"line":45,"column":8},"end":{"line":45,"column":45}},"type":"binary-expr","locations":[{"start":{"line":45,"column":8},"end":{"line":45,"column":30}},{"start":{"line":45,"column":34},"end":{"line":45,"column":45}}]},"4":{"loc":{"start":{"line":46,"column":8},"end":{"line":46,"column":48}},"type":"binary-expr","locations":[{"start":{"line":46,"column":8},"end":{"line":46,"column":40}},{"start":{"line":46,"column":44},"end":{"line":46,"column":48}}]},"5":{"loc":{"start":{"line":50,"column":8},"end":{"line":50,"column":42}},"type":"binary-expr","locations":[{"start":{"line":50,"column":8},"end":{"line":50,"column":27}},{"start":{"line":50,"column":31},"end":{"line":50,"column":42}}]},"6":{"loc":{"start":{"line":51,"column":8},"end":{"line":51,"column":45}},"type":"binary-expr","locations":[{"start":{"line":51,"column":8},"end":{"line":51,"column":37}},{"start":{"line":51,"column":41},"end":{"line":51,"column":45}}]},"7":{"loc":{"start":{"line":52,"column":8},"end":{"line":52,"column":40}},"type":"binary-expr","locations":[{"start":{"line":52,"column":8},"end":{"line":52,"column":31}},{"start":{"line":52,"column":35},"end":{"line":52,"column":40}}]},"8":{"loc":{"start":{"line":53,"column":12},"end":{"line":53,"column":49}},"type":"binary-expr","locations":[{"start":{"line":53,"column":12},"end":{"line":53,"column":35}},{"start":{"line":53,"column":39},"end":{"line":53,"column":49}}]},"9":{"loc":{"start":{"line":54,"column":12},"end":{"line":54,"column":44}},"type":"binary-expr","locations":[{"start":{"line":54,"column":12},"end":{"line":54,"column":35}},{"start":{"line":54,"column":39},"end":{"line":54,"column":44}}]},"10":{"loc":{"start":{"line":55,"column":11},"end":{"line":55,"column":63}},"type":"binary-expr","locations":[{"start":{"line":55,"column":11},"end":{"line":55,"column":54}},{"start":{"line":55,"column":58},"end":{"line":55,"column":63}}]},"11":{"loc":{"start":{"line":64,"column":19},"end":{"line":64,"column":37}},"type":"binary-expr","locations":[{"start":{"line":64,"column":19},"end":{"line":64,"column":31}},{"start":{"line":64,"column":35},"end":{"line":64,"column":37}}]}},"s":{"0":2,"1":2,"2":2,"3":2,"4":2,"5":0,"6":2,"7":2,"8":14,"9":14,"10":14,"11":0,"12":2,"13":2,"14":2,"15":2,"16":2,"17":2,"18":2,"19":0,"20":0,"21":0,"22":0,"23":0,"24":0,"25":2,"26":2,"27":0,"28":2,"29":2,"30":2,"31":2,"32":2,"33":2,"34":2,"35":2,"36":2,"37":2,"38":2,"39":2,"40":2,"41":2,"42":0,"43":2,"44":2,"45":0,"46":0,"47":2,"48":2},"f":{"0":0,"1":14,"2":0,"3":0,"4":2,"5":2,"6":0,"7":0,"8":0},"b":{"0":[14],"1":[2,0],"2":[0,0],"3":[2,2],"4":[2,0],"5":[2,2],"6":[2,0],"7":[2,2],"8":[2,0],"9":[2,2],"10":[2,2],"11":[2,2]}}
,"/home/eddiedugan/Documents/nft/NFT-backend/packages/gql/src/server.ts": {"path":"/home/eddiedugan/Documents/nft/NFT-backend/packages/gql/src/server.ts","statementMap":{"0":{"start":{"line":1,"column":0},"end":{"line":1,"column":109}},"1":{"start":{"line":2,"column":0},"end":{"line":2,"column":52}},"2":{"start":{"line":3,"column":0},"end":{"line":3,"column":36}},"3":{"start":{"line":4,"column":0},"end":{"line":4,"column":29}},"4":{"start":{"line":5,"column":0},"end":{"line":5,"column":23}},"5":{"start":{"line":6,"column":0},"end":{"line":6,"column":30}},"6":{"start":{"line":7,"column":0},"end":{"line":7,"column":29}},"7":{"start":{"line":9,"column":0},"end":{"line":9,"column":53}},"8":{"start":{"line":10,"column":0},"end":{"line":10,"column":23}},"9":{"start":{"line":11,"column":0},"end":{"line":11,"column":28}},"10":{"start":{"line":13,"column":0},"end":{"line":13,"column":58}},"11":{"start":{"line":14,"column":0},"end":{"line":14,"column":66}},"12":{"start":{"line":15,"column":0},"end":{"line":15,"column":38}},"13":{"start":{"line":16,"column":0},"end":{"line":16,"column":42}},"14":{"start":{"line":19,"column":0},"end":{"line":19,"column":64}},"15":{"start":{"line":21,"column":0},"end":{"line":21,"column":31}},"16":{"start":{"line":22,"column":0},"end":{"line":22,"column":44}},"17":{"start":{"line":24,"column":15},"end":{"line":24,"column":80}},"18":{"start":{"line":25,"column":22},"end":{"line":25,"column":31}},"19":{"start":{"line":26,"column":22},"end":{"line":26,"column":32}},"20":{"start":{"line":27,"column":19},"end":{"line":27,"column":34}},"21":{"start":{"line":29,"column":21},"end":{"line":29,"column":41}},"22":{"start":{"line":38,"column":32},"end":{"line":39,"column":45}},"23":{"start":{"line":39,"column":2},"end":{"line":39,"column":45}},"24":{"start":{"line":41,"column":29},"end":{"line":71,"column":1}},"25":{"start":{"line":42,"column":30},"end":{"line":42,"column":33}},"26":{"start":{"line":44,"column":18},"end":{"line":44,"column":86}},"27":{"start":{"line":46,"column":18},"end":{"line":46,"column":48}},"28":{"start":{"line":47,"column":18},"end":{"line":47,"column":48}},"29":{"start":{"line":48,"column":24},"end":{"line":48,"column":51}},"30":{"start":{"line":49,"column":25},"end":{"line":49,"column":60}},"31":{"start":{"line":50,"column":26},"end":{"line":50,"column":30}},"32":{"start":{"line":51,"column":30},"end":{"line":51,"column":34}},"33":{"start":{"line":52,"column":26},"end":{"line":52,"column":30}},"34":{"start":{"line":53,"column":26},"end":{"line":53,"column":44}},"35":{"start":{"line":54,"column":2},"end":{"line":60,"column":null}},"36":{"start":{"line":55,"column":4},"end":{"line":55,"column":null}},"37":{"start":{"line":56,"column":20},"end":{"line":56,"column":58}},"38":{"start":{"line":58,"column":4},"end":{"line":58,"column":null}},"39":{"start":{"line":59,"column":4},"end":{"line":59,"column":null}},"40":{"start":{"line":62,"column":2},"end":{"line":70,"column":null}},"41":{"start":{"line":41,"column":13},"end":{"line":41,"column":29}},"42":{"start":{"line":73,"column":27},"end":{"line":90,"column":1}},"43":{"start":{"line":74,"column":40},"end":{"line":74,"column":45}},"44":{"start":{"line":75,"column":19},"end":{"line":75,"column":56}},"45":{"start":{"line":76,"column":21},"end":{"line":76,"column":47}},"46":{"start":{"line":77,"column":2},"end":{"line":83,"column":null}},"47":{"start":{"line":84,"column":2},"end":{"line":89,"column":null}},"48":{"start":{"line":73,"column":13},"end":{"line":73,"column":27}},"49":{"start":{"line":92,"column":25},"end":{"line":111,"column":1}},"50":{"start":{"line":97,"column":26},"end":{"line":97,"column":46}},"51":{"start":{"line":98,"column":2},"end":{"line":110,"column":null}},"52":{"start":{"line":100,"column":18},"end":{"line":100,"column":49}},"53":{"start":{"line":101,"column":6},"end":{"line":103,"column":null}},"54":{"start":{"line":102,"column":8},"end":{"line":102,"column":null}},"55":{"start":{"line":104,"column":6},"end":{"line":107,"column":null}},"56":{"start":{"line":105,"column":8},"end":{"line":105,"column":null}},"57":{"start":{"line":106,"column":8},"end":{"line":106,"column":null}},"58":{"start":{"line":108,"column":6},"end":{"line":108,"column":null}},"59":{"start":{"line":109,"column":6},"end":{"line":109,"column":null}},"60":{"start":{"line":114,"column":21},"end":{"line":226,"column":1}},"61":{"start":{"line":115,"column":2},"end":{"line":117,"column":null}},"62":{"start":{"line":116,"column":4},"end":{"line":116,"column":10}},"63":{"start":{"line":119,"column":14},"end":{"line":119,"column":23}},"64":{"start":{"line":121,"column":2},"end":{"line":135,"column":null}},"65":{"start":{"line":137,"column":21},"end":{"line":137,"column":43}},"66":{"start":{"line":139,"column":2},"end":{"line":139,"column":null}},"67":{"start":{"line":140,"column":2},"end":{"line":140,"column":null}},"68":{"start":{"line":143,"column":2},"end":{"line":164,"column":null}},"69":{"start":{"line":144,"column":25},"end":{"line":144,"column":35}},"70":{"start":{"line":146,"column":4},"end":{"line":163,"column":null}},"71":{"start":{"line":148,"column":8},"end":{"line":162,"column":null}},"72":{"start":{"line":149,"column":10},"end":{"line":154,"column":null}},"73":{"start":{"line":156,"column":10},"end":{"line":161,"column":null}},"74":{"start":{"line":166,"column":2},"end":{"line":197,"column":null}},"75":{"start":{"line":167,"column":20},"end":{"line":167,"column":30}},"76":{"start":{"line":169,"column":4},"end":{"line":196,"column":null}},"77":{"start":{"line":170,"column":18},"end":{"line":170,"column":102}},"78":{"start":{"line":171,"column":6},"end":{"line":190,"column":null}},"79":{"start":{"line":192,"column":6},"end":{"line":195,"column":null}},"80":{"start":{"line":199,"column":17},"end":{"line":199,"column":36}},"81":{"start":{"line":201,"column":2},"end":{"line":213,"column":null}},"82":{"start":{"line":215,"column":2},"end":{"line":215,"column":null}},"83":{"start":{"line":216,"column":2},"end":{"line":216,"column":76}},"84":{"start":{"line":217,"column":2},"end":{"line":217,"column":null}},"85":{"start":{"line":219,"column":2},"end":{"line":219,"column":null}},"86":{"start":{"line":220,"column":2},"end":{"line":220,"column":null}},"87":{"start":{"line":221,"column":2},"end":{"line":221,"column":null}},"88":{"start":{"line":221,"column":37},"end":{"line":221,"column":85}},"89":{"start":{"line":222,"column":2},"end":{"line":224,"column":null}},"90":{"start":{"line":223,"column":4},"end":{"line":223,"column":null}},"91":{"start":{"line":225,"column":2},"end":{"line":225,"column":null}},"92":{"start":{"line":114,"column":13},"end":{"line":114,"column":21}},"93":{"start":{"line":228,"column":20},"end":{"line":233,"column":1}},"94":{"start":{"line":229,"column":2},"end":{"line":231,"column":null}},"95":{"start":{"line":230,"column":4},"end":{"line":230,"column":10}},"96":{"start":{"line":232,"column":2},"end":{"line":232,"column":null}},"97":{"start":{"line":228,"column":13},"end":{"line":228,"column":20}}},"fnMap":{"0":{"name":"(anonymous_0)","decl":{"start":{"line":38,"column":32},"end":{"line":38,"column":33}},"loc":{"start":{"line":39,"column":2},"end":{"line":39,"column":45}}},"1":{"name":"(anonymous_1)","decl":{"start":{"line":41,"column":29},"end":{"line":41,"column":34}},"loc":{"start":{"line":41,"column":61},"end":{"line":71,"column":1}}},"2":{"name":"(anonymous_2)","decl":{"start":{"line":73,"column":27},"end":{"line":73,"column":28}},"loc":{"start":{"line":73,"column":61},"end":{"line":90,"column":1}}},"3":{"name":"(anonymous_3)","decl":{"start":{"line":92,"column":25},"end":{"line":92,"column":null}},"loc":{"start":{"line":96,"column":19},"end":{"line":111,"column":1}}},"4":{"name":"(anonymous_4)","decl":{"start":{"line":99,"column":10},"end":{"line":99,"column":11}},"loc":{"start":{"line":99,"column":33},"end":{"line":110,"column":5}}},"5":{"name":"(anonymous_5)","decl":{"start":{"line":114,"column":21},"end":{"line":114,"column":26}},"loc":{"start":{"line":114,"column":47},"end":{"line":226,"column":1}}},"6":{"name":"(anonymous_6)","decl":{"start":{"line":143,"column":28},"end":{"line":143,"column":38}},"loc":{"start":{"line":143,"column":46},"end":{"line":164,"column":3}}},"7":{"name":"(anonymous_7)","decl":{"start":{"line":147,"column":12},"end":{"line":147,"column":13}},"loc":{"start":{"line":147,"column":40},"end":{"line":163,"column":7}}},"8":{"name":"(anonymous_8)","decl":{"start":{"line":166,"column":22},"end":{"line":166,"column":32}},"loc":{"start":{"line":166,"column":40},"end":{"line":197,"column":3}}},"9":{"name":"(anonymous_9)","decl":{"start":{"line":221,"column":26},"end":{"line":221,"column":33}},"loc":{"start":{"line":221,"column":37},"end":{"line":221,"column":85}}},"10":{"name":"(anonymous_10)","decl":{"start":{"line":228,"column":20},"end":{"line":228,"column":38}},"loc":{"start":{"line":228,"column":40},"end":{"line":233,"column":1}}}},"branchMap":{"0":{"loc":{"start":{"line":44,"column":18},"end":{"line":44,"column":86}},"type":"cond-expr","locations":[{"start":{"line":44,"column":53},"end":{"line":44,"column":71}},{"start":{"line":44,"column":74},"end":{"line":44,"column":86}}]},"1":{"loc":{"start":{"line":44,"column":18},"end":{"line":44,"column":50}},"type":"binary-expr","locations":[{"start":{"line":44,"column":18},"end":{"line":44,"column":28}},{"start":{"line":44,"column":32},"end":{"line":44,"column":50}}]},"2":{"loc":{"start":{"line":46,"column":18},"end":{"line":46,"column":48}},"type":"binary-expr","locations":[{"start":{"line":46,"column":18},"end":{"line":46,"column":40}},{"start":{"line":46,"column":44},"end":{"line":46,"column":48}}]},"3":{"loc":{"start":{"line":47,"column":18},"end":{"line":47,"column":48}},"type":"binary-expr","locations":[{"start":{"line":47,"column":18},"end":{"line":47,"column":40}},{"start":{"line":47,"column":44},"end":{"line":47,"column":48}}]},"4":{"loc":{"start":{"line":48,"column":24},"end":{"line":48,"column":51}},"type":"binary-expr","locations":[{"start":{"line":48,"column":24},"end":{"line":48,"column":43}},{"start":{"line":48,"column":47},"end":{"line":48,"column":51}}]},"5":{"loc":{"start":{"line":49,"column":25},"end":{"line":49,"column":60}},"type":"binary-expr","locations":[{"start":{"line":49,"column":25},"end":{"line":49,"column":52}},{"start":{"line":49,"column":56},"end":{"line":49,"column":60}}]},"6":{"loc":{"start":{"line":54,"column":2},"end":{"line":60,"column":null}},"type":"if","locations":[{"start":{"line":54,"column":2},"end":{"line":60,"column":null}}]},"7":{"loc":{"start":{"line":75,"column":19},"end":{"line":75,"column":56}},"type":"binary-expr","locations":[{"start":{"line":75,"column":19},"end":{"line":75,"column":43}},{"start":{"line":75,"column":47},"end":{"line":75,"column":56}}]},"8":{"loc":{"start":{"line":76,"column":21},"end":{"line":76,"column":47}},"type":"binary-expr","locations":[{"start":{"line":76,"column":21},"end":{"line":76,"column":41}},{"start":{"line":76,"column":45},"end":{"line":76,"column":47}}]},"9":{"loc":{"start":{"line":94,"column":2},"end":{"line":94,"column":22}},"type":"default-arg","locations":[{"start":{"line":94,"column":17},"end":{"line":94,"column":22}}]},"10":{"loc":{"start":{"line":101,"column":6},"end":{"line":103,"column":null}},"type":"if","locations":[{"start":{"line":101,"column":6},"end":{"line":103,"column":null}}]},"11":{"loc":{"start":{"line":101,"column":10},"end":{"line":101,"column":64}},"type":"binary-expr","locations":[{"start":{"line":101,"column":10},"end":{"line":101,"column":32}},{"start":{"line":101,"column":36},"end":{"line":101,"column":64}}]},"12":{"loc":{"start":{"line":104,"column":6},"end":{"line":107,"column":null}},"type":"if","locations":[{"start":{"line":104,"column":6},"end":{"line":107,"column":null}}]},"13":{"loc":{"start":{"line":104,"column":10},"end":{"line":104,"column":48}},"type":"binary-expr","locations":[{"start":{"line":104,"column":10},"end":{"line":104,"column":32}},{"start":{"line":104,"column":36},"end":{"line":104,"column":48}}]},"14":{"loc":{"start":{"line":115,"column":2},"end":{"line":117,"column":null}},"type":"if","locations":[{"start":{"line":115,"column":2},"end":{"line":117,"column":null}}]},"15":{"loc":{"start":{"line":148,"column":8},"end":{"line":162,"column":null}},"type":"if","locations":[{"start":{"line":148,"column":8},"end":{"line":162,"column":null}},{"start":{"line":155,"column":15},"end":{"line":162,"column":null}}]},"16":{"loc":{"start":{"line":158,"column":19},"end":{"line":158,"column":74}},"type":"binary-expr","locations":[{"start":{"line":158,"column":19},"end":{"line":158,"column":35}},{"start":{"line":158,"column":39},"end":{"line":158,"column":74}}]},"17":{"loc":{"start":{"line":159,"column":20},"end":{"line":159,"column":98}},"type":"binary-expr","locations":[{"start":{"line":159,"column":20},"end":{"line":159,"column":37}},{"start":{"line":159,"column":41},"end":{"line":159,"column":98}}]},"18":{"loc":{"start":{"line":160,"column":25},"end":{"line":160,"column":95}},"type":"binary-expr","locations":[{"start":{"line":160,"column":25},"end":{"line":160,"column":44}},{"start":{"line":160,"column":48},"end":{"line":160,"column":95}}]},"19":{"loc":{"start":{"line":169,"column":4},"end":{"line":196,"column":null}},"type":"if","locations":[{"start":{"line":169,"column":4},"end":{"line":196,"column":null}},{"start":{"line":191,"column":11},"end":{"line":196,"column":null}}]},"20":{"loc":{"start":{"line":169,"column":8},"end":{"line":169,"column":71}},"type":"binary-expr","locations":[{"start":{"line":169,"column":8},"end":{"line":169,"column":27}},{"start":{"line":169,"column":31},"end":{"line":169,"column":47}},{"start":{"line":169,"column":51},"end":{"line":169,"column":71}}]},"21":{"loc":{"start":{"line":209,"column":6},"end":{"line":211,"column":59}},"type":"cond-expr","locations":[{"start":{"line":210,"column":10},"end":{"line":210,"column":49}},{"start":{"line":211,"column":10},"end":{"line":211,"column":59}}]},"22":{"loc":{"start":{"line":222,"column":2},"end":{"line":224,"column":null}},"type":"if","locations":[{"start":{"line":222,"column":2},"end":{"line":224,"column":null}}]},"23":{"loc":{"start":{"line":229,"column":2},"end":{"line":231,"column":null}},"type":"if","locations":[{"start":{"line":229,"column":2},"end":{"line":231,"column":null}}]}},"s":{"0":1,"1":1,"2":1,"3":1,"4":1,"5":1,"6":1,"7":1,"8":1,"9":1,"10":1,"11":1,"12":1,"13":1,"14":1,"15":1,"16":1,"17":1,"18":1,"19":1,"20":1,"21":1,"22":1,"23":0,"24":1,"25":0,"26":0,"27":0,"28":0,"29":0,"30":0,"31":0,"32":0,"33":0,"34":0,"35":0,"36":0,"37":0,"38":0,"39":0,"40":0,"41":1,"42":1,"43":0,"44":0,"45":0,"46":0,"47":0,"48":1,"49":1,"50":0,"51":0,"52":0,"53":0,"54":0,"55":0,"56":0,"57":0,"58":0,"59":0,"60":1,"61":0,"62":0,"63":0,"64":0,"65":0,"66":0,"67":0,"68":0,"69":0,"70":0,"71":0,"72":0,"73":0,"74":0,"75":0,"76":0,"77":0,"78":0,"79":0,"80":0,"81":0,"82":0,"83":0,"84":0,"85":0,"86":0,"87":0,"88":0,"89":0,"90":0,"91":0,"92":1,"93":1,"94":0,"95":0,"96":0,"97":1},"f":{"0":0,"1":0,"2":0,"3":0,"4":0,"5":0,"6":0,"7":0,"8":0,"9":0,"10":0},"b":{"0":[0,0],"1":[0,0],"2":[0,0],"3":[0,0],"4":[0,0],"5":[0,0],"6":[0],"7":[0,0],"8":[0,0],"9":[0],"10":[0],"11":[0,0],"12":[0],"13":[0,0],"14":[0],"15":[0,0],"16":[0,0],"17":[0,0],"18":[0,0],"19":[0,0],"20":[0,0,0],"21":[0,0],"22":[0],"23":[0]}}
,"/home/eddiedugan/Documents/nft/NFT-backend/packages/gql/src/defs/gql.ts": {"path":"/home/eddiedugan/Documents/nft/NFT-backend/packages/gql/src/defs/gql.ts","statementMap":{"0":{"start":{"line":45,"column":0},"end":{"line":45,"column":null}},"1":{"start":{"line":46,"column":2},"end":{"line":46,"column":null}},"2":{"start":{"line":47,"column":2},"end":{"line":47,"column":null}},"3":{"start":{"line":48,"column":2},"end":{"line":48,"column":null}},"4":{"start":{"line":49,"column":2},"end":{"line":49,"column":null}},"5":{"start":{"line":57,"column":0},"end":{"line":57,"column":null}},"6":{"start":{"line":58,"column":2},"end":{"line":58,"column":null}},"7":{"start":{"line":59,"column":2},"end":{"line":59,"column":null}},"8":{"start":{"line":60,"column":2},"end":{"line":60,"column":null}},"9":{"start":{"line":61,"column":2},"end":{"line":61,"column":null}},"10":{"start":{"line":85,"column":0},"end":{"line":85,"column":null}},"11":{"start":{"line":86,"column":2},"end":{"line":86,"column":null}},"12":{"start":{"line":87,"column":2},"end":{"line":87,"column":null}},"13":{"start":{"line":88,"column":2},"end":{"line":88,"column":null}},"14":{"start":{"line":112,"column":0},"end":{"line":112,"column":null}},"15":{"start":{"line":113,"column":2},"end":{"line":113,"column":null}},"16":{"start":{"line":114,"column":2},"end":{"line":114,"column":null}},"17":{"start":{"line":641,"column":0},"end":{"line":641,"column":null}},"18":{"start":{"line":642,"column":2},"end":{"line":642,"column":null}},"19":{"start":{"line":643,"column":2},"end":{"line":643,"column":null}},"20":{"start":{"line":644,"column":2},"end":{"line":644,"column":null}},"21":{"start":{"line":652,"column":0},"end":{"line":652,"column":null}},"22":{"start":{"line":653,"column":2},"end":{"line":653,"column":null}},"23":{"start":{"line":654,"column":2},"end":{"line":654,"column":null}},"24":{"start":{"line":655,"column":2},"end":{"line":655,"column":null}},"25":{"start":{"line":656,"column":2},"end":{"line":656,"column":null}},"26":{"start":{"line":657,"column":2},"end":{"line":657,"column":null}},"27":{"start":{"line":658,"column":2},"end":{"line":658,"column":null}},"28":{"start":{"line":742,"column":0},"end":{"line":742,"column":null}},"29":{"start":{"line":743,"column":2},"end":{"line":743,"column":null}},"30":{"start":{"line":744,"column":2},"end":{"line":744,"column":null}},"31":{"start":{"line":751,"column":0},"end":{"line":751,"column":null}},"32":{"start":{"line":752,"column":2},"end":{"line":752,"column":null}},"33":{"start":{"line":753,"column":2},"end":{"line":753,"column":null}},"34":{"start":{"line":754,"column":2},"end":{"line":754,"column":null}},"35":{"start":{"line":1125,"column":0},"end":{"line":1125,"column":null}},"36":{"start":{"line":1126,"column":2},"end":{"line":1126,"column":null}},"37":{"start":{"line":1127,"column":2},"end":{"line":1127,"column":null}},"38":{"start":{"line":1128,"column":2},"end":{"line":1128,"column":null}}},"fnMap":{"0":{"name":"(anonymous_0)","decl":{"start":{"line":45,"column":0},"end":{"line":45,"column":12}},"loc":{"start":{"line":45,"column":23},"end":{"line":50,"column":1}}},"1":{"name":"(anonymous_1)","decl":{"start":{"line":57,"column":0},"end":{"line":57,"column":12}},"loc":{"start":{"line":57,"column":22},"end":{"line":62,"column":1}}},"2":{"name":"(anonymous_2)","decl":{"start":{"line":85,"column":0},"end":{"line":85,"column":12}},"loc":{"start":{"line":85,"column":23},"end":{"line":89,"column":1}}},"3":{"name":"(anonymous_3)","decl":{"start":{"line":112,"column":0},"end":{"line":112,"column":12}},"loc":{"start":{"line":112,"column":21},"end":{"line":115,"column":1}}},"4":{"name":"(anonymous_4)","decl":{"start":{"line":641,"column":0},"end":{"line":641,"column":12}},"loc":{"start":{"line":641,"column":19},"end":{"line":645,"column":1}}},"5":{"name":"(anonymous_5)","decl":{"start":{"line":652,"column":0},"end":{"line":652,"column":12}},"loc":{"start":{"line":652,"column":19},"end":{"line":659,"column":1}}},"6":{"name":"(anonymous_6)","decl":{"start":{"line":742,"column":0},"end":{"line":742,"column":12}},"loc":{"start":{"line":742,"column":30},"end":{"line":745,"column":1}}},"7":{"name":"(anonymous_7)","decl":{"start":{"line":751,"column":0},"end":{"line":751,"column":12}},"loc":{"start":{"line":751,"column":25},"end":{"line":755,"column":1}}},"8":{"name":"(anonymous_8)","decl":{"start":{"line":1125,"column":0},"end":{"line":1125,"column":12}},"loc":{"start":{"line":1125,"column":29},"end":{"line":1129,"column":1}}}},"branchMap":{"0":{"loc":{"start":{"line":45,"column":12},"end":{"line":45,"column":null}},"type":"binary-expr","locations":[{"start":{"line":45,"column":12},"end":{"line":45,"column":23}},{"start":{"line":45,"column":12},"end":{"line":45,"column":null}}]},"1":{"loc":{"start":{"line":57,"column":12},"end":{"line":57,"column":null}},"type":"binary-expr","locations":[{"start":{"line":57,"column":12},"end":{"line":57,"column":22}},{"start":{"line":57,"column":12},"end":{"line":57,"column":null}}]},"2":{"loc":{"start":{"line":85,"column":12},"end":{"line":85,"column":null}},"type":"binary-expr","locations":[{"start":{"line":85,"column":12},"end":{"line":85,"column":23}},{"start":{"line":85,"column":12},"end":{"line":85,"column":null}}]},"3":{"loc":{"start":{"line":112,"column":12},"end":{"line":112,"column":null}},"type":"binary-expr","locations":[{"start":{"line":112,"column":12},"end":{"line":112,"column":21}},{"start":{"line":112,"column":12},"end":{"line":112,"column":null}}]},"4":{"loc":{"start":{"line":641,"column":12},"end":{"line":641,"column":null}},"type":"binary-expr","locations":[{"start":{"line":641,"column":12},"end":{"line":641,"column":19}},{"start":{"line":641,"column":12},"end":{"line":641,"column":null}}]},"5":{"loc":{"start":{"line":652,"column":12},"end":{"line":652,"column":null}},"type":"binary-expr","locations":[{"start":{"line":652,"column":12},"end":{"line":652,"column":19}},{"start":{"line":652,"column":12},"end":{"line":652,"column":null}}]},"6":{"loc":{"start":{"line":742,"column":12},"end":{"line":742,"column":null}},"type":"binary-expr","locations":[{"start":{"line":742,"column":12},"end":{"line":742,"column":30}},{"start":{"line":742,"column":12},"end":{"line":742,"column":null}}]},"7":{"loc":{"start":{"line":751,"column":12},"end":{"line":751,"column":null}},"type":"binary-expr","locations":[{"start":{"line":751,"column":12},"end":{"line":751,"column":25}},{"start":{"line":751,"column":12},"end":{"line":751,"column":null}}]},"8":{"loc":{"start":{"line":1125,"column":12},"end":{"line":1125,"column":null}},"type":"binary-expr","locations":[{"start":{"line":1125,"column":12},"end":{"line":1125,"column":29}},{"start":{"line":1125,"column":12},"end":{"line":1125,"column":null}}]}},"s":{"0":2,"1":2,"2":2,"3":2,"4":2,"5":2,"6":2,"7":2,"8":2,"9":2,"10":2,"11":2,"12":2,"13":2,"14":2,"15":2,"16":2,"17":2,"18":2,"19":2,"20":2,"21":2,"22":2,"23":2,"24":2,"25":2,"26":2,"27":2,"28":2,"29":2,"30":2,"31":2,"32":2,"33":2,"34":2,"35":2,"36":2,"37":2,"38":2},"f":{"0":2,"1":2,"2":2,"3":2,"4":2,"5":2,"6":2,"7":2,"8":2},"b":{"0":[2,2],"1":[2,2],"2":[2,2],"3":[2,2],"4":[2,2],"5":[2,2],"6":[2,2],"7":[2,2],"8":[2,2]}}
,"/home/eddiedugan/Documents/nft/NFT-backend/packages/gql/src/defs/index.ts": {"path":"/home/eddiedugan/Documents/nft/NFT-backend/packages/gql/src/defs/index.ts","statementMap":{"0":{"start":{"line":1,"column":0},"end":{"line":1,"column":28}},"1":{"start":{"line":2,"column":0},"end":{"line":2,"column":22}}},"fnMap":{},"branchMap":{},"s":{"0":2,"1":2},"f":{},"b":{}}
,"/home/eddiedugan/Documents/nft/NFT-backend/packages/gql/src/defs/misc.ts": {"path":"/home/eddiedugan/Documents/nft/NFT-backend/packages/gql/src/defs/misc.ts","statementMap":{"0":{"start":{"line":2,"column":0},"end":{"line":2,"column":67}},"1":{"start":{"line":22,"column":24},"end":{"line":34,"column":1}},"2":{"start":{"line":23,"column":2},"end":{"line":33,"column":null}},"3":{"start":{"line":25,"column":4},"end":{"line":25,"column":null}},"4":{"start":{"line":27,"column":4},"end":{"line":27,"column":null}},"5":{"start":{"line":30,"column":4},"end":{"line":30,"column":null}},"6":{"start":{"line":32,"column":4},"end":{"line":32,"column":null}},"7":{"start":{"line":36,"column":25},"end":{"line":49,"column":1}},"8":{"start":{"line":37,"column":2},"end":{"line":48,"column":null}},"9":{"start":{"line":39,"column":4},"end":{"line":39,"column":null}},"10":{"start":{"line":41,"column":4},"end":{"line":41,"column":null}},"11":{"start":{"line":43,"column":4},"end":{"line":43,"column":null}},"12":{"start":{"line":45,"column":4},"end":{"line":45,"column":null}},"13":{"start":{"line":47,"column":4},"end":{"line":47,"column":null}},"14":{"start":{"line":52,"column":28},"end":{"line":75,"column":1}},"15":{"start":{"line":55,"column":2},"end":{"line":74,"column":null}},"16":{"start":{"line":56,"column":27},"end":{"line":56,"column":49}},"17":{"start":{"line":57,"column":23},"end":{"line":57,"column":93}},"18":{"start":{"line":60,"column":4},"end":{"line":65,"column":null}},"19":{"start":{"line":61,"column":6},"end":{"line":61,"column":null}},"20":{"start":{"line":62,"column":11},"end":{"line":65,"column":null}},"21":{"start":{"line":63,"column":6},"end":{"line":63,"column":null}},"22":{"start":{"line":64,"column":6},"end":{"line":64,"column":null}},"23":{"start":{"line":67,"column":4},"end":{"line":73,"column":null}},"24":{"start":{"line":52,"column":13},"end":{"line":52,"column":28}},"25":{"start":{"line":77,"column":33},"end":{"line":101,"column":1}},"26":{"start":{"line":80,"column":17},"end":{"line":80,"column":19}},"27":{"start":{"line":81,"column":2},"end":{"line":98,"column":null}},"28":{"start":{"line":82,"column":18},"end":{"line":82,"column":20}},"29":{"start":{"line":83,"column":23},"end":{"line":83,"column":67}},"30":{"start":{"line":84,"column":4},"end":{"line":85,"column":null}},"31":{"start":{"line":85,"column":6},"end":{"line":85,"column":null}},"32":{"start":{"line":86,"column":4},"end":{"line":97,"column":null}},"33":{"start":{"line":100,"column":2},"end":{"line":100,"column":null}},"34":{"start":{"line":77,"column":13},"end":{"line":77,"column":33}},"35":{"start":{"line":103,"column":38},"end":{"line":110,"column":1}},"36":{"start":{"line":107,"column":24},"end":{"line":107,"column":58}},"37":{"start":{"line":108,"column":16},"end":{"line":108,"column":57}},"38":{"start":{"line":109,"column":2},"end":{"line":109,"column":null}},"39":{"start":{"line":103,"column":13},"end":{"line":103,"column":38}}},"fnMap":{"0":{"name":"(anonymous_0)","decl":{"start":{"line":22,"column":24},"end":{"line":22,"column":25}},"loc":{"start":{"line":22,"column":69},"end":{"line":34,"column":1}}},"1":{"name":"(anonymous_1)","decl":{"start":{"line":36,"column":25},"end":{"line":36,"column":26}},"loc":{"start":{"line":36,"column":64},"end":{"line":49,"column":1}}},"2":{"name":"(anonymous_2)","decl":{"start":{"line":52,"column":28},"end":{"line":52,"column":null}},"loc":{"start":{"line":54,"column":11},"end":{"line":75,"column":1}}},"3":{"name":"(anonymous_3)","decl":{"start":{"line":55,"column":20},"end":{"line":55,"column":21}},"loc":{"start":{"line":55,"column":57},"end":{"line":74,"column":3}}},"4":{"name":"(anonymous_4)","decl":{"start":{"line":77,"column":33},"end":{"line":77,"column":34}},"loc":{"start":{"line":78,"column":35},"end":{"line":101,"column":1}}},"5":{"name":"(anonymous_5)","decl":{"start":{"line":81,"column":17},"end":{"line":81,"column":18}},"loc":{"start":{"line":81,"column":27},"end":{"line":98,"column":3}}},"6":{"name":"(anonymous_6)","decl":{"start":{"line":103,"column":38},"end":{"line":103,"column":43}},"loc":{"start":{"line":106,"column":21},"end":{"line":110,"column":1}}}},"branchMap":{"0":{"loc":{"start":{"line":23,"column":2},"end":{"line":33,"column":null}},"type":"switch","locations":[{"start":{"line":24,"column":2},"end":{"line":25,"column":null}},{"start":{"line":26,"column":2},"end":{"line":27,"column":null}},{"start":{"line":28,"column":2},"end":{"line":28,"column":16}},{"start":{"line":29,"column":2},"end":{"line":30,"column":null}},{"start":{"line":31,"column":2},"end":{"line":32,"column":null}}]},"1":{"loc":{"start":{"line":37,"column":2},"end":{"line":48,"column":null}},"type":"switch","locations":[{"start":{"line":38,"column":2},"end":{"line":39,"column":null}},{"start":{"line":40,"column":2},"end":{"line":41,"column":null}},{"start":{"line":42,"column":2},"end":{"line":43,"column":null}},{"start":{"line":44,"column":2},"end":{"line":45,"column":null}},{"start":{"line":46,"column":2},"end":{"line":47,"column":null}}]},"2":{"loc":{"start":{"line":60,"column":4},"end":{"line":65,"column":null}},"type":"if","locations":[{"start":{"line":60,"column":4},"end":{"line":65,"column":null}},{"start":{"line":62,"column":11},"end":{"line":65,"column":null}}]},"3":{"loc":{"start":{"line":62,"column":11},"end":{"line":65,"column":null}},"type":"if","locations":[{"start":{"line":62,"column":11},"end":{"line":65,"column":null}}]},"4":{"loc":{"start":{"line":84,"column":4},"end":{"line":85,"column":null}},"type":"if","locations":[{"start":{"line":84,"column":4},"end":{"line":85,"column":null}}]},"5":{"loc":{"start":{"line":84,"column":8},"end":{"line":84,"column":87}},"type":"binary-expr","locations":[{"start":{"line":84,"column":8},"end":{"line":84,"column":45}},{"start":{"line":84,"column":49},"end":{"line":84,"column":87}}]}},"s":{"0":2,"1":2,"2":1,"3":0,"4":0,"5":1,"6":0,"7":2,"8":0,"9":0,"10":0,"11":0,"12":0,"13":0,"14":2,"15":1,"16":1,"17":1,"18":1,"19":1,"20":0,"21":0,"22":0,"23":0,"24":2,"25":2,"26":0,"27":0,"28":0,"29":0,"30":0,"31":0,"32":0,"33":0,"34":2,"35":2,"36":0,"37":0,"38":0,"39":2},"f":{"0":1,"1":0,"2":1,"3":1,"4":0,"5":0,"6":0},"b":{"0":[0,0,1,1,0],"1":[0,0,0,0,0],"2":[1,0],"3":[0],"4":[0],"5":[0,0]}}
,"/home/eddiedugan/Documents/nft/NFT-backend/packages/gql/src/error/app.error.ts": {"path":"/home/eddiedugan/Documents/nft/NFT-backend/packages/gql/src/error/app.error.ts","statementMap":{"0":{"start":{"line":1,"column":0},"end":{"line":1,"column":51}},"1":{"start":{"line":3,"column":0},"end":{"line":3,"column":34}},"2":{"start":{"line":5,"column":0},"end":{"line":5,"column":null}},"3":{"start":{"line":6,"column":2},"end":{"line":6,"column":null}},"4":{"start":{"line":7,"column":2},"end":{"line":7,"column":null}},"5":{"start":{"line":8,"column":2},"end":{"line":8,"column":null}},"6":{"start":{"line":11,"column":27},"end":{"line":15,"column":null}},"7":{"start":{"line":12,"column":2},"end":{"line":15,"column":null}},"8":{"start":{"line":11,"column":13},"end":{"line":11,"column":27}},"9":{"start":{"line":18,"column":29},"end":{"line":22,"column":null}},"10":{"start":{"line":19,"column":2},"end":{"line":22,"column":null}},"11":{"start":{"line":18,"column":13},"end":{"line":18,"column":29}},"12":{"start":{"line":25,"column":34},"end":{"line":29,"column":null}},"13":{"start":{"line":26,"column":2},"end":{"line":29,"column":null}},"14":{"start":{"line":25,"column":13},"end":{"line":25,"column":34}},"15":{"start":{"line":32,"column":29},"end":{"line":36,"column":null}},"16":{"start":{"line":33,"column":2},"end":{"line":36,"column":null}},"17":{"start":{"line":32,"column":13},"end":{"line":32,"column":29}},"18":{"start":{"line":39,"column":27},"end":{"line":43,"column":null}},"19":{"start":{"line":40,"column":2},"end":{"line":43,"column":null}},"20":{"start":{"line":39,"column":13},"end":{"line":39,"column":27}},"21":{"start":{"line":46,"column":28},"end":{"line":50,"column":null}},"22":{"start":{"line":47,"column":2},"end":{"line":50,"column":null}},"23":{"start":{"line":46,"column":13},"end":{"line":46,"column":28}},"24":{"start":{"line":53,"column":30},"end":{"line":60,"column":null}},"25":{"start":{"line":57,"column":2},"end":{"line":60,"column":null}},"26":{"start":{"line":53,"column":13},"end":{"line":53,"column":30}}},"fnMap":{"0":{"name":"(anonymous_0)","decl":{"start":{"line":5,"column":0},"end":{"line":5,"column":5}},"loc":{"start":{"line":5,"column":14},"end":{"line":9,"column":1}}},"1":{"name":"(anonymous_1)","decl":{"start":{"line":11,"column":27},"end":{"line":11,"column":28}},"loc":{"start":{"line":12,"column":2},"end":{"line":15,"column":null}}},"2":{"name":"(anonymous_2)","decl":{"start":{"line":18,"column":29},"end":{"line":18,"column":45}},"loc":{"start":{"line":19,"column":2},"end":{"line":22,"column":null}}},"3":{"name":"(anonymous_3)","decl":{"start":{"line":25,"column":34},"end":{"line":25,"column":35}},"loc":{"start":{"line":26,"column":2},"end":{"line":29,"column":null}}},"4":{"name":"(anonymous_4)","decl":{"start":{"line":32,"column":29},"end":{"line":32,"column":30}},"loc":{"start":{"line":33,"column":2},"end":{"line":36,"column":null}}},"5":{"name":"(anonymous_5)","decl":{"start":{"line":39,"column":27},"end":{"line":39,"column":28}},"loc":{"start":{"line":40,"column":2},"end":{"line":43,"column":null}}},"6":{"name":"(anonymous_6)","decl":{"start":{"line":46,"column":28},"end":{"line":46,"column":29}},"loc":{"start":{"line":47,"column":2},"end":{"line":50,"column":null}}},"7":{"name":"(anonymous_7)","decl":{"start":{"line":53,"column":30},"end":{"line":53,"column":null}},"loc":{"start":{"line":57,"column":2},"end":{"line":60,"column":null}}}},"branchMap":{"0":{"loc":{"start":{"line":5,"column":5},"end":{"line":5,"column":null}},"type":"binary-expr","locations":[{"start":{"line":5,"column":5},"end":{"line":5,"column":14}},{"start":{"line":5,"column":5},"end":{"line":5,"column":null}}]},"1":{"loc":{"start":{"line":55,"column":2},"end":{"line":55,"column":40}},"type":"default-arg","locations":[{"start":{"line":55,"column":21},"end":{"line":55,"column":40}}]}},"s":{"0":2,"1":2,"2":2,"3":2,"4":2,"5":2,"6":2,"7":0,"8":2,"9":2,"10":0,"11":2,"12":2,"13":0,"14":2,"15":2,"16":0,"17":2,"18":2,"19":0,"20":2,"21":2,"22":3,"23":2,"24":2,"25":0,"26":2},"f":{"0":2,"1":0,"2":0,"3":0,"4":0,"5":0,"6":3,"7":0},"b":{"0":[2,2],"1":[0]}}
,"/home/eddiedugan/Documents/nft/NFT-backend/packages/gql/src/error/approval.error.ts": {"path":"/home/eddiedugan/Documents/nft/NFT-backend/packages/gql/src/error/approval.error.ts","statementMap":{"0":{"start":{"line":1,"column":0},"end":{"line":1,"column":null}},"1":{"start":{"line":2,"column":2},"end":{"line":2,"column":null}},"2":{"start":{"line":3,"column":2},"end":{"line":3,"column":null}},"3":{"start":{"line":6,"column":40},"end":{"line":6,"column":74}},"4":{"start":{"line":6,"column":54},"end":{"line":6,"column":74}},"5":{"start":{"line":6,"column":13},"end":{"line":6,"column":40}},"6":{"start":{"line":8,"column":44},"end":{"line":8,"column":78}},"7":{"start":{"line":8,"column":58},"end":{"line":8,"column":78}},"8":{"start":{"line":8,"column":13},"end":{"line":8,"column":44}}},"fnMap":{"0":{"name":"(anonymous_0)","decl":{"start":{"line":1,"column":0},"end":{"line":1,"column":12}},"loc":{"start":{"line":1,"column":21},"end":{"line":4,"column":1}}},"1":{"name":"(anonymous_1)","decl":{"start":{"line":6,"column":40},"end":{"line":6,"column":51}},"loc":{"start":{"line":6,"column":54},"end":{"line":6,"column":74}}},"2":{"name":"(anonymous_2)","decl":{"start":{"line":8,"column":44},"end":{"line":8,"column":55}},"loc":{"start":{"line":8,"column":58},"end":{"line":8,"column":78}}}},"branchMap":{"0":{"loc":{"start":{"line":1,"column":12},"end":{"line":1,"column":null}},"type":"binary-expr","locations":[{"start":{"line":1,"column":12},"end":{"line":1,"column":21}},{"start":{"line":1,"column":12},"end":{"line":1,"column":null}}]}},"s":{"0":2,"1":2,"2":2,"3":2,"4":0,"5":2,"6":2,"7":0,"8":2},"f":{"0":2,"1":0,"2":0},"b":{"0":[2,2]}}
,"/home/eddiedugan/Documents/nft/NFT-backend/packages/gql/src/error/curation.error.ts": {"path":"/home/eddiedugan/Documents/nft/NFT-backend/packages/gql/src/error/curation.error.ts","statementMap":{"0":{"start":{"line":1,"column":0},"end":{"line":1,"column":null}},"1":{"start":{"line":2,"column":2},"end":{"line":2,"column":null}},"2":{"start":{"line":3,"column":2},"end":{"line":3,"column":null}},"3":{"start":{"line":6,"column":40},"end":{"line":6,"column":90}},"4":{"start":{"line":6,"column":64},"end":{"line":6,"column":90}},"5":{"start":{"line":6,"column":13},"end":{"line":6,"column":40}},"6":{"start":{"line":8,"column":40},"end":{"line":8,"column":82}},"7":{"start":{"line":8,"column":54},"end":{"line":8,"column":82}},"8":{"start":{"line":8,"column":13},"end":{"line":8,"column":40}}},"fnMap":{"0":{"name":"(anonymous_0)","decl":{"start":{"line":1,"column":0},"end":{"line":1,"column":12}},"loc":{"start":{"line":1,"column":21},"end":{"line":4,"column":1}}},"1":{"name":"(anonymous_1)","decl":{"start":{"line":6,"column":40},"end":{"line":6,"column":41}},"loc":{"start":{"line":6,"column":64},"end":{"line":6,"column":90}}},"2":{"name":"(anonymous_2)","decl":{"start":{"line":8,"column":40},"end":{"line":8,"column":51}},"loc":{"start":{"line":8,"column":54},"end":{"line":8,"column":82}}}},"branchMap":{"0":{"loc":{"start":{"line":1,"column":12},"end":{"line":1,"column":null}},"type":"binary-expr","locations":[{"start":{"line":1,"column":12},"end":{"line":1,"column":21}},{"start":{"line":1,"column":12},"end":{"line":1,"column":null}}]}},"s":{"0":2,"1":2,"2":2,"3":2,"4":0,"5":2,"6":2,"7":0,"8":2},"f":{"0":2,"1":0,"2":0},"b":{"0":[2,2]}}
,"/home/eddiedugan/Documents/nft/NFT-backend/packages/gql/src/error/http.code.ts": {"path":"/home/eddiedugan/Documents/nft/NFT-backend/packages/gql/src/error/http.code.ts","statementMap":{"0":{"start":{"line":1,"column":0},"end":{"line":1,"column":null}},"1":{"start":{"line":2,"column":2},"end":{"line":2,"column":null}},"2":{"start":{"line":3,"column":2},"end":{"line":3,"column":null}},"3":{"start":{"line":4,"column":2},"end":{"line":4,"column":null}},"4":{"start":{"line":5,"column":2},"end":{"line":5,"column":null}},"5":{"start":{"line":6,"column":2},"end":{"line":6,"column":null}},"6":{"start":{"line":7,"column":2},"end":{"line":7,"column":null}}},"fnMap":{"0":{"name":"(anonymous_0)","decl":{"start":{"line":1,"column":0},"end":{"line":1,"column":12}},"loc":{"start":{"line":1,"column":16},"end":{"line":8,"column":1}}}},"branchMap":{"0":{"loc":{"start":{"line":1,"column":12},"end":{"line":1,"column":null}},"type":"binary-expr","locations":[{"start":{"line":1,"column":12},"end":{"line":1,"column":16}},{"start":{"line":1,"column":12},"end":{"line":1,"column":null}}]}},"s":{"0":2,"1":2,"2":2,"3":2,"4":2,"5":2,"6":2},"f":{"0":2},"b":{"0":[2,2]}}
,"/home/eddiedugan/Documents/nft/NFT-backend/packages/gql/src/error/index.ts": {"path":"/home/eddiedugan/Documents/nft/NFT-backend/packages/gql/src/error/index.ts","statementMap":{"0":{"start":{"line":1,"column":0},"end":{"line":1,"column":39}},"1":{"start":{"line":2,"column":0},"end":{"line":2,"column":49}},"2":{"start":{"line":3,"column":0},"end":{"line":3,"column":49}},"3":{"start":{"line":4,"column":0},"end":{"line":4,"column":51}},"4":{"start":{"line":5,"column":0},"end":{"line":5,"column":51}},"5":{"start":{"line":6,"column":0},"end":{"line":6,"column":53}},"6":{"start":{"line":7,"column":0},"end":{"line":7,"column":41}},"7":{"start":{"line":8,"column":0},"end":{"line":8,"column":39}},"8":{"start":{"line":9,"column":0},"end":{"line":9,"column":47}},"9":{"start":{"line":10,"column":0},"end":{"line":10,"column":41}},"10":{"start":{"line":11,"column":0},"end":{"line":11,"column":45}}},"fnMap":{},"branchMap":{},"s":{"0":2,"1":2,"2":2,"3":2,"4":2,"5":2,"6":2,"7":2,"8":2,"9":2,"10":2},"f":{},"b":{}}
,"/home/eddiedugan/Documents/nft/NFT-backend/packages/gql/src/error/marketAsk.error.ts": {"path":"/home/eddiedugan/Documents/nft/NFT-backend/packages/gql/src/error/marketAsk.error.ts","statementMap":{"0":{"start":{"line":1,"column":0},"end":{"line":1,"column":null}},"1":{"start":{"line":2,"column":2},"end":{"line":2,"column":null}},"2":{"start":{"line":3,"column":2},"end":{"line":3,"column":null}},"3":{"start":{"line":4,"column":2},"end":{"line":4,"column":null}},"4":{"start":{"line":5,"column":2},"end":{"line":5,"column":null}},"5":{"start":{"line":6,"column":2},"end":{"line":6,"column":null}},"6":{"start":{"line":7,"column":2},"end":{"line":7,"column":null}},"7":{"start":{"line":8,"column":2},"end":{"line":8,"column":null}},"8":{"start":{"line":9,"column":2},"end":{"line":9,"column":null}},"9":{"start":{"line":10,"column":2},"end":{"line":10,"column":null}},"10":{"start":{"line":11,"column":2},"end":{"line":11,"column":null}},"11":{"start":{"line":14,"column":40},"end":{"line":14,"column":73}},"12":{"start":{"line":14,"column":54},"end":{"line":14,"column":73}},"13":{"start":{"line":14,"column":13},"end":{"line":14,"column":40}},"14":{"start":{"line":16,"column":41},"end":{"line":16,"column":86}},"15":{"start":{"line":16,"column":55},"end":{"line":16,"column":86}},"16":{"start":{"line":16,"column":13},"end":{"line":16,"column":41}},"17":{"start":{"line":18,"column":41},"end":{"line":18,"column":92}},"18":{"start":{"line":18,"column":65},"end":{"line":18,"column":92}},"19":{"start":{"line":18,"column":13},"end":{"line":18,"column":41}},"20":{"start":{"line":20,"column":41},"end":{"line":20,"column":132}},"21":{"start":{"line":20,"column":81},"end":{"line":20,"column":132}},"22":{"start":{"line":20,"column":13},"end":{"line":20,"column":41}},"23":{"start":{"line":22,"column":39},"end":{"line":22,"column":82}},"24":{"start":{"line":22,"column":53},"end":{"line":22,"column":82}},"25":{"start":{"line":22,"column":13},"end":{"line":22,"column":39}},"26":{"start":{"line":24,"column":41},"end":{"line":24,"column":109}},"27":{"start":{"line":24,"column":69},"end":{"line":24,"column":109}},"28":{"start":{"line":24,"column":13},"end":{"line":24,"column":41}},"29":{"start":{"line":26,"column":37},"end":{"line":26,"column":96}},"30":{"start":{"line":26,"column":65},"end":{"line":26,"column":96}},"31":{"start":{"line":26,"column":13},"end":{"line":26,"column":37}},"32":{"start":{"line":28,"column":42},"end":{"line":28,"column":83}},"33":{"start":{"line":28,"column":56},"end":{"line":28,"column":83}},"34":{"start":{"line":28,"column":13},"end":{"line":28,"column":42}},"35":{"start":{"line":30,"column":44},"end":{"line":30,"column":155}},"36":{"start":{"line":30,"column":79},"end":{"line":30,"column":155}},"37":{"start":{"line":30,"column":13},"end":{"line":30,"column":44}},"38":{"start":{"line":32,"column":44},"end":{"line":32,"column":85}},"39":{"start":{"line":32,"column":58},"end":{"line":32,"column":85}},"40":{"start":{"line":32,"column":13},"end":{"line":32,"column":44}}},"fnMap":{"0":{"name":"(anonymous_0)","decl":{"start":{"line":1,"column":0},"end":{"line":1,"column":12}},"loc":{"start":{"line":1,"column":21},"end":{"line":12,"column":1}}},"1":{"name":"(anonymous_1)","decl":{"start":{"line":14,"column":40},"end":{"line":14,"column":51}},"loc":{"start":{"line":14,"column":54},"end":{"line":14,"column":73}}},"2":{"name":"(anonymous_2)","decl":{"start":{"line":16,"column":41},"end":{"line":16,"column":52}},"loc":{"start":{"line":16,"column":55},"end":{"line":16,"column":86}}},"3":{"name":"(anonymous_3)","decl":{"start":{"line":18,"column":41},"end":{"line":18,"column":42}},"loc":{"start":{"line":18,"column":65},"end":{"line":18,"column":92}}},"4":{"name":"(anonymous_4)","decl":{"start":{"line":20,"column":41},"end":{"line":20,"column":42}},"loc":{"start":{"line":20,"column":81},"end":{"line":20,"column":132}}},"5":{"name":"(anonymous_5)","decl":{"start":{"line":22,"column":39},"end":{"line":22,"column":50}},"loc":{"start":{"line":22,"column":53},"end":{"line":22,"column":82}}},"6":{"name":"(anonymous_6)","decl":{"start":{"line":24,"column":41},"end":{"line":24,"column":42}},"loc":{"start":{"line":24,"column":69},"end":{"line":24,"column":109}}},"7":{"name":"(anonymous_7)","decl":{"start":{"line":26,"column":37},"end":{"line":26,"column":38}},"loc":{"start":{"line":26,"column":65},"end":{"line":26,"column":96}}},"8":{"name":"(anonymous_8)","decl":{"start":{"line":28,"column":42},"end":{"line":28,"column":53}},"loc":{"start":{"line":28,"column":56},"end":{"line":28,"column":83}}},"9":{"name":"(anonymous_9)","decl":{"start":{"line":30,"column":44},"end":{"line":30,"column":45}},"loc":{"start":{"line":30,"column":79},"end":{"line":30,"column":155}}},"10":{"name":"(anonymous_10)","decl":{"start":{"line":32,"column":44},"end":{"line":32,"column":55}},"loc":{"start":{"line":32,"column":58},"end":{"line":32,"column":85}}}},"branchMap":{"0":{"loc":{"start":{"line":1,"column":12},"end":{"line":1,"column":null}},"type":"binary-expr","locations":[{"start":{"line":1,"column":12},"end":{"line":1,"column":21}},{"start":{"line":1,"column":12},"end":{"line":1,"column":null}}]}},"s":{"0":2,"1":2,"2":2,"3":2,"4":2,"5":2,"6":2,"7":2,"8":2,"9":2,"10":2,"11":2,"12":0,"13":2,"14":2,"15":0,"16":2,"17":2,"18":0,"19":2,"20":2,"21":0,"22":2,"23":2,"24":0,"25":2,"26":2,"27":0,"28":2,"29":2,"30":0,"31":2,"32":2,"33":0,"34":2,"35":2,"36":0,"37":2,"38":2,"39":0,"40":2},"f":{"0":2,"1":0,"2":0,"3":0,"4":0,"5":0,"6":0,"7":0,"8":0,"9":0,"10":0},"b":{"0":[2,2]}}
,"/home/eddiedugan/Documents/nft/NFT-backend/packages/gql/src/error/marketBid.error.ts": {"path":"/home/eddiedugan/Documents/nft/NFT-backend/packages/gql/src/error/marketBid.error.ts","statementMap":{"0":{"start":{"line":1,"column":0},"end":{"line":1,"column":null}},"1":{"start":{"line":2,"column":2},"end":{"line":2,"column":null}},"2":{"start":{"line":3,"column":2},"end":{"line":3,"column":null}},"3":{"start":{"line":4,"column":2},"end":{"line":4,"column":null}},"4":{"start":{"line":5,"column":2},"end":{"line":5,"column":null}},"5":{"start":{"line":6,"column":2},"end":{"line":6,"column":null}},"6":{"start":{"line":7,"column":2},"end":{"line":7,"column":null}},"7":{"start":{"line":8,"column":2},"end":{"line":8,"column":null}},"8":{"start":{"line":9,"column":2},"end":{"line":9,"column":null}},"9":{"start":{"line":12,"column":41},"end":{"line":12,"column":76}},"10":{"start":{"line":12,"column":55},"end":{"line":12,"column":76}},"11":{"start":{"line":12,"column":13},"end":{"line":12,"column":41}},"12":{"start":{"line":14,"column":40},"end":{"line":14,"column":73}},"13":{"start":{"line":14,"column":54},"end":{"line":14,"column":73}},"14":{"start":{"line":14,"column":13},"end":{"line":14,"column":40}},"15":{"start":{"line":16,"column":41},"end":{"line":16,"column":86}},"16":{"start":{"line":16,"column":55},"end":{"line":16,"column":86}},"17":{"start":{"line":16,"column":13},"end":{"line":16,"column":41}},"18":{"start":{"line":18,"column":41},"end":{"line":18,"column":92}},"19":{"start":{"line":18,"column":65},"end":{"line":18,"column":92}},"20":{"start":{"line":18,"column":13},"end":{"line":18,"column":41}},"21":{"start":{"line":20,"column":41},"end":{"line":20,"column":76}},"22":{"start":{"line":20,"column":55},"end":{"line":20,"column":76}},"23":{"start":{"line":20,"column":13},"end":{"line":20,"column":41}},"24":{"start":{"line":22,"column":44},"end":{"line":22,"column":146}},"25":{"start":{"line":22,"column":79},"end":{"line":22,"column":146}},"26":{"start":{"line":22,"column":13},"end":{"line":22,"column":44}},"27":{"start":{"line":24,"column":44},"end":{"line":24,"column":85}},"28":{"start":{"line":24,"column":58},"end":{"line":24,"column":85}},"29":{"start":{"line":24,"column":13},"end":{"line":24,"column":44}},"30":{"start":{"line":26,"column":37},"end":{"line":26,"column":96}},"31":{"start":{"line":26,"column":65},"end":{"line":26,"column":96}},"32":{"start":{"line":26,"column":13},"end":{"line":26,"column":37}}},"fnMap":{"0":{"name":"(anonymous_0)","decl":{"start":{"line":1,"column":0},"end":{"line":1,"column":12}},"loc":{"start":{"line":1,"column":21},"end":{"line":10,"column":1}}},"1":{"name":"(anonymous_1)","decl":{"start":{"line":12,"column":41},"end":{"line":12,"column":52}},"loc":{"start":{"line":12,"column":55},"end":{"line":12,"column":76}}},"2":{"name":"(anonymous_2)","decl":{"start":{"line":14,"column":40},"end":{"line":14,"column":51}},"loc":{"start":{"line":14,"column":54},"end":{"line":14,"column":73}}},"3":{"name":"(anonymous_3)","decl":{"start":{"line":16,"column":41},"end":{"line":16,"column":52}},"loc":{"start":{"line":16,"column":55},"end":{"line":16,"column":86}}},"4":{"name":"(anonymous_4)","decl":{"start":{"line":18,"column":41},"end":{"line":18,"column":42}},"loc":{"start":{"line":18,"column":65},"end":{"line":18,"column":92}}},"5":{"name":"(anonymous_5)","decl":{"start":{"line":20,"column":41},"end":{"line":20,"column":52}},"loc":{"start":{"line":20,"column":55},"end":{"line":20,"column":76}}},"6":{"name":"(anonymous_6)","decl":{"start":{"line":22,"column":44},"end":{"line":22,"column":45}},"loc":{"start":{"line":22,"column":79},"end":{"line":22,"column":146}}},"7":{"name":"(anonymous_7)","decl":{"start":{"line":24,"column":44},"end":{"line":24,"column":55}},"loc":{"start":{"line":24,"column":58},"end":{"line":24,"column":85}}},"8":{"name":"(anonymous_8)","decl":{"start":{"line":26,"column":37},"end":{"line":26,"column":38}},"loc":{"start":{"line":26,"column":65},"end":{"line":26,"column":96}}}},"branchMap":{"0":{"loc":{"start":{"line":1,"column":12},"end":{"line":1,"column":null}},"type":"binary-expr","locations":[{"start":{"line":1,"column":12},"end":{"line":1,"column":21}},{"start":{"line":1,"column":12},"end":{"line":1,"column":null}}]}},"s":{"0":2,"1":2,"2":2,"3":2,"4":2,"5":2,"6":2,"7":2,"8":2,"9":2,"10":0,"11":2,"12":2,"13":0,"14":2,"15":2,"16":0,"17":2,"18":2,"19":0,"20":2,"21":2,"22":0,"23":2,"24":2,"25":0,"26":2,"27":2,"28":0,"29":2,"30":2,"31":0,"32":2},"f":{"0":2,"1":0,"2":0,"3":0,"4":0,"5":0,"6":0,"7":0,"8":0},"b":{"0":[2,2]}}
,"/home/eddiedugan/Documents/nft/NFT-backend/packages/gql/src/error/marketSwap.error.ts": {"path":"/home/eddiedugan/Documents/nft/NFT-backend/packages/gql/src/error/marketSwap.error.ts","statementMap":{"0":{"start":{"line":1,"column":0},"end":{"line":1,"column":null}},"1":{"start":{"line":2,"column":2},"end":{"line":2,"column":null}},"2":{"start":{"line":3,"column":2},"end":{"line":3,"column":null}},"3":{"start":{"line":4,"column":2},"end":{"line":4,"column":null}},"4":{"start":{"line":7,"column":41},"end":{"line":7,"column":75}},"5":{"start":{"line":7,"column":55},"end":{"line":7,"column":75}},"6":{"start":{"line":7,"column":13},"end":{"line":7,"column":41}},"7":{"start":{"line":9,"column":42},"end":{"line":9,"column":88}},"8":{"start":{"line":9,"column":56},"end":{"line":9,"column":88}},"9":{"start":{"line":9,"column":13},"end":{"line":9,"column":42}},"10":{"start":{"line":11,"column":37},"end":{"line":11,"column":96}},"11":{"start":{"line":11,"column":65},"end":{"line":11,"column":96}},"12":{"start":{"line":11,"column":13},"end":{"line":11,"column":37}}},"fnMap":{"0":{"name":"(anonymous_0)","decl":{"start":{"line":1,"column":0},"end":{"line":1,"column":12}},"loc":{"start":{"line":1,"column":21},"end":{"line":5,"column":1}}},"1":{"name":"(anonymous_1)","decl":{"start":{"line":7,"column":41},"end":{"line":7,"column":52}},"loc":{"start":{"line":7,"column":55},"end":{"line":7,"column":75}}},"2":{"name":"(anonymous_2)","decl":{"start":{"line":9,"column":42},"end":{"line":9,"column":53}},"loc":{"start":{"line":9,"column":56},"end":{"line":9,"column":88}}},"3":{"name":"(anonymous_3)","decl":{"start":{"line":11,"column":37},"end":{"line":11,"column":38}},"loc":{"start":{"line":11,"column":65},"end":{"line":11,"column":96}}}},"branchMap":{"0":{"loc":{"start":{"line":1,"column":12},"end":{"line":1,"column":null}},"type":"binary-expr","locations":[{"start":{"line":1,"column":12},"end":{"line":1,"column":21}},{"start":{"line":1,"column":12},"end":{"line":1,"column":null}}]}},"s":{"0":2,"1":2,"2":2,"3":2,"4":2,"5":0,"6":2,"7":2,"8":0,"9":2,"10":2,"11":0,"12":2},"f":{"0":2,"1":0,"2":0,"3":0},"b":{"0":[2,2]}}
,"/home/eddiedugan/Documents/nft/NFT-backend/packages/gql/src/error/mint.error.ts": {"path":"/home/eddiedugan/Documents/nft/NFT-backend/packages/gql/src/error/mint.error.ts","statementMap":{"0":{"start":{"line":1,"column":0},"end":{"line":1,"column":null}},"1":{"start":{"line":2,"column":2},"end":{"line":2,"column":null}},"2":{"start":{"line":3,"column":2},"end":{"line":3,"column":null}},"3":{"start":{"line":4,"column":2},"end":{"line":4,"column":null}},"4":{"start":{"line":7,"column":36},"end":{"line":7,"column":133}},"5":{"start":{"line":7,"column":50},"end":{"line":7,"column":133}},"6":{"start":{"line":7,"column":13},"end":{"line":7,"column":36}},"7":{"start":{"line":9,"column":51},"end":{"line":9,"column":141}},"8":{"start":{"line":9,"column":65},"end":{"line":9,"column":141}},"9":{"start":{"line":9,"column":13},"end":{"line":9,"column":51}},"10":{"start":{"line":11,"column":32},"end":{"line":11,"column":99}},"11":{"start":{"line":11,"column":46},"end":{"line":11,"column":99}},"12":{"start":{"line":11,"column":13},"end":{"line":11,"column":32}}},"fnMap":{"0":{"name":"(anonymous_0)","decl":{"start":{"line":1,"column":0},"end":{"line":1,"column":12}},"loc":{"start":{"line":1,"column":21},"end":{"line":5,"column":1}}},"1":{"name":"(anonymous_1)","decl":{"start":{"line":7,"column":36},"end":{"line":7,"column":47}},"loc":{"start":{"line":7,"column":50},"end":{"line":7,"column":133}}},"2":{"name":"(anonymous_2)","decl":{"start":{"line":9,"column":51},"end":{"line":9,"column":62}},"loc":{"start":{"line":9,"column":65},"end":{"line":9,"column":141}}},"3":{"name":"(anonymous_3)","decl":{"start":{"line":11,"column":32},"end":{"line":11,"column":43}},"loc":{"start":{"line":11,"column":46},"end":{"line":11,"column":99}}}},"branchMap":{"0":{"loc":{"start":{"line":1,"column":12},"end":{"line":1,"column":null}},"type":"binary-expr","locations":[{"start":{"line":1,"column":12},"end":{"line":1,"column":21}},{"start":{"line":1,"column":12},"end":{"line":1,"column":null}}]}},"s":{"0":2,"1":2,"2":2,"3":2,"4":2,"5":0,"6":2,"7":2,"8":0,"9":2,"10":2,"11":0,"12":2},"f":{"0":2,"1":0,"2":0,"3":0},"b":{"0":[2,2]}}
,"/home/eddiedugan/Documents/nft/NFT-backend/packages/gql/src/error/nft.error.ts": {"path":"/home/eddiedugan/Documents/nft/NFT-backend/packages/gql/src/error/nft.error.ts","statementMap":{"0":{"start":{"line":1,"column":0},"end":{"line":1,"column":null}},"1":{"start":{"line":2,"column":2},"end":{"line":2,"column":null}},"2":{"start":{"line":3,"column":2},"end":{"line":3,"column":null}},"3":{"start":{"line":6,"column":35},"end":{"line":6,"column":80}},"4":{"start":{"line":6,"column":59},"end":{"line":6,"column":80}},"5":{"start":{"line":6,"column":13},"end":{"line":6,"column":35}},"6":{"start":{"line":8,"column":35},"end":{"line":8,"column":72}},"7":{"start":{"line":8,"column":49},"end":{"line":8,"column":72}},"8":{"start":{"line":8,"column":13},"end":{"line":8,"column":35}}},"fnMap":{"0":{"name":"(anonymous_0)","decl":{"start":{"line":1,"column":0},"end":{"line":1,"column":12}},"loc":{"start":{"line":1,"column":21},"end":{"line":4,"column":1}}},"1":{"name":"(anonymous_1)","decl":{"start":{"line":6,"column":35},"end":{"line":6,"column":36}},"loc":{"start":{"line":6,"column":59},"end":{"line":6,"column":80}}},"2":{"name":"(anonymous_2)","decl":{"start":{"line":8,"column":35},"end":{"line":8,"column":46}},"loc":{"start":{"line":8,"column":49},"end":{"line":8,"column":72}}}},"branchMap":{"0":{"loc":{"start":{"line":1,"column":12},"end":{"line":1,"column":null}},"type":"binary-expr","locations":[{"start":{"line":1,"column":12},"end":{"line":1,"column":21}},{"start":{"line":1,"column":12},"end":{"line":1,"column":null}}]}},"s":{"0":2,"1":2,"2":2,"3":2,"4":0,"5":2,"6":2,"7":0,"8":2},"f":{"0":2,"1":0,"2":0},"b":{"0":[2,2]}}
,"/home/eddiedugan/Documents/nft/NFT-backend/packages/gql/src/error/profile.error.ts": {"path":"/home/eddiedugan/Documents/nft/NFT-backend/packages/gql/src/error/profile.error.ts","statementMap":{"0":{"start":{"line":1,"column":0},"end":{"line":1,"column":null}},"1":{"start":{"line":2,"column":2},"end":{"line":2,"column":null}},"2":{"start":{"line":3,"column":2},"end":{"line":3,"column":null}},"3":{"start":{"line":4,"column":2},"end":{"line":4,"column":null}},"4":{"start":{"line":5,"column":2},"end":{"line":5,"column":null}},"5":{"start":{"line":6,"column":2},"end":{"line":6,"column":null}},"6":{"start":{"line":7,"column":2},"end":{"line":7,"column":null}},"7":{"start":{"line":8,"column":2},"end":{"line":8,"column":null}},"8":{"start":{"line":9,"column":2},"end":{"line":9,"column":null}},"9":{"start":{"line":10,"column":2},"end":{"line":10,"column":null}},"10":{"start":{"line":13,"column":39},"end":{"line":13,"column":88}},"11":{"start":{"line":13,"column":63},"end":{"line":13,"column":88}},"12":{"start":{"line":13,"column":13},"end":{"line":13,"column":39}},"13":{"start":{"line":15,"column":40},"end":{"line":16,"column":48}},"14":{"start":{"line":16,"column":2},"end":{"line":16,"column":48}},"15":{"start":{"line":15,"column":13},"end":{"line":15,"column":40}},"16":{"start":{"line":18,"column":43},"end":{"line":19,"column":44}},"17":{"start":{"line":19,"column":2},"end":{"line":19,"column":44}},"18":{"start":{"line":18,"column":13},"end":{"line":18,"column":43}},"19":{"start":{"line":21,"column":39},"end":{"line":22,"column":61}},"20":{"start":{"line":22,"column":2},"end":{"line":22,"column":61}},"21":{"start":{"line":21,"column":13},"end":{"line":21,"column":39}},"22":{"start":{"line":24,"column":32},"end":{"line":25,"column":72}},"23":{"start":{"line":25,"column":2},"end":{"line":25,"column":72}},"24":{"start":{"line":24,"column":13},"end":{"line":24,"column":32}},"25":{"start":{"line":27,"column":40},"end":{"line":27,"column":120}},"26":{"start":{"line":27,"column":64},"end":{"line":27,"column":120}},"27":{"start":{"line":27,"column":13},"end":{"line":27,"column":40}},"28":{"start":{"line":29,"column":42},"end":{"line":29,"column":146}},"29":{"start":{"line":29,"column":66},"end":{"line":29,"column":146}},"30":{"start":{"line":29,"column":13},"end":{"line":29,"column":42}},"31":{"start":{"line":30,"column":41},"end":{"line":30,"column":140}},"32":{"start":{"line":30,"column":65},"end":{"line":30,"column":140}},"33":{"start":{"line":30,"column":13},"end":{"line":30,"column":41}},"34":{"start":{"line":31,"column":47},"end":{"line":31,"column":141}},"35":{"start":{"line":31,"column":71},"end":{"line":31,"column":141}},"36":{"start":{"line":31,"column":13},"end":{"line":31,"column":47}},"37":{"start":{"line":32,"column":45},"end":{"line":32,"column":136}},"38":{"start":{"line":32,"column":69},"end":{"line":32,"column":136}},"39":{"start":{"line":32,"column":13},"end":{"line":32,"column":45}},"40":{"start":{"line":34,"column":42},"end":{"line":34,"column":103}},"41":{"start":{"line":34,"column":56},"end":{"line":34,"column":103}},"42":{"start":{"line":34,"column":13},"end":{"line":34,"column":42}},"43":{"start":{"line":35,"column":42},"end":{"line":35,"column":103}},"44":{"start":{"line":35,"column":56},"end":{"line":35,"column":103}},"45":{"start":{"line":35,"column":13},"end":{"line":35,"column":42}}},"fnMap":{"0":{"name":"(anonymous_0)","decl":{"start":{"line":1,"column":0},"end":{"line":1,"column":12}},"loc":{"start":{"line":1,"column":21},"end":{"line":11,"column":1}}},"1":{"name":"(anonymous_1)","decl":{"start":{"line":13,"column":39},"end":{"line":13,"column":40}},"loc":{"start":{"line":13,"column":63},"end":{"line":13,"column":88}}},"2":{"name":"(anonymous_2)","decl":{"start":{"line":15,"column":40},"end":{"line":15,"column":41}},"loc":{"start":{"line":16,"column":2},"end":{"line":16,"column":48}}},"3":{"name":"(anonymous_3)","decl":{"start":{"line":18,"column":43},"end":{"line":18,"column":44}},"loc":{"start":{"line":19,"column":2},"end":{"line":19,"column":44}}},"4":{"name":"(anonymous_4)","decl":{"start":{"line":21,"column":39},"end":{"line":21,"column":40}},"loc":{"start":{"line":22,"column":2},"end":{"line":22,"column":61}}},"5":{"name":"(anonymous_5)","decl":{"start":{"line":24,"column":32},"end":{"line":24,"column":33}},"loc":{"start":{"line":25,"column":2},"end":{"line":25,"column":72}}},"6":{"name":"(anonymous_6)","decl":{"start":{"line":27,"column":40},"end":{"line":27,"column":41}},"loc":{"start":{"line":27,"column":64},"end":{"line":27,"column":120}}},"7":{"name":"(anonymous_7)","decl":{"start":{"line":29,"column":42},"end":{"line":29,"column":43}},"loc":{"start":{"line":29,"column":66},"end":{"line":29,"column":146}}},"8":{"name":"(anonymous_8)","decl":{"start":{"line":30,"column":41},"end":{"line":30,"column":42}},"loc":{"start":{"line":30,"column":65},"end":{"line":30,"column":140}}},"9":{"name":"(anonymous_9)","decl":{"start":{"line":31,"column":47},"end":{"line":31,"column":48}},"loc":{"start":{"line":31,"column":71},"end":{"line":31,"column":141}}},"10":{"name":"(anonymous_10)","decl":{"start":{"line":32,"column":45},"end":{"line":32,"column":46}},"loc":{"start":{"line":32,"column":69},"end":{"line":32,"column":136}}},"11":{"name":"(anonymous_11)","decl":{"start":{"line":34,"column":42},"end":{"line":34,"column":53}},"loc":{"start":{"line":34,"column":56},"end":{"line":34,"column":103}}},"12":{"name":"(anonymous_12)","decl":{"start":{"line":35,"column":42},"end":{"line":35,"column":53}},"loc":{"start":{"line":35,"column":56},"end":{"line":35,"column":103}}}},"branchMap":{"0":{"loc":{"start":{"line":1,"column":12},"end":{"line":1,"column":null}},"type":"binary-expr","locations":[{"start":{"line":1,"column":12},"end":{"line":1,"column":21}},{"start":{"line":1,"column":12},"end":{"line":1,"column":null}}]}},"s":{"0":2,"1":2,"2":2,"3":2,"4":2,"5":2,"6":2,"7":2,"8":2,"9":2,"10":2,"11":0,"12":2,"13":2,"14":0,"15":2,"16":2,"17":0,"18":2,"19":2,"20":0,"21":2,"22":2,"23":0,"24":2,"25":2,"26":0,"27":2,"28":2,"29":0,"30":2,"31":2,"32":0,"33":2,"34":2,"35":0,"36":2,"37":2,"38":0,"39":2,"40":2,"41":0,"42":2,"43":2,"44":0,"45":2},"f":{"0":2,"1":0,"2":0,"3":0,"4":0,"5":0,"6":0,"7":0,"8":0,"9":0,"10":0,"11":0,"12":0},"b":{"0":[2,2]}}
,"/home/eddiedugan/Documents/nft/NFT-backend/packages/gql/src/error/user.error.ts": {"path":"/home/eddiedugan/Documents/nft/NFT-backend/packages/gql/src/error/user.error.ts","statementMap":{"0":{"start":{"line":1,"column":0},"end":{"line":1,"column":51}},"1":{"start":{"line":3,"column":0},"end":{"line":3,"column":34}},"2":{"start":{"line":5,"column":0},"end":{"line":5,"column":null}},"3":{"start":{"line":6,"column":2},"end":{"line":6,"column":null}},"4":{"start":{"line":7,"column":2},"end":{"line":7,"column":null}},"5":{"start":{"line":8,"column":2},"end":{"line":8,"column":null}},"6":{"start":{"line":9,"column":2},"end":{"line":9,"column":null}},"7":{"start":{"line":10,"column":2},"end":{"line":10,"column":null}},"8":{"start":{"line":11,"column":2},"end":{"line":11,"column":null}},"9":{"start":{"line":12,"column":2},"end":{"line":12,"column":null}},"10":{"start":{"line":15,"column":25},"end":{"line":19,"column":null}},"11":{"start":{"line":16,"column":2},"end":{"line":19,"column":null}},"12":{"start":{"line":15,"column":13},"end":{"line":15,"column":25}},"13":{"start":{"line":22,"column":36},"end":{"line":22,"column":82}},"14":{"start":{"line":22,"column":60},"end":{"line":22,"column":82}},"15":{"start":{"line":22,"column":13},"end":{"line":22,"column":36}},"16":{"start":{"line":24,"column":38},"end":{"line":25,"column":49}},"17":{"start":{"line":25,"column":2},"end":{"line":25,"column":49}},"18":{"start":{"line":24,"column":13},"end":{"line":24,"column":38}},"19":{"start":{"line":27,"column":35},"end":{"line":28,"column":43}},"20":{"start":{"line":28,"column":2},"end":{"line":28,"column":43}},"21":{"start":{"line":27,"column":13},"end":{"line":27,"column":35}},"22":{"start":{"line":30,"column":42},"end":{"line":30,"column":89}},"23":{"start":{"line":30,"column":56},"end":{"line":30,"column":89}},"24":{"start":{"line":30,"column":13},"end":{"line":30,"column":42}},"25":{"start":{"line":32,"column":41},"end":{"line":33,"column":43}},"26":{"start":{"line":33,"column":2},"end":{"line":33,"column":43}},"27":{"start":{"line":32,"column":13},"end":{"line":32,"column":41}},"28":{"start":{"line":35,"column":39},"end":{"line":35,"column":88}},"29":{"start":{"line":35,"column":53},"end":{"line":35,"column":88}},"30":{"start":{"line":35,"column":13},"end":{"line":35,"column":39}}},"fnMap":{"0":{"name":"(anonymous_0)","decl":{"start":{"line":5,"column":0},"end":{"line":5,"column":12}},"loc":{"start":{"line":5,"column":21},"end":{"line":13,"column":1}}},"1":{"name":"(anonymous_1)","decl":{"start":{"line":15,"column":25},"end":{"line":15,"column":41}},"loc":{"start":{"line":16,"column":2},"end":{"line":19,"column":null}}},"2":{"name":"(anonymous_2)","decl":{"start":{"line":22,"column":36},"end":{"line":22,"column":37}},"loc":{"start":{"line":22,"column":60},"end":{"line":22,"column":82}}},"3":{"name":"(anonymous_3)","decl":{"start":{"line":24,"column":38},"end":{"line":24,"column":39}},"loc":{"start":{"line":25,"column":2},"end":{"line":25,"column":49}}},"4":{"name":"(anonymous_4)","decl":{"start":{"line":27,"column":35},"end":{"line":27,"column":36}},"loc":{"start":{"line":28,"column":2},"end":{"line":28,"column":43}}},"5":{"name":"(anonymous_5)","decl":{"start":{"line":30,"column":42},"end":{"line":30,"column":53}},"loc":{"start":{"line":30,"column":56},"end":{"line":30,"column":89}}},"6":{"name":"(anonymous_6)","decl":{"start":{"line":32,"column":41},"end":{"line":32,"column":42}},"loc":{"start":{"line":33,"column":2},"end":{"line":33,"column":43}}},"7":{"name":"(anonymous_7)","decl":{"start":{"line":35,"column":39},"end":{"line":35,"column":50}},"loc":{"start":{"line":35,"column":53},"end":{"line":35,"column":88}}}},"branchMap":{"0":{"loc":{"start":{"line":5,"column":12},"end":{"line":5,"column":null}},"type":"binary-expr","locations":[{"start":{"line":5,"column":12},"end":{"line":5,"column":21}},{"start":{"line":5,"column":12},"end":{"line":5,"column":null}}]}},"s":{"0":2,"1":2,"2":2,"3":2,"4":2,"5":2,"6":2,"7":2,"8":2,"9":2,"10":2,"11":0,"12":2,"13":2,"14":0,"15":2,"16":2,"17":0,"18":2,"19":2,"20":0,"21":2,"22":2,"23":0,"24":2,"25":2,"26":0,"27":2,"28":2,"29":0,"30":2},"f":{"0":2,"1":0,"2":0,"3":0,"4":0,"5":0,"6":0,"7":0},"b":{"0":[2,2]}}
,"/home/eddiedugan/Documents/nft/NFT-backend/packages/gql/src/error/wallet.error.ts": {"path":"/home/eddiedugan/Documents/nft/NFT-backend/packages/gql/src/error/wallet.error.ts","statementMap":{"0":{"start":{"line":1,"column":0},"end":{"line":1,"column":51}},"1":{"start":{"line":5,"column":0},"end":{"line":5,"column":34}},"2":{"start":{"line":7,"column":0},"end":{"line":7,"column":null}},"3":{"start":{"line":8,"column":2},"end":{"line":8,"column":null}},"4":{"start":{"line":9,"column":2},"end":{"line":9,"column":null}},"5":{"start":{"line":10,"column":2},"end":{"line":10,"column":null}},"6":{"start":{"line":11,"column":2},"end":{"line":11,"column":null}},"7":{"start":{"line":14,"column":35},"end":{"line":20,"column":null}},"8":{"start":{"line":17,"column":18},"end":{"line":20,"column":null}},"9":{"start":{"line":14,"column":13},"end":{"line":14,"column":35}},"10":{"start":{"line":23,"column":35},"end":{"line":27,"column":null}},"11":{"start":{"line":24,"column":2},"end":{"line":27,"column":null}},"12":{"start":{"line":23,"column":13},"end":{"line":23,"column":35}},"13":{"start":{"line":30,"column":37},"end":{"line":35,"column":84}},"14":{"start":{"line":35,"column":2},"end":{"line":35,"column":84}},"15":{"start":{"line":30,"column":13},"end":{"line":30,"column":37}},"16":{"start":{"line":37,"column":39},"end":{"line":38,"column":50}},"17":{"start":{"line":38,"column":2},"end":{"line":38,"column":50}},"18":{"start":{"line":37,"column":13},"end":{"line":37,"column":39}}},"fnMap":{"0":{"name":"(anonymous_0)","decl":{"start":{"line":7,"column":0},"end":{"line":7,"column":12}},"loc":{"start":{"line":7,"column":21},"end":{"line":12,"column":1}}},"1":{"name":"(anonymous_1)","decl":{"start":{"line":14,"column":35},"end":{"line":14,"column":null}},"loc":{"start":{"line":17,"column":18},"end":{"line":20,"column":null}}},"2":{"name":"(anonymous_2)","decl":{"start":{"line":23,"column":35},"end":{"line":23,"column":36}},"loc":{"start":{"line":24,"column":2},"end":{"line":27,"column":null}}},"3":{"name":"(anonymous_3)","decl":{"start":{"line":30,"column":37},"end":{"line":30,"column":null}},"loc":{"start":{"line":35,"column":2},"end":{"line":35,"column":84}}},"4":{"name":"(anonymous_4)","decl":{"start":{"line":37,"column":39},"end":{"line":37,"column":50}},"loc":{"start":{"line":38,"column":2},"end":{"line":38,"column":50}}}},"branchMap":{"0":{"loc":{"start":{"line":7,"column":12},"end":{"line":7,"column":null}},"type":"binary-expr","locations":[{"start":{"line":7,"column":12},"end":{"line":7,"column":21}},{"start":{"line":7,"column":12},"end":{"line":7,"column":null}}]}},"s":{"0":2,"1":2,"2":2,"3":2,"4":2,"5":2,"6":2,"7":2,"8":0,"9":2,"10":2,"11":0,"12":2,"13":2,"14":0,"15":2,"16":2,"17":0,"18":2},"f":{"0":2,"1":0,"2":0,"3":0,"4":0},"b":{"0":[2,2]}}
,"/home/eddiedugan/Documents/nft/NFT-backend/packages/gql/src/helper/auth.ts": {"path":"/home/eddiedugan/Documents/nft/NFT-backend/packages/gql/src/helper/auth.ts","statementMap":{"0":{"start":{"line":1,"column":0},"end":{"line":1,"column":40}},"1":{"start":{"line":3,"column":0},"end":{"line":3,"column":79}},"2":{"start":{"line":5,"column":0},"end":{"line":5,"column":68}},"3":{"start":{"line":6,"column":0},"end":{"line":6,"column":45}},"4":{"start":{"line":8,"column":31},"end":{"line":21,"column":1}},"5":{"start":{"line":9,"column":27},"end":{"line":9,"column":30}},"6":{"start":{"line":11,"column":2},"end":{"line":16,"column":null}},"7":{"start":{"line":12,"column":4},"end":{"line":15,"column":null}},"8":{"start":{"line":17,"column":2},"end":{"line":19,"column":null}},"9":{"start":{"line":18,"column":4},"end":{"line":18,"column":null}},"10":{"start":{"line":20,"column":2},"end":{"line":20,"column":null}},"11":{"start":{"line":8,"column":13},"end":{"line":8,"column":31}},"12":{"start":{"line":23,"column":35},"end":{"line":39,"column":1}},"13":{"start":{"line":24,"column":30},"end":{"line":24,"column":33}},"14":{"start":{"line":25,"column":2},"end":{"line":30,"column":null}},"15":{"start":{"line":26,"column":4},"end":{"line":29,"column":null}},"16":{"start":{"line":33,"column":2},"end":{"line":38,"column":null}},"17":{"start":{"line":34,"column":4},"end":{"line":37,"column":null}},"18":{"start":{"line":23,"column":13},"end":{"line":23,"column":35}},"19":{"start":{"line":41,"column":40},"end":{"line":50,"column":1}},"20":{"start":{"line":42,"column":2},"end":{"line":44,"column":null}},"21":{"start":{"line":43,"column":4},"end":{"line":43,"column":null}},"22":{"start":{"line":45,"column":16},"end":{"line":45,"column":42}},"23":{"start":{"line":46,"column":2},"end":{"line":48,"column":null}},"24":{"start":{"line":47,"column":4},"end":{"line":47,"column":null}},"25":{"start":{"line":49,"column":2},"end":{"line":49,"column":null}},"26":{"start":{"line":41,"column":13},"end":{"line":41,"column":40}}},"fnMap":{"0":{"name":"(anonymous_0)","decl":{"start":{"line":8,"column":31},"end":{"line":8,"column":32}},"loc":{"start":{"line":8,"column":72},"end":{"line":21,"column":1}}},"1":{"name":"(anonymous_1)","decl":{"start":{"line":23,"column":35},"end":{"line":23,"column":36}},"loc":{"start":{"line":23,"column":76},"end":{"line":39,"column":1}}},"2":{"name":"(anonymous_2)","decl":{"start":{"line":41,"column":40},"end":{"line":41,"column":41}},"loc":{"start":{"line":41,"column":89},"end":{"line":50,"column":1}}}},"branchMap":{"0":{"loc":{"start":{"line":11,"column":2},"end":{"line":16,"column":null}},"type":"if","locations":[{"start":{"line":11,"column":2},"end":{"line":16,"column":null}}]},"1":{"loc":{"start":{"line":17,"column":2},"end":{"line":19,"column":null}},"type":"if","locations":[{"start":{"line":17,"column":2},"end":{"line":19,"column":null}}]},"2":{"loc":{"start":{"line":25,"column":2},"end":{"line":30,"column":null}},"type":"if","locations":[{"start":{"line":25,"column":2},"end":{"line":30,"column":null}}]},"3":{"loc":{"start":{"line":33,"column":2},"end":{"line":38,"column":null}},"type":"if","locations":[{"start":{"line":33,"column":2},"end":{"line":38,"column":null}}]},"4":{"loc":{"start":{"line":42,"column":2},"end":{"line":44,"column":null}},"type":"if","locations":[{"start":{"line":42,"column":2},"end":{"line":44,"column":null}}]},"5":{"loc":{"start":{"line":46,"column":2},"end":{"line":48,"column":null}},"type":"if","locations":[{"start":{"line":46,"column":2},"end":{"line":48,"column":null}}]}},"s":{"0":2,"1":2,"2":2,"3":2,"4":2,"5":0,"6":0,"7":0,"8":0,"9":0,"10":0,"11":2,"12":2,
[...]
tions":[{"start":{"line":559,"column":2},"end":{"line":577,"column":null}}]},"27":{"loc":{"start":{"line":574,"column":8},"end":{"line":574,"column":null}},"type":"if","locations":[{"start":{"line":574,"column":8},"end":{"line":574,"column":null}}]},"28":{"loc":{"start":{"line":602,"column":4},"end":{"line":633,"column":null}},"type":"if","locations":[{"start":{"line":602,"column":4},"end":{"line":633,"column":null}},{"start":{"line":605,"column":11},"end":{"line":633,"column":null}}]},"29":{"loc":{"start":{"line":605,"column":11},"end":{"line":633,"column":null}},"type":"if","locations":[{"start":{"line":605,"column":11},"end":{"line":633,"column":null}},{"start":{"line":608,"column":11},"end":{"line":633,"column":null}}]},"30":{"loc":{"start":{"line":609,"column":6},"end":{"line":611,"column":null}},"type":"if","locations":[{"start":{"line":609,"column":6},"end":{"line":611,"column":null}}]},"31":{"loc":{"start":{"line":612,"column":6},"end":{"line":632,"column":null}},"type":"if","locations":[{"start":{"line":612,"column":6},"end":{"line":632,"column":null}}]},"32":{"loc":{"start":{"line":616,"column":12},"end":{"line":629,"column":null}},"type":"if","locations":[{"start":{"line":616,"column":12},"end":{"line":629,"column":null}}]},"33":{"loc":{"start":{"line":626,"column":14},"end":{"line":628,"column":null}},"type":"if","locations":[{"start":{"line":626,"column":14},"end":{"line":628,"column":null}}]},"34":{"loc":{"start":{"line":663,"column":6},"end":{"line":704,"column":null}},"type":"if","locations":[{"start":{"line":663,"column":6},"end":{"line":704,"column":null}}]},"35":{"loc":{"start":{"line":674,"column":8},"end":{"line":703,"column":null}},"type":"if","locations":[{"start":{"line":674,"column":8},"end":{"line":703,"column":null}}]},"36":{"loc":{"start":{"line":676,"column":10},"end":{"line":702,"column":null}},"type":"if","locations":[{"start":{"line":676,"column":10},"end":{"line":702,"column":null}},{"start":{"line":686,"column":17},"end":{"line":702,"column":null}}]},"37":{"loc":{"start":{"line":678,"column":12},"end":{"line":685,"column":null}},"type":"if","locations":[{"start":{"line":678,"column":12},"end":{"line":685,"column":null}}]},"38":{"loc":{"start":{"line":686,"column":17},"end":{"line":702,"column":null}},"type":"if","locations":[{"start":{"line":686,"column":17},"end":{"line":702,"column":null}},{"start":{"line":693,"column":17},"end":{"line":702,"column":null}}]},"39":{"loc":{"start":{"line":688,"column":12},"end":{"line":692,"column":null}},"type":"if","locations":[{"start":{"line":688,"column":12},"end":{"line":692,"column":null}}]},"40":{"loc":{"start":{"line":695,"column":12},"end":{"line":701,"column":null}},"type":"if","locations":[{"start":{"line":695,"column":12},"end":{"line":701,"column":null}}]},"41":{"loc":{"start":{"line":718,"column":4},"end":{"line":718,"column":28}},"type":"if","locations":[{"start":{"line":718,"column":4},"end":{"line":718,"column":28}}]},"42":{"loc":{"start":{"line":728,"column":4},"end":{"line":742,"column":null}},"type":"if","locations":[{"start":{"line":728,"column":4},"end":{"line":742,"column":null}}]},"43":{"loc":{"start":{"line":737,"column":16},"end":{"line":737,"column":42}},"type":"binary-expr","locations":[{"start":{"line":737,"column":16},"end":{"line":737,"column":33}},{"start":{"line":737,"column":37},"end":{"line":737,"column":42}}]},"44":{"loc":{"start":{"line":766,"column":8},"end":{"line":768,"column":null}},"type":"if","locations":[{"start":{"line":766,"column":8},"end":{"line":768,"column":null}}]}},"s":{"0":1,"1":1,"2":1,"3":1,"4":1,"5":1,"6":1,"7":1,"8":1,"9":1,"10":1,"11":1,"12":0,"13":1,"14":1,"15":0,"16":0,"17":0,"18":0,"19":0,"20":0,"21":0,"22":0,"23":0,"24":0,"25":0,"26":0,"27":0,"28":0,"29":0,"30":0,"31":0,"32":0,"33":0,"34":0,"35":0,"36":0,"37":0,"38":0,"39":1,"40":1,"41":0,"42":0,"43":0,"44":0,"45":0,"46":0,"47":0,"48":0,"49":0,"50":0,"51":0,"52":0,"53":0,"54":0,"55":0,"56":1,"57":0,"58":0,"59":0,"60":0,"61":0,"62":0,"63":1,"64":0,"65":0,"66":0,"67":0,"68":0,"69":0,"70":0,"71":0,"72":0,"73":0,"74":0,"75":0,"76":0,"77":0,"78":0,"79":1,"80":0,"81":0,"82":0,"83":0,"84":0,"85":0,"86":0,"87":1,"88":0,"89":0,"90":0,"91":0,"92":0,"93":0,"94":0,"95":0,"96":0,"97":0,"98":0,"99":0,"100":0,"101":0,"102":0,"103":0,"104":0,"105":0,"106":0,"107":0,"108":0,"109":0,"110":0,"111":0,"112":0,"113":0,"114":0,"115":0,"116":0,"117":1,"118":0,"119":0,"120":0,"121":0,"122":0,"123":0,"124":0,"125":0,"126":0,"127":0,"128":1,"129":1,"130":0,"131":0,"132":0,"133":1,"134":1,"135":0,"136":0,"137":0,"138":0,"139":0,"140":0,"141":0,"142":1,"143":0,"144":0,"145":0,"146":0,"147":0,"148":0,"149":0,"150":0,"151":0,"152":0,"153":0,"154":0,"155":0,"156":0,"157":1,"158":0,"159":0,"160":0,"161":0,"162":0,"163":0,"164":0,"165":0,"166":0,"167":0,"168":1,"169":0,"170":0,"171":0,"172":0,"173":0,"174":0,"175":0,"176":0,"177":0,"178":0,"179":0,"180":1,"181":0,"182":0,"183":0,"184":0,"185":0,"186":0,"187":0,"188":0,"189":0,"190":0,"191":0,"192":0,"193":0,"194":0,"195":0,"196":0,"197":0,"198":0,"199":0,"200":1,"201":1,"202":0,"203":0,"204":0,"205":0,"206":0,"207":0,"208":0,"209":0,"210":0,"211":0,"212":0,"213":0,"214":0,"215":0,"216":0,"217":0,"218":0,"219":0,"220":0,"221":0,"222":0,"223":1,"224":1,"225":0,"226":0,"227":0,"228":0,"229":0,"230":0,"231":0,"232":0,"233":0,"234":0,"235":0,"236":0,"237":0,"238":0,"239":0,"240":0,"241":0,"242":1,"243":1,"244":0,"245":0,"246":0,"247":0,"248":0,"249":0,"250":0,"251":0,"252":1},"f":{"0":0,"1":0,"2":0,"3":0,"4":0,"5":0,"6":0,"7":0,"8":0,"9":0,"10":0,"11":0,"12":0,"13":0,"14":0,"15":0,"16":0,"17":0,"18":0,"19":0,"20":0,"21":0,"22":0,"23":0,"24":0,"25":0,"26":0,"27":0,"28":0,"29":0,"30":0,"31":0,"32":0,"33":0,"34":0,"35":0,"36":0,"37":0,"38":0},"b":{"0":[0,0],"1":[0,0],"2":[0],"3":[0,0],"4":[0,0],"5":[0,0],"6":[0,0],"7":[0],"8":[0,0],"9":[0,0],"10":[0,0],"11":[0],"12":[0,0],"13":[0,0],"14":[0,0],"15":[0],"16":[0,0],"17":[0,0],"18":[0,0],"19":[0,0],"20":[0],"21":[0],"22":[0],"23":[0],"24":[0],"25":[0],"26":[0],"27":[0],"28":[0,0],"29":[0,0],"30":[0],"31":[0],"32":[0],"33":[0],"34":[0],"35":[0],"36":[0,0],"37":[0],"38":[0,0],"39":[0],"40":[0],"41":[0],"42":[0],"43":[0,0],"44":[0]}}
,"/home/eddiedugan/Documents/nft/NFT-backend/packages/gql/src/service/nullPhoto.base64.ts": {"path":"/home/eddiedugan/Documents/nft/NFT-backend/packages/gql/src/service/nullPhoto.base64.ts","statementMap":{"0":{"start":{"line":1,"column":13},"end":{"line":1,"column":null}}},"fnMap":{},"branchMap":{},"s":{"0":2},"f":{},"b":{}}
,"/home/eddiedugan/Documents/nft/NFT-backend/packages/gql/src/service/rubik.base64.ts": {"path":"/home/eddiedugan/Documents/nft/NFT-backend/packages/gql/src/service/rubik.base64.ts","statementMap":{"0":{"start":{"line":1,"column":13},"end":{"line":1,"column":null}}},"fnMap":{},"branchMap":{},"s":{"0":2},"f":{},"b":{}}
,"/home/eddiedugan/Documents/nft/NFT-backend/packages/gql/src/service/rubikBlack.base64.ts": {"path":"/home/eddiedugan/Documents/nft/NFT-backend/packages/gql/src/service/rubikBlack.base64.ts","statementMap":{"0":{"start":{"line":1,"column":13},"end":{"line":1,"column":null}}},"fnMap":{},"branchMap":{},"s":{"0":2},"f":{},"b":{}}
,"/home/eddiedugan/Documents/nft/NFT-backend/packages/gql/src/service/sendgrid.service.ts": {"path":"/home/eddiedugan/Documents/nft/NFT-backend/packages/gql/src/service/sendgrid.service.ts","statementMap":{"0":{"start":{"line":1,"column":0},"end":{"line":1,"column":30}},"1":{"start":{"line":3,"column":0},"end":{"line":3,"column":45}},"2":{"start":{"line":4,"column":0},"end":{"line":4,"column":60}},"3":{"start":{"line":5,"column":0},"end":{"line":5,"column":37}},"4":{"start":{"line":7,"column":0},"end":{"line":7,"column":null}},"5":{"start":{"line":8,"column":15},"end":{"line":8,"column":81}},"6":{"start":{"line":9,"column":13},"end":{"line":12,"column":null}},"7":{"start":{"line":14,"column":18},"end":{"line":18,"column":null}},"8":{"start":{"line":20,"column":13},"end":{"line":26,"column":1}},"9":{"start":{"line":23,"column":2},"end":{"line":25,"column":null}},"10":{"start":{"line":24,"column":29},"end":{"line":24,"column":70}},"11":{"start":{"line":25,"column":32},"end":{"line":25,"column":70}},"12":{"start":{"line":28,"column":32},"end":{"line":40,"column":1}},"13":{"start":{"line":29,"column":2},"end":{"line":39,"column":null}},"14":{"start":{"line":30,"column":4},"end":{"line":30,"column":null}},"15":{"start":{"line":32,"column":4},"end":{"line":38,"column":null}},"16":{"start":{"line":38,"column":18},"end":{"line":38,"column":22}},"17":{"start":{"line":28,"column":13},"end":{"line":28,"column":32}},"18":{"start":{"line":42,"column":30},"end":{"line":53,"column":1}},"19":{"start":{"line":43,"column":2},"end":{"line":52,"column":null}},"20":{"start":{"line":44,"column":4},"end":{"line":44,"column":null}},"21":{"start":{"line":45,"column":4},"end":{"line":51,"column":null}},"22":{"start":{"line":51,"column":18},"end":{"line":51,"column":22}},"23":{"start":{"line":42,"column":13},"end":{"line":42,"column":30}},"24":{"start":{"line":55,"column":35},"end":{"line":77,"column":1}},"25":{"start":{"line":60,"column":2},"end":{"line":76,"column":null}},"26":{"start":{"line":61,"column":4},"end":{"line":61,"column":null}},"27":{"start":{"line":63,"column":4},"end":{"line":65,"column":null}},"28":{"start":{"line":64,"column":6},"end":{"line":64,"column":null}},"29":{"start":{"line":67,"column":4},"end":{"line":75,"column":null}},"30":{"start":{"line":75,"column":18},"end":{"line":75,"column":22}},"31":{"start":{"line":55,"column":13},"end":{"line":55,"column":35}},"32":{"start":{"line":79,"column":31},"end":{"line":99,"column":1}},"33":{"start":{"line":83,"column":2},"end":{"line":98,"column":null}},"34":{"start":{"line":84,"column":4},"end":{"line":84,"column":null}},"35":{"start":{"line":86,"column":4},"end":{"line":88,"column":null}},"36":{"start":{"line":87,"column":6},"end":{"line":87,"column":null}},"37":{"start":{"line":90,"column":4},"end":{"line":97,"column":null}},"38":{"start":{"line":97,"column":18},"end":{"line":97,"column":22}},"39":{"start":{"line":79,"column":13},"end":{"line":79,"column":31}},"40":{"start":{"line":101,"column":28},"end":{"line":123,"column":1}},"41":{"start":{"line":106,"column":2},"end":{"line":122,"column":null}},"42":{"start":{"line":107,"column":4},"end":{"line":107,"column":null}},"43":{"start":{"line":109,"column":4},"end":{"line":111,"column":null}},"44":{"start":{"line":110,"column":6},"end":{"line":110,"column":null}},"45":{"start":{"line":113,"column":4},"end":{"line":121,"column":null}},"46":{"start":{"line":121,"column":18},"end":{"line":121,"column":22}},"47":{"start":{"line":101,"column":13},"end":{"line":101,"column":28}},"48":{"start":{"line":125,"column":46},"end":{"line":144,"column":1}},"49":{"start":{"line":129,"column":2},"end":{"line":143,"column":null}},"50":{"start":{"line":130,"column":4},"end":{"line":130,"column":null}},"51":{"start":{"line":132,"column":4},"end":{"line":134,"column":null}},"52":{"start":{"line":133,"column":6},"end":{"line":133,"column":null}},"53":{"start":{"line":137,"column":4},"end":{"line":142,"column":null}},"54":{"start":{"line":142,"column":18},"end":{"line":142,"column":22}},"55":{"start":{"line":125,"column":13},"end":{"line":125,"column":46}}},"fnMap":{"0":{"name":"(anonymous_0)","decl":{"start":{"line":20,"column":13},"end":{"line":20,"column":null}},"loc":{"start":{"line":22,"column":22},"end":{"line":26,"column":1}}},"1":{"name":"(anonymous_1)","decl":{"start":{"line":24,"column":17},"end":{"line":24,"column":18}},"loc":{"start":{"line":24,"column":29},"end":{"line":24,"column":70}}},"2":{"name":"(anonymous_2)","decl":{"start":{"line":25,"column":23},"end":{"line":25,"column":24}},"loc":{"start":{"line":25,"column":32},"end":{"line":25,"column":70}}},"3":{"name":"(anonymous_3)","decl":{"start":{"line":28,"column":32},"end":{"line":28,"column":33}},"loc":{"start":{"line":28,"column":72},"end":{"line":40,"column":1}}},"4":{"name":"(anonymous_4)","decl":{"start":{"line":38,"column":12},"end":{"line":38,"column":15}},"loc":{"start":{"line":38,"column":18},"end":{"line":38,"column":22}}},"5":{"name":"(anonymous_5)","decl":{"start":{"line":42,"column":30},"end":{"line":42,"column":31}},"loc":{"start":{"line":42,"column":94},"end":{"line":53,"column":1}}},"6":{"name":"(anonymous_6)","decl":{"start":{"line":51,"column":12},"end":{"line":51,"column":15}},"loc":{"start":{"line":51,"column":18},"end":{"line":51,"column":22}}},"7":{"name":"(anonymous_7)","decl":{"start":{"line":55,"column":35},"end":{"line":55,"column":null}},"loc":{"start":{"line":59,"column":22},"end":{"line":77,"column":1}}},"8":{"name":"(anonymous_8)","decl":{"start":{"line":75,"column":12},"end":{"line":75,"column":15}},"loc":{"start":{"line":75,"column":18},"end":{"line":75,"column":22}}},"9":{"name":"(anonymous_9)","decl":{"start":{"line":79,"column":31},"end":{"line":79,"column":null}},"loc":{"start":{"line":82,"column":22},"end":{"line":99,"column":1}}},"10":{"name":"(anonymous_10)","decl":{"start":{"line":97,"column":12},"end":{"line":97,"column":15}},"loc":{"start":{"line":97,"column":18},"end":{"line":97,"column":22}}},"11":{"name":"(anonymous_11)","decl":{"start":{"line":101,"column":28},"end":{"line":101,"column":null}},"loc":{"start":{"line":105,"column":22},"end":{"line":123,"column":1}}},"12":{"name":"(anonymous_12)","decl":{"start":{"line":121,"column":12},"end":{"line":121,"column":15}},"loc":{"start":{"line":121,"column":18},"end":{"line":121,"column":22}}},"13":{"name":"(anonymous_13)","decl":{"start":{"line":125,"column":46},"end":{"line":125,"column":null}},"loc":{"start":{"line":128,"column":22},"end":{"line":144,"column":1}}},"14":{"name":"(anonymous_14)","decl":{"start":{"line":142,"column":12},"end":{"line":142,"column":15}},"loc":{"start":{"line":142,"column":18},"end":{"line":142,"column":22}}}},"branchMap":{"0":{"loc":{"start":{"line":29,"column":2},"end":{"line":39,"column":null}},"type":"if","locations":[{"start":{"line":29,"column":2},"end":{"line":39,"column":null}}]},"1":{"loc":{"start":{"line":43,"column":2},"end":{"line":52,"column":null}},"type":"if","locations":[{"start":{"line":43,"column":2},"end":{"line":52,"column":null}}]},"2":{"loc":{"start":{"line":60,"column":2},"end":{"line":76,"column":null}},"type":"if","locations":[{"start":{"line":60,"column":2},"end":{"line":76,"column":null}}]},"3":{"loc":{"start":{"line":63,"column":4},"end":{"line":65,"column":null}},"type":"if","locations":[{"start":{"line":63,"column":4},"end":{"line":65,"column":null}}]},"4":{"loc":{"start":{"line":83,"column":2},"end":{"line":98,"column":null}},"type":"if","locations":[{"start":{"line":83,"column":2},"end":{"line":98,"column":null}}]},"5":{"loc":{"start":{"line":86,"column":4},"end":{"line":88,"column":null}},"type":"if","locations":[{"start":{"line":86,"column":4},"end":{"line":88,"column":null}}]},"6":{"loc":{"start":{"line":86,"column":23},"end":{"line":86,"column":70}},"type":"binary-expr","locations":[{"start":{"line":86,"column":23},"end":{"line":86,"column":61}},{"start":{"line":86,"column":65},"end":{"line":86,"column":70}}]},"7":{"loc":{"start":{"line":106,"column":2},"end":{"line":122,"column":null}},"type":"if","locations":[{"start":{"line":106,"column":2},"end":{"line":122,"column":null}}]},"8":{"loc":{"start":{"line":109,"column":4},"end":{"line":111,"column":null}},"type":"if","locations":[{"start":{"line":109,"column":4},"end":{"line":111,"column":null}}]},"9":{"loc":{"start":{"line":109,"column":23},"end":{"line":109,"column":79}},"type":"binary-expr","locations":[{"start":{"line":109,"column":23},"end":{"line":109,"column":70}},{"start":{"line":109,"column":74},"end":{"line":109,"column":79}}]},"10":{"loc":{"start":{"line":129,"column":2},"end":{"line":143,"column":null}},"type":"if","locations":[{"start":{"line":129,"column":2},"end":{"line":143,"column":null}}]},"11":{"loc":{"start":{"line":132,"column":4},"end":{"line":134,"column":null}},"type":"if","locations":[{"start":{"line":132,"column":4},"end":{"line":134,"column":null}}]}},"s":{"0":2,"1":2,"2":2,"3":2,"4":2,"5":2,"6":2,"7":2,"8":2,"9":0,"10":0,"11":0,"12":2,"13":0,"14":0,"15":0,"16":0,"17":2,"18":2,"19":0,"20":0,"21":0,"22":0,"23":2,"24":2,"25":0,"26":0,"27":0,"28":0,"29":0,"30":0,"31":2,"32":2,"33":0,"34":0,"35":0,"36":0,"37":0,"38":0,"39":2,"40":2,"41":0,"42":0,"43":0,"44":0,"45":0,"46":0,"47":2,"48":2,"49":0,"50":0,"51":0,"52":0,"53":0,"54":0,"55":2},"f":{"0":0,"1":0,"2":0,"3":0,"4":0,"5":0,"6":0,"7":0,"8":0,"9":0,"10":0,"11":0,"12":0,"13":0,"14":0},"b":{"0":[0],"1":[0],"2":[0],"3":[0],"4":[0],"5":[0],"6":[0,0],"7":[0],"8":[0],"9":[0,0],"10":[0],"11":[0]}}
,"/home/eddiedugan/Documents/nft/NFT-backend/packages/gql/src/test/util/testApolloServer.ts": {"path":"/home/eddiedugan/Documents/nft/NFT-backend/packages/gql/src/test/util/testApolloServer.ts","statementMap":{"0":{"start":{"line":1,"column":0},"end":{"line":1,"column":52}},"1":{"start":{"line":3,"column":0},"end":{"line":3,"column":54}},"2":{"start":{"line":4,"column":0},"end":{"line":4,"column":48}},"3":{"start":{"line":10,"column":2},"end":{"line":23,"column":null}},"4":{"start":{"line":14,"column":6},"end":{"line":20,"column":null}},"5":{"start":{"line":7,"column":0},"end":{"line":7,"column":16}}},"fnMap":{"0":{"name":"getTestApolloServer","decl":{"start":{"line":7,"column":16},"end":{"line":7,"column":35}},"loc":{"start":{"line":8,"column":23},"end":{"line":24,"column":1}}},"1":{"name":"(anonymous_1)","decl":{"start":{"line":13,"column":13},"end":{"line":13,"column":16}},"loc":{"start":{"line":13,"column":18},"end":{"line":21,"column":5}}}},"branchMap":{},"s":{"0":1,"1":1,"2":1,"3":0,"4":0,"5":1},"f":{"0":0,"1":0},"b":{}}
,"/home/eddiedugan/Documents/nft/NFT-backend/packages/gql/src/test/util/testDatabase.ts": {"path":"/home/eddiedugan/Documents/nft/NFT-backend/packages/gql/src/test/util/testDatabase.ts","statementMap":{"0":{"start":{"line":1,"column":0},"end":{"line":1,"column":57}},"1":{"start":{"line":3,"column":0},"end":{"line":3,"column":38}},"2":{"start":{"line":4,"column":0},"end":{"line":4,"column":50}},"3":{"start":{"line":6,"column":19},"end":{"line":60,"column":null}},"4":{"start":{"line":8,"column":21},"end":{"line":22,"column":null}},"5":{"start":{"line":23,"column":4},"end":{"line":43,"column":null}},"6":{"start":{"line":41,"column":6},"end":{"line":41,"column":null}},"7":{"start":{"line":42,"column":6},"end":{"line":42,"column":null}},"8":{"start":{"line":47,"column":4},"end":{"line":47,"column":null}},"9":{"start":{"line":51,"column":23},"end":{"line":51,"column":38}},"10":{"start":{"line":52,"column":4},"end":{"line":52,"column":null}},"11":{"start":{"line":53,"column":21},"end":{"line":53,"column":47}},"12":{"start":{"line":55,"column":4},"end":{"line":58,"column":null}},"13":{"start":{"line":56,"column":25},"end":{"line":56,"column":62}},"14":{"start":{"line":57,"column":6},"end":{"line":57,"column":null}},"15":{"start":{"line":61,"column":0},"end":{"line":61,"column":null}}},"fnMap":{"0":{"name":"(anonymous_0)","decl":{"start":{"line":7,"column":2},"end":{"line":7,"column":7}},"loc":{"start":{"line":7,"column":14},"end":{"line":44,"column":3}}},"1":{"name":"(anonymous_1)","decl":{"start":{"line":40,"column":12},"end":{"line":40,"column":15}},"loc":{"start":{"line":40,"column":17},"end":{"line":43,"column":5}}},"2":{"name":"(anonymous_2)","decl":{"start":{"line":46,"column":2},"end":{"line":46,"column":7}},"loc":{"start":{"line":46,"column":13},"end":{"line":48,"column":3}}},"3":{"name":"(anonymous_3)","decl":{"start":{"line":50,"column":2},"end":{"line":50,"column":7}},"loc":{"start":{"line":50,"column":13},"end":{"line":59,"column":3}}},"4":{"name":"(anonymous_4)","decl":{"start":{"line":55,"column":21},"end":{"line":55,"column":26}},"loc":{"start":{"line":55,"column":38},"end":{"line":58,"column":5}}}},"branchMap":{},"s":{"0":1,"1":1,"2":1,"3":1,"4":1,"5":1,"6":0,"7":0,"8":1,"9":0,"10":0,"11":0,"12":0,"13":0,"14":0,"15":1},"f":{"0":1,"1":0,"2":1,"3":0,"4":0},"b":{}}
}
