{"/Users/jasonliu/Business/NFT/NFT-backend/packages/gql/src/service/opeansea.service.ts": {"path":"/Users/jasonliu/Business/NFT/NFT-backend/packages/gql/src/service/opeansea.service.ts","statementMap":{"0":{"start":{"line":1,"column":0},"end":{"line":1,"column":25}},"1":{"start":{"line":2,"column":0},"end":{"line":2,"column":36}},"2":{"start":{"line":4,"column":0},"end":{"line":4,"column":38}},"3":{"start":{"line":5,"column":24},"end":{"line":5,"column":51}},"4":{"start":{"line":6,"column":37},"end":{"line":6,"column":80}},"5":{"start":{"line":7,"column":29},"end":{"line":7,"column":63}},"6":{"start":{"line":8,"column":14},"end":{"line":8,"column":16}},"7":{"start":{"line":27,"column":37},"end":{"line":70,"column":1}},"8":{"start":{"line":34,"column":18},"end":{"line":34,"column":87}},"9":{"start":{"line":35,"column":17},"end":{"line":42,"column":null}},"10":{"start":{"line":43,"column":2},"end":{"line":69,"column":null}},"11":{"start":{"line":44,"column":46},"end":{"line":44,"column":48}},"12":{"start":{"line":45,"column":17},"end":{"line":45,"column":18}},"13":{"start":{"line":47,"column":4},"end":{"line":63,"column":null}},"14":{"start":{"line":48,"column":6},"end":{"line":48,"column":null}},"15":{"start":{"line":50,"column":6},"end":{"line":52,"column":null}},"16":{"start":{"line":51,"column":8},"end":{"line":51,"column":null}},"17":{"start":{"line":53,"column":18},"end":{"line":53,"column":46}},"18":{"start":{"line":54,"column":6},"end":{"line":62,"column":null}},"19":{"start":{"line":55,"column":23},"end":{"line":55,"column":64}},"20":{"start":{"line":56,"column":8},"end":{"line":56,"column":null}},"21":{"start":{"line":57,"column":8},"end":{"line":61,"column":null}},"22":{"start":{"line":58,"column":10},"end":{"line":58,"column":15}},"23":{"start":{"line":60,"column":10},"end":{"line":60,"column":null}},"24":{"start":{"line":64,"column":4},"end":{"line":64,"column":null}},"25":{"start":{"line":66,"column":4},"end":{"line":66,"column":null}},"26":{"start":{"line":67,"column":4},"end":{"line":67,"column":null}},"27":{"start":{"line":68,"column":4},"end":{"line":68,"column":null}},"28":{"start":{"line":27,"column":13},"end":{"line":27,"column":37}},"29":{"start":{"line":72,"column":37},"end":{"line":99,"column":1}},"30":{"start":{"line":79,"column":2},"end":{"line":98,"column":null}},"31":{"start":{"line":80,"column":4},"end":{"line":80,"column":null}},"32":{"start":{"line":82,"column":4},"end":{"line":82,"column":null}},"33":{"start":{"line":83,"column":4},"end":{"line":88,"column":null}},"34":{"start":{"line":89,"column":4},"end":{"line":97,"column":null}},"35":{"start":{"line":90,"column":21},"end":{"line":90,"column":49}},"36":{"start":{"line":91,"column":21},"end":{"line":91,"column":65}},"37":{"start":{"line":92,"column":6},"end":{"line":92,"column":null}},"38":{"start":{"line":94,"column":6},"end":{"line":94,"column":null}},"39":{"start":{"line":95,"column":6},"end":{"line":95,"column":null}},"40":{"start":{"line":96,"column":6},"end":{"line":96,"column":null}},"41":{"start":{"line":72,"column":13},"end":{"line":72,"column":37}}},"fnMap":{"0":{"name":"(anonymous_0)","decl":{"start":{"line":27,"column":37},"end":{"line":27,"column":42}},"loc":{"start":{"line":32,"column":49},"end":{"line":70,"column":1}}},"1":{"name":"(anonymous_1)","decl":{"start":{"line":50,"column":50},"end":{"line":50,"column":51}},"loc":{"start":{"line":50,"column":65},"end":{"line":52,"column":7}}},"2":{"name":"(anonymous_2)","decl":{"start":{"line":72,"column":37},"end":{"line":72,"column":42}},"loc":{"start":{"line":76,"column":49},"end":{"line":99,"column":1}}}},"branchMap":{"0":{"loc":{"start":{"line":34,"column":18},"end":{"line":34,"column":87}},"type":"cond-expr","locations":[{"start":{"line":34,"column":36},"end":{"line":34,"column":64}},{"start":{"line":34,"column":67},"end":{"line":34,"column":87}}]},"1":{"loc":{"start":{"line":35,"column":17},"end":{"line":42,"column":null}},"type":"cond-expr","locations":[{"start":{"line":35,"column":35},"end":{"line":37,"column":4}},{"start":{"line":37,"column":7},"end":{"line":42,"column":null}}]},"2":{"loc":{"start":{"line":54,"column":6},"end":{"line":62,"column":null}},"type":"if","locations":[{"start":{"line":54,"column":6},"end":{"line":62,"column":null}}]},"3":{"loc":{"start":{"line":54,"column":10},"end":{"line":54,"column":44}},"type":"binary-expr","locations":[{"start":{"line":54,"column":10},"end":{"line":54,"column":13}},{"start":{"line":54,"column":17},"end":{"line":54,"column":25}},{"start":{"line":54,"column":29},"end":{"line":54,"column":44}}]},"4":{"loc":{"start":{"line":57,"column":8},"end":{"line":61,"column":null}},"type":"if","locations":[{"start":{"line":57,"column":8},"end":{"line":61,"column":null}},{"start":{"line":59,"column":15},"end":{"line":61,"column":null}}]},"5":{"loc":{"start":{"line":79,"column":2},"end":{"line":98,"column":null}},"type":"if","locations":[{"start":{"line":79,"column":2},"end":{"line":98,"column":null}},{"start":{"line":81,"column":9},"end":{"line":98,"column":null}}]}},"s":{"0":1,"1":1,"2":1,"3":1,"4":1,"5":1,"6":1,"7":1,"8":8,"9":8,"10":8,"11":8,"12":8,"13":8,"14":8,"15":8,"16":0,"17":8,"18":6,"19":6,"20":6,"21":6,"22":6,"23":0,"24":6,"25":2,"26":2,"27":2,"28":1,"29":1,"30":0,"31":0,"32":0,"33":0,"34":0,"35":0,"36":0,"37":0,"38":0,"39":0,"40":0,"41":1},"f":{"0":8,"1":0,"2":0},"b":{"0":[7,1],"1":[7,1],"2":[6],"3":[6,6,6],"4":[6,0],"5":[0,0]}}
}
