TN:
SF:src/service/opeansea.service.ts
FN:27,(anonymous_0)
FN:50,(anonymous_1)
FN:72,(anonymous_2)
FNF:3
FNH:1
FNDA:8,(anonymous_0)
FNDA:0,(anonymous_1)
FNDA:0,(anonymous_2)
DA:1,1
DA:2,1
DA:4,1
DA:5,1
DA:6,1
DA:7,1
DA:8,1
DA:27,1
DA:34,8
DA:35,8
DA:43,8
DA:44,8
DA:45,8
DA:47,8
DA:48,8
DA:50,8
DA:51,0
DA:53,8
DA:54,6
DA:55,6
DA:56,6
DA:57,6
DA:58,6
DA:60,0
DA:64,6
DA:66,2
DA:67,2
DA:68,2
DA:72,1
DA:79,0
DA:80,0
DA:82,0
DA:83,0
DA:89,0
DA:90,0
DA:91,0
DA:92,0
DA:94,0
DA:95,0
DA:96,0
LF:40
LH:27
BRDA:34,0,0,7
BRDA:34,0,1,1
BRDA:35,1,0,7
BRDA:35,1,1,1
BRDA:54,2,0,6
BRDA:54,3,0,6
BRDA:54,3,1,6
BRDA:54,3,2,6
BRDA:57,4,0,6
BRDA:57,4,1,0
BRDA:79,5,0,0
BRDA:79,5,1,0
BRF:12
BRH:9
end_of_record
