TN:
SF:src/config.ts
FN:8,(anonymous_0)
FN:12,(anonymous_1)
FN:27,(anonymous_2)
FN:40,(anonymous_3)
FN:59,(anonymous_4)
FN:61,(anonymous_5)
FN:81,(anonymous_6)
FN:84,(anonymous_7)
FN:85,(anonymous_8)
FNF:9
FNH:3
FNDA:0,(anonymous_0)
FNDA:14,(anonymous_1)
FNDA:0,(anonymous_2)
FNDA:0,(anonymous_3)
FNDA:2,(anonymous_4)
FNDA:2,(anonymous_5)
FNDA:0,(anonymous_6)
FNDA:0,(anonymous_7)
FNDA:0,(anonymous_8)
DA:1,2
DA:3,2
DA:5,2
DA:6,2
DA:8,2
DA:9,0
DA:12,2
DA:13,14
DA:14,14
DA:15,14
DA:17,0
DA:20,2
DA:21,2
DA:22,2
DA:23,2
DA:24,2
DA:25,2
DA:27,2
DA:28,0
DA:31,0
DA:32,0
DA:34,0
DA:35,0
DA:36,0
DA:40,2
DA:41,0
DA:44,2
DA:49,2
DA:59,2
DA:60,2
DA:61,2
DA:62,2
DA:63,2
DA:64,2
DA:65,2
DA:69,2
DA:73,2
DA:75,2
DA:81,2
DA:82,0
DA:84,2
DA:85,0
DA:87,2
LF:43
LH:32
BRDA:14,0,0,14
BRDA:20,1,0,2
BRDA:20,1,1,0
BRDA:32,2,0,0
BRDA:32,2,1,0
BRDA:45,3,0,2
BRDA:45,3,1,2
BRDA:46,4,0,2
BRDA:46,4,1,0
BRDA:50,5,0,2
BRDA:50,5,1,2
BRDA:51,6,0,2
BRDA:51,6,1,0
BRDA:52,7,0,2
BRDA:52,7,1,2
BRDA:53,8,0,2
BRDA:53,8,1,0
BRDA:54,9,0,2
BRDA:54,9,1,2
BRDA:55,10,0,2
BRDA:55,10,1,2
BRDA:64,11,0,2
BRDA:64,11,1,2
BRF:23
BRH:17
end_of_record
TN:
SF:src/server.ts
FN:38,(anonymous_0)
FN:41,(anonymous_1)
FN:73,(anonymous_2)
FN:92,(anonymous_3)
FN:99,(anonymous_4)
FN:114,(anonymous_5)
FN:143,(anonymous_6)
FN:147,(anonymous_7)
FN:166,(anonymous_8)
FN:221,(anonymous_9)
FN:228,(anonymous_10)
FNF:11
FNH:0
FNDA:0,(anonymous_0)
FNDA:0,(anonymous_1)
FNDA:0,(anonymous_2)
FNDA:0,(anonymous_3)
FNDA:0,(anonymous_4)
FNDA:0,(anonymous_5)
FNDA:0,(anonymous_6)
FNDA:0,(anonymous_7)
FNDA:0,(anonymous_8)
FNDA:0,(anonymous_9)
FNDA:0,(anonymous_10)
DA:1,1
DA:2,1
DA:3,1
DA:4,1
DA:5,1
DA:6,1
DA:7,1
DA:9,1
DA:10,1
DA:11,1
DA:13,1
DA:14,1
DA:15,1
DA:16,1
DA:19,1
DA:21,1
DA:22,1
DA:24,1
DA:25,1
DA:26,1
DA:27,1
DA:29,1
DA:38,1
DA:39,0
DA:41,1
DA:42,0
DA:44,0
DA:46,0
DA:47,0
DA:48,0
DA:49,0
DA:50,0
DA:51,0
DA:52,0
DA:53,0
DA:54,0
DA:55,0
DA:56,0
DA:58,0
DA:59,0
DA:62,0
DA:73,1
DA:74,0
DA:75,0
DA:76,0
DA:77,0
DA:84,0
DA:92,1
DA:97,0
DA:98,0
DA:100,0
DA:101,0
DA:102,0
DA:104,0
DA:105,0
DA:106,0
DA:108,0
DA:109,0
DA:114,1
DA:115,0
DA:116,0
DA:119,0
DA:121,0
DA:137,0
DA:139,0
DA:140,0
DA:143,0
DA:144,0
DA:146,0
DA:148,0
DA:149,0
DA:156,0
DA:166,0
DA:167,0
DA:169,0
DA:170,0
DA:171,0
DA:192,0
DA:199,0
DA:201,0
DA:215,0
DA:216,0
DA:217,0
DA:219,0
DA:220,0
DA:221,0
DA:222,0
DA:223,0
DA:225,0
DA:228,1
DA:229,0
DA:230,0
DA:232,0
LF:93
LH:28
BRDA:44,0,0,0
BRDA:44,0,1,0
BRDA:44,1,0,0
BRDA:44,1,1,0
BRDA:46,2,0,0
BRDA:46,2,1,0
BRDA:47,3,0,0
BRDA:47,3,1,0
BRDA:48,4,0,0
BRDA:48,4,1,0
BRDA:49,5,0,0
BRDA:49,5,1,0
BRDA:54,6,0,0
BRDA:75,7,0,0
BRDA:75,7,1,0
BRDA:76,8,0,0
BRDA:76,8,1,0
BRDA:94,9,0,0
BRDA:101,10,0,0
BRDA:101,11,0,0
BRDA:101,11,1,0
BRDA:104,12,0,0
BRDA:104,13,0,0
BRDA:104,13,1,0
BRDA:115,14,0,0
BRDA:148,15,0,0
BRDA:148,15,1,0
BRDA:158,16,0,0
BRDA:158,16,1,0
BRDA:159,17,0,0
BRDA:159,17,1,0
BRDA:160,18,0,0
BRDA:160,18,1,0
BRDA:169,19,0,0
BRDA:169,19,1,0
BRDA:169,20,0,0
BRDA:169,20,1,0
BRDA:169,20,2,0
BRDA:209,21,0,0
BRDA:209,21,1,0
BRDA:222,22,0,0
BRDA:229,23,0,0
BRF:42
BRH:0
end_of_record
TN:
SF:src/defs/gql.ts
FN:45,(anonymous_0)
FN:57,(anonymous_1)
FN:85,(anonymous_2)
FN:112,(anonymous_3)
FN:641,(anonymous_4)
FN:652,(anonymous_5)
FN:742,(anonymous_6)
FN:751,(anonymous_7)
FN:1125,(anonymous_8)
FNF:9
FNH:9
FNDA:2,(anonymous_0)
FNDA:2,(anonymous_1)
FNDA:2,(anonymous_2)
FNDA:2,(anonymous_3)
FNDA:2,(anonymous_4)
FNDA:2,(anonymous_5)
FNDA:2,(anonymous_6)
FNDA:2,(anonymous_7)
FNDA:2,(anonymous_8)
DA:45,2
DA:46,2
DA:47,2
DA:48,2
DA:49,2
DA:57,2
DA:58,2
DA:59,2
DA:60,2
DA:61,2
DA:85,2
DA:86,2
DA:87,2
DA:88,2
DA:112,2
DA:113,2
DA:114,2
DA:641,2
DA:642,2
DA:643,2
DA:644,2
DA:652,2
DA:653,2
DA:654,2
DA:655,2
DA:656,2
DA:657,2
DA:658,2
DA:742,2
DA:743,2
DA:744,2
DA:751,2
DA:752,2
DA:753,2
DA:754,2
DA:1125,2
DA:1126,2
DA:1127,2
DA:1128,2
LF:39
LH:39
BRDA:45,0,0,2
BRDA:45,0,1,2
BRDA:57,1,0,2
BRDA:57,1,1,2
BRDA:85,2,0,2
BRDA:85,2,1,2
BRDA:112,3,0,2
BRDA:112,3,1,2
BRDA:641,4,0,2
BRDA:641,4,1,2
BRDA:652,5,0,2
BRDA:652,5,1,2
BRDA:742,6,0,2
BRDA:742,6,1,2
BRDA:751,7,0,2
BRDA:751,7,1,2
BRDA:1125,8,0,2
BRDA:1125,8,1,2
BRF:18
BRH:18
end_of_record
TN:
SF:src/defs/index.ts
FNF:0
FNH:0
DA:1,2
DA:2,2
LF:2
LH:2
BRF:0
BRH:0
end_of_record
TN:
SF:src/defs/misc.ts
FN:22,(anonymous_0)
FN:36,(anonymous_1)
FN:52,(anonymous_2)
FN:55,(anonymous_3)
FN:77,(anonymous_4)
FN:81,(anonymous_5)
FN:103,(anonymous_6)
FNF:7
FNH:3
FNDA:1,(anonymous_0)
FNDA:0,(anonymous_1)
FNDA:1,(anonymous_2)
FNDA:1,(anonymous_3)
FNDA:0,(anonymous_4)
FNDA:0,(anonymous_5)
FNDA:0,(anonymous_6)
DA:2,2
DA:22,2
DA:23,1
DA:25,0
DA:27,0
DA:30,1
DA:32,0
DA:36,2
DA:37,0
DA:39,0
DA:41,0
DA:43,0
DA:45,0
DA:47,0
DA:52,2
DA:55,1
DA:56,1
DA:57,1
DA:60,1
DA:61,1
DA:62,0
DA:63,0
DA:64,0
DA:67,0
DA:77,2
DA:80,0
DA:81,0
DA:82,0
DA:83,0
DA:84,0
DA:85,0
DA:86,0
DA:100,0
DA:103,2
DA:107,0
DA:108,0
DA:109,0
LF:37
LH:13
BRDA:23,0,0,0
BRDA:23,0,1,0
BRDA:23,0,2,1
BRDA:23,0,3,1
BRDA:23,0,4,0
BRDA:37,1,0,0
BRDA:37,1,1,0
BRDA:37,1,2,0
BRDA:37,1,3,0
BRDA:37,1,4,0
BRDA:60,2,0,1
BRDA:60,2,1,0
BRDA:62,3,0,0
BRDA:84,4,0,0
BRDA:84,5,0,0
BRDA:84,5,1,0
BRF:16
BRH:3
end_of_record
TN:
SF:src/error/app.error.ts
FN:5,(anonymous_0)
FN:11,(anonymous_1)
FN:18,(anonymous_2)
FN:25,(anonymous_3)
FN:32,(anonymous_4)
FN:39,(anonymous_5)
FN:46,(anonymous_6)
FN:53,(anonymous_7)
FNF:8
FNH:2
FNDA:2,(anonymous_0)
FNDA:0,(anonymous_1)
FNDA:0,(anonymous_2)
FNDA:0,(anonymous_3)
FNDA:0,(anonymous_4)
FNDA:0,(anonymous_5)
FNDA:3,(anonymous_6)
FNDA:0,(anonymous_7)
DA:1,2
DA:3,2
DA:5,2
DA:6,2
DA:7,2
DA:8,2
DA:11,2
DA:12,0
DA:18,2
DA:19,0
DA:25,2
DA:26,0
DA:32,2
DA:33,0
DA:39,2
DA:40,0
DA:46,2
DA:47,3
DA:53,2
DA:57,0
LF:20
LH:14
BRDA:5,0,0,2
BRDA:5,0,1,2
BRDA:55,1,0,0
BRF:3
BRH:2
end_of_record
TN:
SF:src/error/approval.error.ts
FN:1,(anonymous_0)
FN:6,(anonymous_1)
FN:8,(anonymous_2)
FNF:3
FNH:1
FNDA:2,(anonymous_0)
FNDA:0,(anonymous_1)
FNDA:0,(anonymous_2)
DA:1,2
DA:2,2
DA:3,2
DA:6,2
DA:8,2
LF:5
LH:5
BRDA:1,0,0,2
BRDA:1,0,1,2
BRF:2
BRH:2
end_of_record
TN:
SF:src/error/curation.error.ts
FN:1,(anonymous_0)
FN:6,(anonymous_1)
FN:8,(anonymous_2)
FNF:3
FNH:1
FNDA:2,(anonymous_0)
FNDA:0,(anonymous_1)
FNDA:0,(anonymous_2)
DA:1,2
DA:2,2
DA:3,2
DA:6,2
DA:8,2
LF:5
LH:5
BRDA:1,0,0,2
BRDA:1,0,1,2
BRF:2
BRH:2
end_of_record
TN:
SF:src/error/http.code.ts
FN:1,(anonymous_0)
FNF:1
FNH:1
FNDA:2,(anonymous_0)
DA:1,2
DA:2,2
DA:3,2
DA:4,2
DA:5,2
DA:6,2
DA:7,2
LF:7
LH:7
BRDA:1,0,0,2
BRDA:1,0,1,2
BRF:2
BRH:2
end_of_record
TN:
SF:src/error/index.ts
FNF:0
FNH:0
DA:1,2
DA:2,2
DA:3,2
DA:4,2
DA:5,2
DA:6,2
DA:7,2
DA:8,2
DA:9,2
DA:10,2
DA:11,2
LF:11
LH:11
BRF:0
BRH:0
end_of_record
TN:
SF:src/error/marketAsk.error.ts
FN:1,(anonymous_0)
FN:14,(anonymous_1)
FN:16,(anonymous_2)
FN:18,(anonymous_3)
FN:20,(anonymous_4)
FN:22,(anonymous_5)
FN:24,(anonymous_6)
FN:26,(anonymous_7)
FN:28,(anonymous_8)
FN:30,(anonymous_9)
FN:32,(anonymous_10)
FNF:11
FNH:1
FNDA:2,(anonymous_0)
FNDA:0,(anonymous_1)
FNDA:0,(anonymous_2)
FNDA:0,(anonymous_3)
FNDA:0,(anonymous_4)
FNDA:0,(anonymous_5)
FNDA:0,(anonymous_6)
FNDA:0,(anonymous_7)
FNDA:0,(anonymous_8)
FNDA:0,(anonymous_9)
FNDA:0,(anonymous_10)
DA:1,2
DA:2,2
DA:3,2
DA:4,2
DA:5,2
DA:6,2
DA:7,2
DA:8,2
DA:9,2
DA:10,2
DA:11,2
DA:14,2
DA:16,2
DA:18,2
DA:20,2
DA:22,2
DA:24,2
DA:26,2
DA:28,2
DA:30,2
DA:32,2
LF:21
LH:21
BRDA:1,0,0,2
BRDA:1,0,1,2
BRF:2
BRH:2
end_of_record
TN:
SF:src/error/marketBid.error.ts
FN:1,(anonymous_0)
FN:12,(anonymous_1)
FN:14,(anonymous_2)
FN:16,(anonymous_3)
FN:18,(anonymous_4)
FN:20,(anonymous_5)
FN:22,(anonymous_6)
FN:24,(anonymous_7)
FN:26,(anonymous_8)
FNF:9
FNH:1
FNDA:2,(anonymous_0)
FNDA:0,(anonymous_1)
FNDA:0,(anonymous_2)
FNDA:0,(anonymous_3)
FNDA:0,(anonymous_4)
FNDA:0,(anonymous_5)
FNDA:0,(anonymous_6)
FNDA:0,(anonymous_7)
FNDA:0,(anonymous_8)
DA:1,2
DA:2,2
DA:3,2
DA:4,2
DA:5,2
DA:6,2
DA:7,2
DA:8,2
DA:9,2
DA:12,2
DA:14,2
DA:16,2
DA:18,2
DA:20,2
DA:22,2
DA:24,2
DA:26,2
LF:17
LH:17
BRDA:1,0,0,2
BRDA:1,0,1,2
BRF:2
BRH:2
end_of_record
TN:
SF:src/error/marketSwap.error.ts
FN:1,(anonymous_0)
FN:7,(anonymous_1)
FN:9,(anonymous_2)
FN:11,(anonymous_3)
FNF:4
FNH:1
FNDA:2,(anonymous_0)
FNDA:0,(anonymous_1)
FNDA:0,(anonymous_2)
FNDA:0,(anonymous_3)
DA:1,2
DA:2,2
DA:3,2
DA:4,2
DA:7,2
DA:9,2
DA:11,2
LF:7
LH:7
BRDA:1,0,0,2
BRDA:1,0,1,2
BRF:2
BRH:2
end_of_record
TN:
SF:src/error/mint.error.ts
FN:1,(anonymous_0)
FN:7,(anonymous_1)
FN:9,(anonymous_2)
FN:11,(anonymous_3)
FNF:4
FNH:1
FNDA:2,(anonymous_0)
FNDA:0,(anonymous_1)
FNDA:0,(anonymous_2)
FNDA:0,(anonymous_3)
DA:1,2
DA:2,2
DA:3,2
DA:4,2
DA:7,2
DA:9,2
DA:11,2
LF:7
LH:7
BRDA:1,0,0,2
BRDA:1,0,1,2
BRF:2
BRH:2
end_of_record
TN:
SF:src/error/nft.error.ts
FN:1,(anonymous_0)
FN:6,(anonymous_1)
FN:8,(anonymous_2)
FNF:3
FNH:1
FNDA:2,(anonymous_0)
FNDA:0,(anonymous_1)
FNDA:0,(anonymous_2)
DA:1,2
DA:2,2
DA:3,2
DA:6,2
DA:8,2
LF:5
LH:5
BRDA:1,0,0,2
BRDA:1,0,1,2
BRF:2
BRH:2
end_of_record
TN:
SF:src/error/profile.error.ts
FN:1,(anonymous_0)
FN:13,(anonymous_1)
FN:15,(anonymous_2)
FN:18,(anonymous_3)
FN:21,(anonymous_4)
FN:24,(anonymous_5)
FN:27,(anonymous_6)
FN:29,(anonymous_7)
FN:30,(anonymous_8)
FN:31,(anonymous_9)
FN:32,(anonymous_10)
FN:34,(anonymous_11)
FN:35,(anonymous_12)
FNF:13
FNH:1
FNDA:2,(anonymous_0)
FNDA:0,(anonymous_1)
FNDA:0,(anonymous_2)
FNDA:0,(anonymous_3)
FNDA:0,(anonymous_4)
FNDA:0,(anonymous_5)
FNDA:0,(anonymous_6)
FNDA:0,(anonymous_7)
FNDA:0,(anonymous_8)
FNDA:0,(anonymous_9)
FNDA:0,(anonymous_10)
FNDA:0,(anonymous_11)
FNDA:0,(anonymous_12)
DA:1,2
DA:2,2
DA:3,2
DA:4,2
DA:5,2
DA:6,2
DA:7,2
DA:8,2
DA:9,2
DA:10,2
DA:13,2
DA:15,2
DA:16,0
DA:18,2
DA:19,0
DA:21,2
DA:22,0
DA:24,2
DA:25,0
DA:27,2
DA:29,2
DA:30,2
DA:31,2
DA:32,2
DA:34,2
DA:35,2
LF:26
LH:22
BRDA:1,0,0,2
BRDA:1,0,1,2
BRF:2
BRH:2
end_of_record
TN:
SF:src/error/user.error.ts
FN:5,(anonymous_0)
FN:15,(anonymous_1)
FN:22,(anonymous_2)
FN:24,(anonymous_3)
FN:27,(anonymous_4)
FN:30,(anonymous_5)
FN:32,(anonymous_6)
FN:35,(anonymous_7)
FNF:8
FNH:1
FNDA:2,(anonymous_0)
FNDA:0,(anonymous_1)
FNDA:0,(anonymous_2)
FNDA:0,(anonymous_3)
FNDA:0,(anonymous_4)
FNDA:0,(anonymous_5)
FNDA:0,(anonymous_6)
FNDA:0,(anonymous_7)
DA:1,2
DA:3,2
DA:5,2
DA:6,2
DA:7,2
DA:8,2
DA:9,2
DA:10,2
DA:11,2
DA:12,2
DA:15,2
DA:16,0
DA:22,2
DA:24,2
DA:25,0
DA:27,2
DA:28,0
DA:30,2
DA:32,2
DA:33,0
DA:35,2
LF:21
LH:17
BRDA:5,0,0,2
BRDA:5,0,1,2
BRF:2
BRH:2
end_of_record
TN:
SF:src/error/wallet.error.ts
FN:7,(anonymous_0)
FN:14,(anonymous_1)
FN:23,(anonymous_2)
FN:30,(anonymous_3)
FN:37,(anonymous_4)
FNF:5
FNH:1
FNDA:2,(anonymous_0)
FNDA:0,(anonymous_1)
FNDA:0,(anonymous_2)
FNDA:0,(anonymous_3)
FNDA:0,(anonymous_4)
DA:1,2
DA:5,2
DA:7,2
DA:8,2
DA:9,2
DA:10,2
DA:11,2
DA:14,2
DA:17,0
DA:23,2
DA:24,0
DA:30,2
DA:35,0
DA:37,2
DA:38,0
LF:15
LH:11
BRDA:7,0,0,2
BRDA:7,0,1,2
BRF:2
BRH:2
end_of_record
TN:
SF:src/helper/auth.ts
FN:8,(anonymous_0)
FN:23,(anonymous_1)
FN:41,(anonymous_2)
FNF:3
FNH:0
FNDA:0,(anonymous_0)
FNDA:0,(anonymous_1)
FNDA:0,(anonymous_2)
DA:1,2
DA:3,2
DA:5,2
DA:6,2
DA:8,2
DA:9,0
DA:11,0
DA:12,0
DA:17,0
DA:18,0
DA:20,0
DA:23,2
DA:24,0
DA:25,0
DA:26,0
DA:33,0
DA:34,0
DA:41,2
DA:42,0
DA:43,0
DA:45,0
DA:46,0
DA:47,0
DA:49,0
LF:24
LH:7
BRDA:11,0,0,0
BRDA:17,1,0,0
BRDA:25,2,0,0
BRDA:33,3,0,0
BRDA:42,4,0,0
BRDA:46,5,0,0
BRF:6
BRH:0
end_of_record
TN:
SF:src/helper/index.ts
FNF:0
FNH:0
DA:1,2
DA:2,2
DA:3,2
DA:4,2
DA:5,2
LF:5
LH:5
BRF:0
BRH:0
end_of_record
TN:
SF:src/helper/joi.ts
FN:7,(anonymous_0)
FN:14,(anonymous_1)
FN:21,(anonymous_2)
FN:28,(anonymous_3)
FNF:4
FNH:0
FNDA:0,(anonymous_0)
FNDA:0,(anonymous_1)
FNDA:0,(anonymous_2)
FNDA:0,(anonymous_3)
DA:1,2
DA:2,2
DA:4,2
DA:5,2
DA:7,2
DA:8,0
DA:9,0
DA:10,0
DA:14,2
DA:15,0
DA:21,2
DA:22,0
DA:28,2
DA:29,0
DA:30,0
DA:31,0
DA:33,0
LF:17
LH:8
BRDA:9,0,0,0
BRDA:30,1,0,0
BRDA:30,2,0,0
BRDA:30,2,1,0
BRF:4
BRH:0
end_of_record
TN:
SF:src/helper/pagination.ts
FN:25,(anonymous_0)
FN:27,(anonymous_1)
FN:29,(anonymous_2)
FN:31,(anonymous_3)
FN:33,(anonymous_4)
FN:39,(anonymous_5)
FN:54,(anonymous_6)
FN:57,(anonymous_7)
FN:73,(anonymous_8)
FN:112,(anonymous_9)
FN:129,(anonymous_10)
FN:132,(anonymous_11)
FN:142,(anonymous_12)
FN:171,(anonymous_13)
FN:176,(anonymous_14)
FN:178,(anonymous_15)
FNF:16
FNH:0
FNDA:0,(anonymous_0)
FNDA:0,(anonymous_1)
FNDA:0,(anonymous_2)
FNDA:0,(anonymous_3)
FNDA:0,(anonymous_4)
FNDA:0,(anonymous_5)
FNDA:0,(anonymous_6)
FNDA:0,(anonymous_7)
FNDA:0,(anonymous_8)
FNDA:0,(anonymous_9)
FNDA:0,(anonymous_10)
FNDA:0,(anonymous_11)
FNDA:0,(anonymous_12)
FNDA:0,(anonymous_13)
FNDA:0,(anonymous_14)
FNDA:0,(anonymous_15)
DA:1,2
DA:4,2
DA:5,2
DA:21,2
DA:23,2
DA:25,2
DA:27,2
DA:29,2
DA:31,2
DA:33,2
DA:34,0
DA:35,0
DA:36,0
DA:39,2
DA:43,0
DA:44,0
DA:45,0
DA:49,0
DA:54,2
DA:55,0
DA:57,2
DA:58,0
DA:73,2
DA:77,0
DA:78,0
DA:83,0
DA:85,0
DA:86,0
DA:89,0
DA:90,0
DA:93,0
DA:94,0
DA:97,0
DA:98,0
DA:101,0
DA:112,2
DA:118,0
DA:119,0
DA:120,0
DA:121,0
DA:125,0
DA:129,0
DA:132,2
DA:133,0
DA:134,0
DA:136,0
DA:137,0
DA:139,0
DA:142,2
DA:150,0
DA:151,0
DA:152,0
DA:153,0
DA:154,0
DA:171,2
DA:176,0
DA:178,0
DA:179,0
DA:180,0
LF:59
LH:18
BRDA:44,0,0,0
BRDA:45,1,0,0
BRDA:45,1,1,0
BRDA:49,2,0,0
BRDA:49,2,1,0
BRDA:58,3,0,0
BRDA:58,3,1,0
BRDA:77,4,0,0
BRDA:85,5,0,0
BRDA:85,6,0,0
BRDA:85,6,1,0
BRDA:89,7,0,0
BRDA:89,8,0,0
BRDA:89,8,1,0
BRDA:93,9,0,0
BRDA:93,10,0,0
BRDA:93,10,1,0
BRDA:97,11,0,0
BRDA:97,12,0,0
BRDA:97,12,1,0
BRDA:115,13,0,0
BRDA:116,14,0,0
BRDA:120,15,0,0
BRDA:120,15,1,0
BRDA:121,16,0,0
BRDA:121,16,1,0
BRDA:125,17,0,0
BRDA:125,17,1,0
BRDA:133,18,0,0
BRDA:136,19,0,0
BRDA:151,20,0,0
BRDA:151,20,1,0
BRDA:152,21,0,0
BRDA:152,21,1,0
BRDA:153,22,0,0
BRDA:153,22,1,0
BRDA:153,23,0,0
BRDA:153,23,1,0
BRDA:175,24,0,0
BRDA:176,25,0,0
BRF:40
BRH:0
end_of_record
TN:
SF:src/helper/provider.ts
FN:3,(anonymous_0)
FNF:1
FNH:0
FNDA:0,(anonymous_0)
DA:1,2
DA:3,2
DA:6,0
LF:3
LH:2
BRDA:4,0,0,0
BRF:1
BRH:0
end_of_record
TN:
SF:src/helper/utils.ts
FN:9,(anonymous_0)
FNF:1
FNH:0
FNDA:0,(anonymous_0)
DA:1,2
DA:3,2
DA:9,2
DA:10,0
LF:4
LH:3
BRF:0
BRH:0
end_of_record
TN:
SF:src/resolver/approval.resolver.ts
FN:11,(anonymous_0)
FN:33,(anonymous_1)
FNF:2
FNH:0
FNDA:0,(anonymous_0)
FNDA:0,(anonymous_1)
DA:1,1
DA:2,1
DA:5,1
DA:6,1
DA:7,1
DA:9,1
DA:11,1
DA:16,0
DA:17,0
DA:19,0
DA:29,0
DA:30,0
DA:32,0
DA:33,0
DA:47,1
LF:15
LH:8
BRF:0
BRH:0
end_of_record
TN:
SF:src/resolver/bid.resolver.ts
FN:20,(anonymous_0)
FN:30,(anonymous_1)
FN:62,(anonymous_2)
FN:69,(anonymous_3)
FN:71,(anonymous_4)
FN:77,(anonymous_5)
FN:93,(anonymous_6)
FN:107,(anonymous_7)
FN:126,(anonymous_8)
FN:143,(anonymous_9)
FN:147,(anonymous_10)
FN:163,(anonymous_11)
FN:164,(anonymous_12)
FN:167,(anonymous_13)
FN:207,(anonymous_14)
FN:225,(anonymous_15)
FN:251,(anonymous_16)
FN:279,(anonymous_17)
FN:290,(anonymous_18)
FN:301,(anonymous_19)
FN:340,(anonymous_20)
FN:353,(anonymous_21)
FN:381,(anonymous_22)
FN:384,(anonymous_23)
FN:389,(anonymous_24)
FN:390,(anonymous_25)
FN:395,(anonymous_26)
FN:396,(anonymous_27)
FNF:28
FNH:0
FNDA:0,(anonymous_0)
FNDA:0,(anonymous_1)
FNDA:0,(anonymous_2)
FNDA:0,(anonymous_3)
FNDA:0,(anonymous_4)
FNDA:0,(anonymous_5)
FNDA:0,(anonymous_6)
FNDA:0,(anonymous_7)
FNDA:0,(anonymous_8)
FNDA:0,(anonymous_9)
FNDA:0,(anonymous_10)
FNDA:0,(anonymous_11)
FNDA:0,(anonymous_12)
FNDA:0,(anonymous_13)
FNDA:0,(anonymous_14)
FNDA:0,(anonymous_15)
FNDA:0,(anonymous_16)
FNDA:0,(anonymous_17)
FNDA:0,(anonymous_18)
FNDA:0,(anonymous_19)
FNDA:0,(anonymous_20)
FNDA:0,(anonymous_21)
FNDA:0,(anonymous_22)
FNDA:0,(anonymous_23)
FNDA:0,(anonymous_24)
FNDA:0,(anonymous_25)
FNDA:0,(anonymous_26)
FNDA:0,(anonymous_27)
DA:1,1
DA:2,1
DA:3,1
DA:4,1
DA:5,1
DA:6,1
DA:8,1
DA:9,1
DA:10,1
DA:11,1
DA:12,1
DA:13,1
DA:15,1
DA:17,1
DA:18,1
DA:20,1
DA:25,0
DA:30,1
DA:35,0
DA:36,0
DA:38,0
DA:45,0
DA:46,0
DA:48,0
DA:49,0
DA:52,0
DA:58,0
DA:61,0
DA:63,0
DA:64,0
DA:68,0
DA:69,0
DA:72,0
DA:73,0
DA:74,0
DA:76,0
DA:78,0
DA:79,0
DA:81,0
DA:86,0
DA:87,0
DA:89,0
DA:90,0
DA:93,0
DA:101,0
DA:102,0
DA:103,0
DA:104,0
DA:107,0
DA:115,0
DA:119,0
DA:121,0
DA:125,0
DA:127,0
DA:128,0
DA:129,0
DA:130,0
DA:131,0
DA:134,0
DA:135,0
DA:136,0
DA:143,0
DA:148,0
DA:163,0
DA:165,0
DA:167,0
DA:207,1
DA:212,0
DA:213,0
DA:214,0
DA:215,0
DA:216,0
DA:225,1
DA:230,0
DA:232,0
DA:234,0
DA:236,0
DA:239,0
DA:240,0
DA:242,0
DA:243,0
DA:245,0
DA:252,0
DA:253,0
DA:254,0
DA:258,0
DA:260,0
DA:261,0
DA:263,0
DA:268,0
DA:270,0
DA:279,1
DA:284,0
DA:285,0
DA:287,0
DA:288,0
DA:289,0
DA:291,0
DA:295,0
DA:302,0
DA:303,0
DA:305,0
DA:306,0
DA:313,0
DA:314,0
DA:320,0
DA:322,0
DA:323,0
DA:326,0
DA:331,0
DA:333,0
DA:340,1
DA:345,0
DA:346,0
DA:347,0
DA:353,1
DA:358,0
DA:359,0
DA:362,0
DA:363,0
DA:368,0
DA:371,0
DA:373,0
DA:374,0
DA:378,0
DA:381,0
DA:384,0
DA:389,0
DA:391,0
DA:396,0
DA:411,1
LF:131
LH:23
BRDA:48,0,0,0
BRDA:48,1,0,0
BRDA:48,1,1,0
BRDA:52,2,0,0
BRDA:52,3,0,0
BRDA:52,3,1,0
BRDA:52,3,2,0
BRDA:63,4,0,0
BRDA:72,5,0,0
BRDA:72,5,1,0
BRDA:86,6,0,0
BRDA:86,6,1,0
BRDA:89,7,0,0
BRDA:89,7,1,0
BRDA:103,8,0,0
BRDA:103,8,1,0
BRDA:119,9,0,0
BRDA:128,10,0,0
BRDA:128,10,1,0
BRDA:129,11,0,0
BRDA:129,11,1,0
BRDA:130,12,0,0
BRDA:130,12,1,0
BRDA:131,13,0,0
BRDA:131,13,1,0
BRDA:242,14,0,0
BRDA:242,14,1,0
BRDA:260,15,0,0
BRDA:260,15,1,0
BRDA:302,16,0,0
BRDA:305,17,0,0
BRDA:305,18,0,0
BRDA:305,18,1,0
BRDA:313,19,0,0
BRDA:322,20,0,0
BRDA:362,21,0,0
BRDA:373,22,0,0
BRDA:373,22,1,0
BRF:38
BRH:0
end_of_record
TN:
SF:src/resolver/collection.resolver.ts
FN:6,(anonymous_0)
FNF:1
FNH:0
FNDA:0,(anonymous_0)
DA:2,1
DA:4,1
DA:6,1
DA:11,0
DA:13,0
DA:16,1
LF:6
LH:4
BRF:0
BRH:0
end_of_record
TN:
SF:src/resolver/curation.resolver.ts
FN:12,(anonymous_0)
FN:30,(anonymous_1)
FN:36,(anonymous_2)
FN:38,(anonymous_3)
FN:38,(anonymous_4)
FN:41,(anonymous_5)
FN:65,(anonymous_6)
FN:71,(anonymous_7)
FN:94,(anonymous_8)
FN:101,(anonymous_9)
FN:107,(anonymous_10)
FN:113,(anonymous_11)
FN:131,(anonymous_12)
FN:137,(anonymous_13)
FN:144,(anonymous_14)
FN:151,(anonymous_15)
FN:158,(anonymous_16)
FN:168,(anonymous_17)
FN:186,(anonymous_18)
FN:193,(anonymous_19)
FNF:20
FNH:0
FNDA:0,(anonymous_0)
FNDA:0,(anonymous_1)
FNDA:0,(anonymous_2)
FNDA:0,(anonymous_3)
FNDA:0,(anonymous_4)
FNDA:0,(anonymous_5)
FNDA:0,(anonymous_6)
FNDA:0,(anonymous_7)
FNDA:0,(anonymous_8)
FNDA:0,(anonymous_9)
FNDA:0,(anonymous_10)
FNDA:0,(anonymous_11)
FNDA:0,(anonymous_12)
FNDA:0,(anonymous_13)
FNDA:0,(anonymous_14)
FNDA:0,(anonymous_15)
FNDA:0,(anonymous_16)
FNDA:0,(anonymous_17)
FNDA:0,(anonymous_18)
FNDA:0,(anonymous_19)
DA:1,1
DA:2,1
DA:5,1
DA:6,1
DA:7,1
DA:8,1
DA:10,1
DA:12,1
DA:17,0
DA:18,0
DA:19,0
DA:20,0
DA:21,0
DA:30,1
DA:35,0
DA:36,0
DA:38,0
DA:41,1
DA:46,0
DA:47,0
DA:49,0
DA:56,0
DA:58,0
DA:65,0
DA:71,1
DA:76,0
DA:77,0
DA:79,0
DA:87,0
DA:89,0
DA:94,0
DA:101,0
DA:107,0
DA:113,1
DA:118,0
DA:119,0
DA:121,0
DA:122,0
DA:124,0
DA:131,0
DA:137,0
DA:144,0
DA:151,0
DA:158,0
DA:168,1
DA:173,0
DA:174,0
DA:176,0
DA:177,0
DA:179,0
DA:186,0
DA:193,0
DA:201,1
LF:53
LH:14
BRF:0
BRH:0
end_of_record
TN:
SF:src/resolver/index.ts
FNF:0
FNH:0
DA:1,1
DA:3,1
DA:4,1
DA:5,1
DA:6,1
DA:7,1
DA:8,1
DA:9,1
DA:10,1
DA:11,1
DA:12,1
DA:13,1
DA:14,1
DA:15,1
DA:16,1
DA:18,1
LF:16
LH:16
BRF:0
BRH:0
end_of_record
TN:
SF:src/resolver/marketAsk.resolver.ts
FN:37,(anonymous_0)
FN:59,(anonymous_1)
FN:63,(anonymous_2)
FN:64,(anonymous_3)
FN:65,(anonymous_4)
FN:75,(anonymous_5)
FN:79,(anonymous_6)
FN:80,(anonymous_7)
FN:81,(anonymous_8)
FN:91,(anonymous_9)
FN:103,(anonymous_10)
FN:107,(anonymous_11)
FN:119,(anonymous_12)
FN:123,(anonymous_13)
FN:174,(anonymous_14)
FN:188,(anonymous_15)
FN:195,(anonymous_16)
FN:202,(anonymous_17)
FN:206,(anonymous_18)
FN:209,(anonymous_19)
FN:220,(anonymous_20)
FN:240,(anonymous_21)
FN:245,(anonymous_22)
FN:269,(anonymous_23)
FN:340,(anonymous_24)
FN:345,(anonymous_25)
FN:347,(anonymous_26)
FN:372,(anonymous_27)
FN:386,(anonymous_28)
FN:414,(anonymous_29)
FN:415,(anonymous_30)
FN:483,(anonymous_31)
FN:501,(anonymous_32)
FN:505,(anonymous_33)
FN:518,(anonymous_34)
FN:523,(anonymous_35)
FN:525,(anonymous_36)
FN:529,(anonymous_37)
FN:552,(anonymous_38)
FNF:39
FNH:1
FNDA:0,(anonymous_0)
FNDA:0,(anonymous_1)
FNDA:0,(anonymous_2)
FNDA:0,(anonymous_3)
FNDA:0,(anonymous_4)
FNDA:0,(anonymous_5)
FNDA:0,(anonymous_6)
FNDA:0,(anonymous_7)
FNDA:0,(anonymous_8)
FNDA:0,(anonymous_9)
FNDA:0,(anonymous_10)
FNDA:0,(anonymous_11)
FNDA:0,(anonymous_12)
FNDA:1,(anonymous_13)
FNDA:0,(anonymous_14)
FNDA:0,(anonymous_15)
FNDA:0,(anonymous_16)
FNDA:0,(anonymous_17)
FNDA:0,(anonymous_18)
FNDA:0,(anonymous_19)
FNDA:0,(anonymous_20)
FNDA:0,(anonymous_21)
FNDA:0,(anonymous_22)
FNDA:0,(anonymous_23)
FNDA:0,(anonymous_24)
FNDA:0,(anonymous_25)
FNDA:0,(anonymous_26)
FNDA:0,(anonymous_27)
FNDA:0,(anonymous_28)
FNDA:0,(anonymous_29)
FNDA:0,(anonymous_30)
FNDA:0,(anonymous_31)
FNDA:0,(anonymous_32)
FNDA:0,(anonymous_33)
FNDA:0,(anonymous_34)
FNDA:0,(anonymous_35)
FNDA:0,(anonymous_36)
FNDA:0,(anonymous_37)
FNDA:0,(anonymous_38)
DA:1,2
DA:2,2
DA:3,2
DA:5,2
DA:12,2
DA:13,2
DA:14,2
DA:25,2
DA:27,2
DA:28,2
DA:30,2
DA:37,2
DA:42,0
DA:43,0
DA:44,0
DA:45,0
DA:47,0
DA:50,0
DA:59,2
DA:63,0
DA:64,0
DA:65,0
DA:66,0
DA:69,0
DA:71,0
DA:75,2
DA:79,0
DA:80,0
DA:81,0
DA:82,0
DA:85,0
DA:87,0
DA:91,2
DA:96,0
DA:97,0
DA:98,0
DA:99,0
DA:102,0
DA:103,0
DA:107,2
DA:112,0
DA:113,0
DA:114,0
DA:115,0
DA:118,0
DA:119,0
DA:123,2
DA:127,1
DA:133,1
DA:134,1
DA:151,0
DA:153,0
DA:154,0
DA:155,0
DA:157,0
DA:160,0
DA:161,0
DA:163,0
DA:166,1
DA:167,1
DA:168,1
DA:171,0
DA:174,2
DA:179,0
DA:180,0
DA:181,0
DA:189,0
DA:196,0
DA:203,0
DA:204,0
DA:207,0
DA:209,0
DA:211,0
DA:220,2
DA:225,0
DA:226,0
DA:235,0
DA:237,0
DA:240,0
DA:241,0
DA:243,0
DA:245,0
DA:246,0
DA:247,0
DA:249,0
DA:252,0
DA:253,0
DA:254,0
DA:255,0
DA:259,0
DA:264,0
DA:266,0
DA:269,2
DA:274,0
DA:275,0
DA:277,0
DA:317,0
DA:319,0
DA:320,0
DA:322,0
DA:323,0
DA:325,0
DA:327,0
DA:334,0
DA:340,0
DA:346,0
DA:348,0
DA:349,0
DA:364,0
DA:372,2
DA:376,0
DA:386,2
DA:391,0
DA:392,0
DA:393,0
DA:395,0
DA:396,0
DA:397,0
DA:399,0
DA:400,0
DA:401,0
DA:402,0
DA:403,0
DA:405,0
DA:413,0
DA:415,0
DA:416,0
DA:417,0
DA:418,0
DA:419,0
DA:424,0
DA:426,0
DA:432,0
DA:435,0
DA:436,0
DA:437,0
DA:443,0
DA:445,0
DA:446,0
DA:447,0
DA:453,0
DA:455,0
DA:456,0
DA:457,0
DA:458,0
DA:464,0
DA:468,0
DA:469,0
DA:474,0
DA:476,0
DA:477,0
DA:478,0
DA:479,0
DA:483,2
DA:488,0
DA:489,0
DA:491,0
DA:495,0
DA:496,0
DA:502,0
DA:503,0
DA:504,0
DA:506,0
DA:507,0
DA:508,0
DA:519,0
DA:524,0
DA:525,0
DA:529,0
DA:532,0
DA:539,0
DA:544,0
DA:552,2
DA:557,0
DA:558,0
DA:559,0
DA:565,0
DA:567,0
DA:568,0
DA:576,0
DA:577,0
DA:578,0
DA:579,0
DA:580,0
DA:581,0
DA:582,0
DA:583,0
DA:584,0
DA:585,0
DA:586,0
DA:587,0
DA:589,0
DA:608,2
LF:193
LH:31
BRDA:66,0,0,0
BRDA:66,0,1,0
BRDA:82,1,0,0
BRDA:82,1,1,0
BRDA:153,2,0,0
BRDA:160,3,0,0
BRDA:203,4,0,0
BRDA:203,4,1,0
BRDA:241,5,0,0
BRDA:241,5,1,0
BRDA:243,6,0,0
BRDA:243,6,1,0
BRDA:252,7,0,0
BRDA:252,8,0,0
BRDA:252,8,1,0
BRDA:252,8,2,0
BRDA:325,9,0,0
BRDA:348,10,0,0
BRDA:348,10,1,0
BRDA:376,11,0,0
BRDA:376,11,1,0
BRDA:396,12,0,0
BRDA:415,13,0,0
BRDA:417,14,0,0
BRDA:419,15,0,0
BRDA:419,15,1,0
BRDA:421,16,0,0
BRDA:421,16,1,0
BRDA:424,17,0,0
BRDA:424,17,1,0
BRDA:435,18,0,0
BRDA:445,19,0,0
BRDA:455,20,0,0
BRDA:468,21,0,0
BRDA:468,21,1,0
BRDA:502,22,0,0
BRDA:502,22,1,0
BRDA:503,23,0,0
BRDA:503,23,1,0
BRDA:506,24,0,0
BRDA:507,25,0,0
BRDA:507,25,1,0
BRDA:576,26,0,0
BRDA:576,26,1,0
BRDA:579,27,0,0
BRDA:579,27,1,0
BRDA:582,28,0,0
BRDA:582,28,1,0
BRDA:585,29,0,0
BRF:49
BRH:0
end_of_record
TN:
SF:src/resolver/marketBid.resolver.ts
FN:16,(anonymous_0)
FN:39,(anonymous_1)
FN:178,(anonymous_2)
FN:245,(anonymous_3)
FN:249,(anonymous_4)
FN:254,(anonymous_5)
FN:261,(anonymous_6)
FN:277,(anonymous_7)
FN:279,(anonymous_8)
FN:281,(anonymous_9)
FN:283,(anonymous_10)
FN:290,(anonymous_11)
FN:304,(anonymous_12)
FN:310,(anonymous_13)
FN:316,(anonymous_14)
FN:320,(anonymous_15)
FNF:16
FNH:0
FNDA:0,(anonymous_0)
FNDA:0,(anonymous_1)
FNDA:0,(anonymous_2)
FNDA:0,(anonymous_3)
FNDA:0,(anonymous_4)
FNDA:0,(anonymous_5)
FNDA:0,(anonymous_6)
FNDA:0,(anonymous_7)
FNDA:0,(anonymous_8)
FNDA:0,(anonymous_9)
FNDA:0,(anonymous_10)
FNDA:0,(anonymous_11)
FNDA:0,(anonymous_12)
FNDA:0,(anonymous_13)
FNDA:0,(anonymous_14)
FNDA:0,(anonymous_15)
DA:1,1
DA:2,1
DA:3,1
DA:5,1
DA:6,1
DA:7,1
DA:8,1
DA:9,1
DA:11,1
DA:12,1
DA:14,1
DA:16,1
DA:21,0
DA:22,0
DA:23,0
DA:24,0
DA:26,0
DA:30,0
DA:39,1
DA:44,0
DA:49,0
DA:55,0
DA:56,0
DA:73,0
DA:75,0
DA:76,0
DA:79,0
DA:80,0
DA:81,0
DA:82,0
DA:86,0
DA:88,0
DA:90,0
DA:91,0
DA:92,0
DA:93,0
DA:97,0
DA:98,0
DA:99,0
DA:100,0
DA:101,0
DA:102,0
DA:103,0
DA:104,0
DA:108,0
DA:109,0
DA:113,0
DA:117,0
DA:142,0
DA:143,0
DA:146,0
DA:147,0
DA:148,0
DA:149,0
DA:152,0
DA:178,1
DA:183,0
DA:184,0
DA:186,0
DA:228,0
DA:230,0
DA:231,0
DA:233,0
DA:234,0
DA:236,0
DA:238,0
DA:244,0
DA:245,0
DA:250,0
DA:255,0
DA:262,0
DA:278,0
DA:280,0
DA:282,0
DA:283,0
DA:290,1
DA:295,0
DA:296,0
DA:297,0
DA:304,0
DA:311,0
DA:317,0
DA:318,0
DA:320,0
DA:322,0
DA:331,1
LF:86
LH:16
BRDA:75,0,0,0
BRDA:97,1,0,0
BRDA:97,1,1,0
BRDA:97,2,0,0
BRDA:97,2,1,0
BRDA:99,3,0,0
BRDA:99,3,1,0
BRDA:99,4,0,0
BRDA:99,4,1,0
BRDA:101,5,0,0
BRDA:101,5,1,0
BRDA:101,6,0,0
BRDA:101,6,1,0
BRDA:103,7,0,0
BRDA:103,8,0,0
BRDA:103,8,1,0
BRDA:109,9,0,0
BRDA:110,10,0,0
BRDA:110,10,1,0
BRDA:142,11,0,0
BRDA:236,12,0,0
BRDA:317,13,0,0
BRDA:317,13,1,0
BRF:23
BRH:0
end_of_record
TN:
SF:src/resolver/marketSwap.resolver.ts
FN:15,(anonymous_0)
FN:26,(anonymous_1)
FN:31,(anonymous_2)
FN:46,(anonymous_3)
FN:97,(anonymous_4)
FN:121,(anonymous_5)
FN:184,(anonymous_6)
FN:203,(anonymous_7)
FN:209,(anonymous_8)
FN:227,(anonymous_9)
FNF:10
FNH:0
FNDA:0,(anonymous_0)
FNDA:0,(anonymous_1)
FNDA:0,(anonymous_2)
FNDA:0,(anonymous_3)
FNDA:0,(anonymous_4)
FNDA:0,(anonymous_5)
FNDA:0,(anonymous_6)
FNDA:0,(anonymous_7)
FNDA:0,(anonymous_8)
FNDA:0,(anonymous_9)
DA:1,1
DA:2,1
DA:3,1
DA:6,1
DA:7,1
DA:9,1
DA:10,1
DA:11,1
DA:13,1
DA:15,1
DA:20,0
DA:21,0
DA:22,0
DA:23,0
DA:25,0
DA:26,0
DA:31,0
DA:37,0
DA:46,1
DA:51,0
DA:52,0
DA:53,0
DA:54,0
DA:58,0
DA:80,0
DA:97,1
DA:103,0
DA:104,0
DA:105,0
DA:107,0
DA:108,0
DA:109,0
DA:111,0
DA:112,0
DA:113,0
DA:114,0
DA:116,0
DA:120,0
DA:122,0
DA:123,0
DA:124,0
DA:125,0
DA:126,0
DA:127,0
DA:132,0
DA:136,0
DA:142,0
DA:144,0
DA:150,0
DA:159,0
DA:166,0
DA:168,0
DA:174,0
DA:175,0
DA:177,0
DA:178,0
DA:179,0
DA:180,0
DA:184,1
DA:189,0
DA:190,0
DA:192,0
DA:197,0
DA:198,0
DA:204,0
DA:217,0
DA:227,0
DA:245,1
LF:68
LH:14
BRDA:26,0,0,0
BRDA:26,0,1,0
BRDA:27,1,0,0
BRDA:27,1,1,0
BRDA:31,2,0,0
BRDA:31,2,1,0
BRDA:32,3,0,0
BRDA:32,3,1,0
BRDA:108,4,0,0
BRDA:122,5,0,0
BRDA:124,6,0,0
BRDA:127,7,0,0
BRDA:127,7,1,0
BRDA:129,8,0,0
BRDA:129,8,1,0
BRDA:132,9,0,0
BRDA:132,9,1,0
BRDA:142,10,0,0
BRDA:142,10,1,0
BRDA:166,11,0,0
BRDA:166,11,1,0
BRDA:166,12,0,0
BRDA:166,12,1,0
BRDA:174,13,0,0
BRDA:174,13,1,0
BRDA:221,14,0,0
BRDA:221,14,1,0
BRF:27
BRH:0
end_of_record
TN:
SF:src/resolver/misc.resolver.ts
FN:12,(anonymous_0)
FN:19,(anonymous_1)
FN:34,(anonymous_2)
FNF:3
FNH:0
FNDA:0,(anonymous_0)
FNDA:0,(anonymous_1)
FNDA:0,(anonymous_2)
DA:1,1
DA:2,1
DA:4,1
DA:6,1
DA:7,1
DA:9,1
DA:11,1
DA:12,1
DA:13,0
DA:14,0
DA:16,0
DA:19,1
DA:24,0
DA:25,0
DA:27,0
DA:28,0
DA:33,0
DA:34,0
DA:64,1
LF:19
LH:10
BRDA:13,0,0,0
BRF:1
BRH:0
end_of_record
TN:
SF:src/resolver/nft.resolver.ts
FN:30,(anonymous_0)
FN:44,(anonymous_1)
FN:68,(anonymous_2)
FN:83,(anonymous_3)
FN:89,(anonymous_4)
FN:91,(anonymous_5)
FN:92,(anonymous_6)
FN:98,(anonymous_7)
FN:105,(anonymous_8)
FN:107,(anonymous_9)
FN:108,(anonymous_10)
FN:109,(anonymous_11)
FN:110,(anonymous_12)
FN:117,(anonymous_13)
FN:141,(anonymous_14)
FN:156,(anonymous_15)
FN:158,(anonymous_16)
FN:160,(anonymous_17)
FN:160,(anonymous_18)
FN:161,(anonymous_19)
FN:166,(anonymous_20)
FN:182,(anonymous_21)
FN:194,(anonymous_22)
FN:196,(anonymous_23)
FN:201,(anonymous_24)
FN:208,(anonymous_25)
FN:216,(anonymous_26)
FN:218,(anonymous_27)
FN:220,(anonymous_28)
FN:224,(anonymous_29)
FN:226,(anonymous_30)
FN:229,(anonymous_31)
FN:234,(anonymous_32)
FN:272,(anonymous_33)
FN:283,(anonymous_34)
FN:305,(anonymous_35)
FN:306,(anonymous_36)
FN:308,(anonymous_37)
FN:313,(anonymous_38)
FN:315,(anonymous_39)
FN:339,(anonymous_40)
FN:353,(anonymous_41)
FN:355,(anonymous_42)
FNF:43
FNH:0
FNDA:0,(anonymous_0)
FNDA:0,(anonymous_1)
FNDA:0,(anonymous_2)
FNDA:0,(anonymous_3)
FNDA:0,(anonymous_4)
FNDA:0,(anonymous_5)
FNDA:0,(anonymous_6)
FNDA:0,(anonymous_7)
FNDA:0,(anonymous_8)
FNDA:0,(anonymous_9)
FNDA:0,(anonymous_10)
FNDA:0,(anonymous_11)
FNDA:0,(anonymous_12)
FNDA:0,(anonymous_13)
FNDA:0,(anonymous_14)
FNDA:0,(anonymous_15)
FNDA:0,(anonymous_16)
FNDA:0,(anonymous_17)
FNDA:0,(anonymous_18)
FNDA:0,(anonymous_19)
FNDA:0,(anonymous_20)
FNDA:0,(anonymous_21)
FNDA:0,(anonymous_22)
FNDA:0,(anonymous_23)
FNDA:0,(anonymous_24)
FNDA:0,(anonymous_25)
FNDA:0,(anonymous_26)
FNDA:0,(anonymous_27)
FNDA:0,(anonymous_28)
FNDA:0,(anonymous_29)
FNDA:0,(anonymous_30)
FNDA:0,(anonymous_31)
FNDA:0,(anonymous_32)
FNDA:0,(anonymous_33)
FNDA:0,(anonymous_34)
FNDA:0,(anonymous_35)
FNDA:0,(anonymous_36)
FNDA:0,(anonymous_37)
FNDA:0,(anonymous_38)
FNDA:0,(anonymous_39)
FNDA:0,(anonymous_40)
FNDA:0,(anonymous_41)
FNDA:0,(anonymous_42)
DA:1,1
DA:2,1
DA:3,1
DA:4,1
DA:6,1
DA:8,1
DA:9,1
DA:10,1
DA:11,1
DA:13,1
DA:15,1
DA:17,1
DA:18,1
DA:23,1
DA:24,1
DA:28,1
DA:30,1
DA:35,0
DA:36,0
DA:37,0
DA:40,0
DA:41,0
DA:44,1
DA:49,0
DA:50,0
DA:51,0
DA:55,0
DA:56,0
DA:68,1
DA:73,0
DA:74,0
DA:75,0
DA:76,0
DA:79,0
DA:84,0
DA:88,0
DA:90,0
DA:92,0
DA:93,0
DA:98,0
DA:102,0
DA:106,0
DA:107,0
DA:108,0
DA:109,0
DA:110,0
DA:117,1
DA:122,0
DA:123,0
DA:124,0
DA:125,0
DA:127,0
DA:132,0
DA:141,1
DA:146,0
DA:147,0
DA:148,0
DA:149,0
DA:156,0
DA:158,0
DA:160,0
DA:161,0
DA:166,1
DA:171,0
DA:172,0
DA:173,0
DA:175,0
DA:182,0
DA:194,0
DA:196,0
DA:201,0
DA:208,1
DA:213,0
DA:214,0
DA:215,0
DA:217,0
DA:219,0
DA:221,0
DA:225,0
DA:227,0
DA:230,0
DA:234,1
DA:239,0
DA:240,0
DA:242,0
DA:243,0
DA:244,0
DA:246,0
DA:247,0
DA:249,0
DA:250,0
DA:256,0
DA:263,0
DA:265,0
DA:266,0
DA:267,0
DA:272,1
DA:277,0
DA:278,0
DA:279,0
DA:280,0
DA:281,0
DA:282,0
DA:284,0
DA:285,0
DA:287,0
DA:293,0
DA:295,0
DA:296,0
DA:300,0
DA:303,0
DA:305,0
DA:307,0
DA:309,0
DA:314,0
DA:316,0
DA:323,0
DA:334,0
DA:335,0
DA:339,1
DA:344,0
DA:345,0
DA:346,0
DA:354,0
DA:355,0
DA:359,1
LF:126
LH:27
BRDA:84,0,0,0
BRDA:84,0,1,0
BRDA:84,1,0,0
BRDA:84,1,1,0
BRDA:202,2,0,0
BRDA:202,2,1,0
BRDA:243,3,0,0
BRDA:243,3,1,0
BRDA:284,4,0,0
BRDA:284,4,1,0
BRDA:295,5,0,0
BRDA:300,6,0,0
BRDA:300,7,0,0
BRDA:300,7,1,0
BRDA:300,7,2,0
BRF:15
BRH:0
end_of_record
TN:
SF:src/resolver/profile.resolver.ts
FN:48,(anonymous_0)
FN:55,(anonymous_1)
FN:68,(anonymous_2)
FN:73,(anonymous_3)
FN:89,(anonymous_4)
FN:95,(anonymous_5)
FN:110,(anonymous_6)
FN:117,(anonymous_7)
FN:118,(anonymous_8)
FN:127,(anonymous_9)
FN:138,(anonymous_10)
FN:154,(anonymous_11)
FN:165,(anonymous_12)
FN:176,(anonymous_13)
FN:187,(anonymous_14)
FN:212,(anonymous_15)
FN:217,(anonymous_16)
FN:222,(anonymous_17)
FN:226,(anonymous_18)
FN:236,(anonymous_19)
FN:246,(anonymous_20)
FN:252,(anonymous_21)
FN:265,(anonymous_22)
FN:278,(anonymous_23)
FN:298,(anonymous_24)
FN:303,(anonymous_25)
FN:305,(anonymous_26)
FN:307,(anonymous_27)
FN:318,(anonymous_28)
FN:328,(anonymous_29)
FN:353,(anonymous_30)
FN:361,(anonymous_31)
FN:376,(anonymous_32)
FN:382,(anonymous_33)
FN:393,(anonymous_34)
FN:401,(anonymous_35)
FN:415,(anonymous_36)
FN:427,(anonymous_37)
FN:432,(anonymous_38)
FN:436,(anonymous_39)
FN:453,(anonymous_40)
FN:459,(anonymous_41)
FN:472,(anonymous_42)
FN:473,(anonymous_43)
FN:479,(anonymous_44)
FN:483,(anonymous_45)
FN:485,(anonymous_46)
FN:491,(anonymous_47)
FN:497,(anonymous_48)
FN:513,(anonymous_49)
FN:531,(anonymous_50)
FN:634,(anonymous_51)
FN:656,(anonymous_52)
FN:676,(anonymous_53)
FN:684,(anonymous_54)
FN:692,(anonymous_55)
FNF:56
FNH:0
FNDA:0,(anonymous_0)
FNDA:0,(anonymous_1)
FNDA:0,(anonymous_2)
FNDA:0,(anonymous_3)
FNDA:0,(anonymous_4)
FNDA:0,(anonymous_5)
FNDA:0,(anonymous_6)
FNDA:0,(anonymous_7)
FNDA:0,(anonymous_8)
FNDA:0,(anonymous_9)
FNDA:0,(anonymous_10)
FNDA:0,(anonymous_11)
FNDA:0,(anonymous_12)
FNDA:0,(anonymous_13)
FNDA:0,(anonymous_14)
FNDA:0,(anonymous_15)
FNDA:0,(anonymous_16)
FNDA:0,(anonymous_17)
FNDA:0,(anonymous_18)
FNDA:0,(anonymous_19)
FNDA:0,(anonymous_20)
FNDA:0,(anonymous_21)
FNDA:0,(anonymous_22)
FNDA:0,(anonymous_23)
FNDA:0,(anonymous_24)
FNDA:0,(anonymous_25)
FNDA:0,(anonymous_26)
FNDA:0,(anonymous_27)
FNDA:0,(anonymous_28)
FNDA:0,(anonymous_29)
FNDA:0,(anonymous_30)
FNDA:0,(anonymous_31)
FNDA:0,(anonymous_32)
FNDA:0,(anonymous_33)
FNDA:0,(anonymous_34)
FNDA:0,(anonymous_35)
FNDA:0,(anonymous_36)
FNDA:0,(anonymous_37)
FNDA:0,(anonymous_38)
FNDA:0,(anonymous_39)
FNDA:0,(anonymous_40)
FNDA:0,(anonymous_41)
FNDA:0,(anonymous_42)
FNDA:0,(anonymous_43)
FNDA:0,(anonymous_44)
FNDA:0,(anonymous_45)
FNDA:0,(anonymous_46)
FNDA:0,(anonymous_47)
FNDA:0,(anonymous_48)
FNDA:0,(anonymous_49)
FNDA:0,(anonymous_50)
FNDA:0,(anonymous_51)
FNDA:0,(anonymous_52)
FNDA:0,(anonymous_53)
FNDA:0,(anonymous_54)
FNDA:0,(anonymous_55)
DA:2,1
DA:3,1
DA:4,1
DA:5,1
DA:6,1
DA:8,1
DA:9,1
DA:10,1
DA:12,1
DA:14,1
DA:15,1
DA:16,1
DA:17,1
DA:23,1
DA:24,1
DA:25,1
DA:27,1
DA:29,1
DA:30,1
DA:31,1
DA:38,1
DA:48,1
DA:55,1
DA:60,0
DA:61,0
DA:62,0
DA:63,0
DA:68,0
DA:73,1
DA:78,0
DA:79,0
DA:80,0
DA:81,0
DA:85,0
DA:89,1
DA:90,0
DA:95,1
DA:100,0
DA:101,0
DA:103,0
DA:105,0
DA:110,0
DA:117,1
DA:118,0
DA:119,0
DA:120,0
DA:127,0
DA:138,1
DA:143,0
DA:144,0
DA:146,0
DA:147,0
DA:149,0
DA:150,0
DA:154,1
DA:158,0
DA:165,1
DA:170,0
DA:171,0
DA:173,0
DA:175,0
DA:177,0
DA:187,1
DA:192,0
DA:193,0
DA:194,0
DA:197,0
DA:199,0
DA:212,1
DA:217,0
DA:218,0
DA:223,0
DA:224,0
DA:225,0
DA:227,0
DA:237,0
DA:247,0
DA:252,0
DA:265,0
DA:272,0
DA:278,1
DA:283,0
DA:284,0
DA:285,0
DA:288,0
DA:290,0
DA:291,0
DA:296,0
DA:298,0
DA:304,0
DA:305,0
DA:308,0
DA:318,1
DA:323,0
DA:324,0
DA:325,0
DA:328,1
DA:333,0
DA:334,0
DA:336,0
DA:351,0
DA:353,0
DA:354,0
DA:356,0
DA:362,0
DA:363,0
DA:364,0
DA:365,0
DA:366,0
DA:367,0
DA:368,0
DA:377,0
DA:382,1
DA:387,0
DA:393,1
DA:397,0
DA:398,0
DA:401,1
DA:406,0
DA:408,0
DA:409,0
DA:410,0
DA:415,1
DA:420,0
DA:421,0
DA:422,0
DA:424,0
DA:426,0
DA:427,0
DA:433,0
DA:437,0
DA:438,0
DA:439,0
DA:442,0
DA:446,0
DA:451,0
DA:453,0
DA:460,0
DA:462,0
DA:465,0
DA:466,0
DA:471,0
DA:472,0
DA:473,0
DA:475,0
DA:479,1
DA:483,0
DA:484,0
DA:485,0
DA:486,0
DA:487,0
DA:488,0
DA:491,0
DA:492,0
DA:494,0
DA:497,1
DA:502,0
DA:503,0
DA:513,1
DA:518,0
DA:519,0
DA:520,0
DA:521,0
DA:522,0
DA:523,0
DA:525,0
DA:526,0
DA:527,0
DA:531,1
DA:536,0
DA:537,0
DA:538,0
DA:539,0
DA:540,0
DA:548,0
DA:549,0
DA:550,0
DA:552,0
DA:553,0
DA:554,0
DA:558,0
DA:559,0
DA:560,0
DA:561,0
DA:564,0
DA:565,0
DA:566,0
DA:567,0
DA:576,0
DA:577,0
DA:578,0
DA:579,0
DA:582,0
DA:583,0
DA:584,0
DA:585,0
DA:594,0
DA:596,0
DA:597,0
DA:598,0
DA:599,0
DA:605,0
DA:606,0
DA:607,0
DA:609,0
DA:610,0
DA:616,0
DA:617,0
DA:618,0
DA:626,0
DA:627,0
DA:630,0
DA:631,0
DA:634,1
DA:639,0
DA:640,0
DA:641,0
DA:642,0
DA:643,0
DA:649,0
DA:650,0
DA:653,0
DA:656,1
DA:661,0
DA:662,0
DA:663,0
DA:664,0
DA:665,0
DA:676,1
DA:681,0
DA:682,0
DA:684,0
DA:685,0
DA:687,0
DA:692,0
DA:695,1
LF:236
LH:47
BRDA:89,0,0,0
BRDA:224,1,0,0
BRDA:224,1,1,0
BRDA:362,2,0,0
BRDA:362,2,1,0
BRDA:363,3,0,0
BRDA:363,3,1,0
BRDA:364,4,0,0
BRDA:364,4,1,0
BRDA:365,5,0,0
BRDA:365,5,1,0
BRDA:366,6,0,0
BRDA:366,6,1,0
BRDA:367,7,0,0
BRDA:367,7,1,0
BRDA:410,8,0,0
BRDA:410,8,1,0
BRDA:433,9,0,0
BRDA:434,10,0,0
BRDA:434,10,1,0
BRDA:434,10,2,0
BRDA:439,11,0,0
BRDA:439,11,1,0
BRDA:439,12,0,0
BRDA:439,12,1,0
BRDA:487,13,0,0
BRDA:539,14,0,0
BRDA:548,15,0,0
BRDA:552,16,0,0
BRDA:558,17,0,0
BRDA:566,18,0,0
BRDA:576,19,0,0
BRDA:584,20,0,0
BRDA:596,21,0,0
BRDA:596,22,0,0
BRDA:596,22,1,0
BRDA:598,23,0,0
BRDA:605,24,0,0
BRDA:605,25,0,0
BRDA:605,25,1,0
BRDA:607,26,0,0
BRDA:609,27,0,0
BRDA:609,27,1,0
BRDA:617,28,0,0
BRDA:626,29,0,0
BRDA:642,30,0,0
BRF:46
BRH:0
end_of_record
TN:
SF:src/resolver/scalar.resolver.ts
FN:13,(anonymous_0)
FN:25,(anonymous_1)
FN:38,(anonymous_2)
FN:50,(anonymous_3)
FN:66,(anonymous_4)
FN:67,(anonymous_5)
FN:68,(anonymous_6)
FNF:7
FNH:0
FNDA:0,(anonymous_0)
FNDA:0,(anonymous_1)
FNDA:0,(anonymous_2)
FNDA:0,(anonymous_3)
FNDA:0,(anonymous_4)
FNDA:0,(anonymous_5)
FNDA:0,(anonymous_6)
DA:1,1
DA:2,1
DA:3,1
DA:5,1
DA:6,1
DA:8,1
DA:13,1
DA:14,0
DA:15,0
DA:17,0
DA:20,1
DA:26,0
DA:27,0
DA:29,0
DA:33,1
DA:38,1
DA:39,0
DA:40,0
DA:42,0
DA:45,1
DA:51,0
DA:52,0
DA:54,0
DA:58,1
DA:63,1
DA:66,0
DA:67,0
DA:69,0
DA:70,0
DA:72,0
DA:76,1
LF:31
LH:14
BRDA:14,0,0,0
BRDA:14,1,0,0
BRDA:14,1,1,0
BRDA:26,2,0,0
BRDA:39,3,0,0
BRDA:51,4,0,0
BRDA:69,5,0,0
BRDA:69,6,0,0
BRDA:69,6,1,0
BRF:9
BRH:0
end_of_record
TN:
SF:src/resolver/user.resolver.ts
FN:23,(anonymous_0)
FN:48,(anonymous_1)
FN:63,(anonymous_2)
FN:65,(anonymous_3)
FN:67,(anonymous_4)
FN:82,(anonymous_5)
FN:94,(anonymous_6)
FN:120,(anonymous_7)
FN:121,(anonymous_8)
FN:130,(anonymous_9)
FN:134,(anonymous_10)
FN:138,(anonymous_11)
FN:158,(anonymous_12)
FN:164,(anonymous_13)
FN:171,(anonymous_14)
FN:174,(anonymous_15)
FN:183,(anonymous_16)
FN:208,(anonymous_17)
FN:225,(anonymous_18)
FN:238,(anonymous_19)
FN:252,(anonymous_20)
FN:271,(anonymous_21)
FN:296,(anonymous_22)
FN:310,(anonymous_23)
FNF:24
FNH:0
FNDA:0,(anonymous_0)
FNDA:0,(anonymous_1)
FNDA:0,(anonymous_2)
FNDA:0,(anonymous_3)
FNDA:0,(anonymous_4)
FNDA:0,(anonymous_5)
FNDA:0,(anonymous_6)
FNDA:0,(anonymous_7)
FNDA:0,(anonymous_8)
FNDA:0,(anonymous_9)
FNDA:0,(anonymous_10)
FNDA:0,(anonymous_11)
FNDA:0,(anonymous_12)
FNDA:0,(anonymous_13)
FNDA:0,(anonymous_14)
FNDA:0,(anonymous_15)
FNDA:0,(anonymous_16)
FNDA:0,(anonymous_17)
FNDA:0,(anonymous_18)
FNDA:0,(anonymous_19)
FNDA:0,(anonymous_20)
FNDA:0,(anonymous_21)
FNDA:0,(anonymous_22)
FNDA:0,(anonymous_23)
DA:1,1
DA:2,1
DA:3,1
DA:4,1
DA:5,1
DA:6,1
DA:7,1
DA:9,1
DA:11,1
DA:12,1
DA:13,1
DA:14,1
DA:16,1
DA:21,1
DA:23,1
DA:28,0
DA:29,0
DA:31,0
DA:38,0
DA:40,0
DA:41,0
DA:42,0
DA:44,0
DA:49,0
DA:50,0
DA:55,0
DA:56,0
DA:61,0
DA:64,0
DA:65,0
DA:68,0
DA:69,0
DA:70,0
DA:72,0
DA:82,0
DA:94,1
DA:99,0
DA:100,0
DA:102,0
DA:105,0
DA:107,0
DA:109,0
DA:110,0
DA:111,0
DA:120,1
DA:121,0
DA:122,0
DA:123,0
DA:130,0
DA:134,0
DA:138,1
DA:143,0
DA:144,0
DA:146,0
DA:149,0
DA:151,0
DA:152,0
DA:156,0
DA:158,0
DA:165,0
DA:166,0
DA:168,0
DA:171,0
DA:174,1
DA:175,0
DA:183,1
DA:188,0
DA:189,0
DA:191,0
DA:197,0
DA:203,0
DA:205,0
DA:208,1
DA:213,0
DA:214,0
DA:215,0
DA:216,0
DA:217,0
DA:225,1
DA:230,0
DA:231,0
DA:232,0
DA:233,0
DA:235,0
DA:238,1
DA:243,0
DA:244,0
DA:246,0
DA:253,0
DA:254,0
DA:257,0
DA:262,0
DA:263,0
DA:265,0
DA:266,0
DA:267,0
DA:268,0
DA:270,0
DA:271,0
DA:272,0
DA:273,0
DA:275,0
DA:280,0
DA:282,0
DA:286,0
DA:288,0
DA:289,0
DA:292,0
DA:293,0
DA:294,0
DA:296,0
DA:297,0
DA:299,0
DA:300,0
DA:302,0
DA:310,1
DA:315,0
DA:316,0
DA:317,0
DA:318,0
DA:320,0
DA:323,1
LF:122
LH:25
BRDA:40,0,0,0
BRDA:49,1,0,0
BRDA:55,2,0,0
BRDA:75,3,0,0
BRDA:75,3,1,0
BRDA:165,4,0,0
BRDA:200,5,0,0
BRDA:201,6,0,0
BRDA:202,7,0,0
BRDA:232,8,0,0
BRDA:262,9,0,0
BRDA:262,9,1,0
BRDA:268,10,0,0
BRDA:268,10,1,0
BRDA:272,11,0,0
BRDA:272,11,1,0
BRDA:288,12,0,0
BRDA:300,13,0,0
BRDA:300,13,1,0
BRDA:317,14,0,0
BRF:20
BRH:0
end_of_record
TN:
SF:src/resolver/validation.ts
FN:8,(anonymous_0)
FN:20,(anonymous_1)
FN:43,(anonymous_2)
FNF:3
FNH:1
FNDA:2,(anonymous_0)
FNDA:0,(anonymous_1)
FNDA:0,(anonymous_2)
DA:1,2
DA:3,2
DA:4,2
DA:6,2
DA:8,2
DA:9,2
DA:10,2
DA:20,2
DA:26,0
DA:27,0
DA:28,0
DA:30,0
DA:31,0
DA:32,0
DA:34,0
DA:35,0
DA:36,0
DA:37,0
DA:39,0
DA:42,0
DA:44,0
DA:45,0
DA:46,0
DA:47,0
DA:48,0
DA:51,0
DA:52,0
DA:61,0
DA:69,0
DA:73,0
DA:75,0
DA:76,0
DA:77,0
DA:78,0
LF:34
LH:8
BRDA:8,0,0,2
BRDA:8,0,1,2
BRDA:31,1,0,0
BRDA:44,2,0,0
BRDA:46,3,0,0
BRDA:51,4,0,0
BRDA:51,4,1,0
BRF:7
BRH:2
end_of_record
TN:
SF:src/resolver/wallet.resolver.ts
FN:13,(anonymous_0)
FN:30,(anonymous_1)
FN:38,(anonymous_2)
FN:49,(anonymous_3)
FNF:4
FNH:0
FNDA:0,(anonymous_0)
FNDA:0,(anonymous_1)
FNDA:0,(anonymous_2)
FNDA:0,(anonymous_3)
DA:1,1
DA:2,1
DA:5,1
DA:6,1
DA:7,1
DA:8,1
DA:9,1
DA:11,1
DA:13,1
DA:18,0
DA:19,0
DA:21,0
DA:22,0
DA:23,0
DA:24,0
DA:27,0
DA:28,0
DA:29,0
DA:30,0
DA:38,1
DA:43,0
DA:44,0
DA:45,0
DA:46,0
DA:48,0
DA:50,0
DA:51,0
DA:53,0
DA:54,0
DA:55,0
DA:60,0
DA:61,0
DA:63,0
DA:64,0
DA:68,1
LF:35
LH:11
BRDA:23,0,0,0
BRDA:60,1,0,0
BRDA:60,1,1,0
BRF:3
BRH:0
end_of_record
TN:
SF:src/resolver/watchlist.resolver.ts
FN:7,(anonymous_0)
FN:18,(anonymous_1)
FN:23,(anonymous_2)
FN:28,(anonymous_3)
FN:38,(anonymous_4)
FN:45,(anonymous_5)
FN:57,(anonymous_6)
FN:74,(anonymous_7)
FN:75,(anonymous_8)
FN:78,(anonymous_9)
FN:90,(anonymous_10)
FN:110,(anonymous_11)
FNF:12
FNH:0
FNDA:0,(anonymous_0)
FNDA:0,(anonymous_1)
FNDA:0,(anonymous_2)
FNDA:0,(anonymous_3)
FNDA:0,(anonymous_4)
FNDA:0,(anonymous_5)
FNDA:0,(anonymous_6)
FNDA:0,(anonymous_7)
FNDA:0,(anonymous_8)
FNDA:0,(anonymous_9)
FNDA:0,(anonymous_10)
FNDA:0,(anonymous_11)
DA:2,1
DA:3,1
DA:7,1
DA:11,0
DA:12,0
DA:18,0
DA:19,0
DA:23,0
DA:24,0
DA:28,0
DA:29,0
DA:34,0
DA:38,0
DA:45,1
DA:54,0
DA:57,1
DA:61,0
DA:62,0
DA:63,0
DA:72,0
DA:74,0
DA:75,0
DA:78,1
DA:87,0
DA:90,1
DA:95,0
DA:98,0
DA:99,0
DA:108,0
DA:110,0
DA:113,1
LF:31
LH:8
BRF:0
BRH:0
end_of_record
TN:
SF:src/schema/index.ts
FN:15,(anonymous_0)
FN:20,(anonymous_1)
FN:26,(anonymous_2)
FN:29,(anonymous_3)
FN:34,(anonymous_4)
FN:35,(anonymous_5)
FN:40,(anonymous_6)
FNF:7
FNH:0
FNDA:0,(anonymous_0)
FNDA:0,(anonymous_1)
FNDA:0,(anonymous_2)
FNDA:0,(anonymous_3)
FNDA:0,(anonymous_4)
FNDA:0,(anonymous_5)
FNDA:0,(anonymous_6)
DA:1,1
DA:2,1
DA:4,1
DA:5,1
DA:6,1
DA:8,1
DA:9,1
DA:11,1
DA:13,1
DA:15,1
DA:16,0
DA:17,0
DA:20,1
DA:21,0
DA:26,1
DA:27,0
DA:29,0
DA:31,0
DA:34,1
DA:35,0
DA:36,0
DA:41,0
DA:42,0
DA:47,0
DA:52,0
DA:69,0
LF:26
LH:13
BRF:0
BRH:0
end_of_record
TN:
SF:src/service/core.service.ts
FN:21,(anonymous_0)
FN:33,(anonymous_1)
FN:51,(anonymous_2)
FN:83,(anonymous_3)
FN:84,(anonymous_4)
FN:89,(anonymous_5)
FN:94,(anonymous_6)
FN:96,(anonymous_7)
FN:105,(anonymous_8)
FN:110,(anonymous_9)
FN:113,(anonymous_10)
FN:117,(anonymous_11)
FN:118,(anonymous_12)
FN:130,(anonymous_13)
FN:149,(anonymous_14)
FN:164,(anonymous_15)
FN:171,(anonymous_16)
FN:178,(anonymous_17)
FN:185,(anonymous_18)
FN:195,(anonymous_19)
FN:200,(anonymous_20)
FN:203,(anonymous_21)
FN:207,(anonymous_22)
FN:208,(anonymous_23)
FN:213,(anonymous_24)
FN:222,(anonymous_25)
FN:226,(anonymous_26)
FN:227,(anonymous_27)
FN:232,(anonymous_28)
FN:242,(anonymous_29)
FN:247,(anonymous_30)
FN:263,(anonymous_31)
FN:266,(anonymous_32)
FN:268,(anonymous_33)
FN:271,(anonymous_34)
FN:586,(anonymous_35)
FN:587,(anonymous_36)
FN:592,(anonymous_37)
FN:597,(anonymous_38)
FN:604,(anonymous_39)
FN:617,(anonymous_40)
FN:630,(anonymous_41)
FN:645,(anonymous_42)
FN:657,(anonymous_43)
FN:695,(anonymous_44)
FN:701,(anonymous_45)
FN:703,(anonymous_46)
FN:708,(anonymous_47)
FN:713,(anonymous_48)
FN:720,(anonymous_49)
FN:722,(anonymous_50)
FN:725,(anonymous_51)
FN:741,(anonymous_52)
FN:792,(anonymous_53)
FN:799,(anonymous_54)
FN:811,(anonymous_55)
FN:848,(anonymous_56)
FN:896,(anonymous_57)
FN:907,(anonymous_58)
FNF:59
FNH:4
FNDA:0,(anonymous_0)
FNDA:0,(anonymous_1)
FNDA:0,(anonymous_2)
FNDA:1,(anonymous_3)
FNDA:0,(anonymous_4)
FNDA:6,(anonymous_5)
FNDA:0,(anonymous_6)
FNDA:0,(anonymous_7)
FNDA:2,(anonymous_8)
FNDA:0,(anonymous_9)
FNDA:0,(anonymous_10)
FNDA:1,(anonymous_11)
FNDA:0,(anonymous_12)
FNDA:0,(anonymous_13)
FNDA:0,(anonymous_14)
FNDA:0,(anonymous_15)
FNDA:0,(anonymous_16)
FNDA:0,(anonymous_17)
FNDA:0,(anonymous_18)
FNDA:0,(anonymous_19)
FNDA:0,(anonymous_20)
FNDA:0,(anonymous_21)
FNDA:0,(anonymous_22)
FNDA:0,(anonymous_23)
FNDA:0,(anonymous_24)
FNDA:0,(anonymous_25)
FNDA:0,(anonymous_26)
FNDA:0,(anonymous_27)
FNDA:0,(anonymous_28)
FNDA:0,(anonymous_29)
FNDA:0,(anonymous_30)
FNDA:0,(anonymous_31)
FNDA:0,(anonymous_32)
FNDA:0,(anonymous_33)
FNDA:0,(anonymous_34)
FNDA:0,(anonymous_35)
FNDA:0,(anonymous_36)
FNDA:0,(anonymous_37)
FNDA:0,(anonymous_38)
FNDA:0,(anonymous_39)
FNDA:0,(anonymous_40)
FNDA:0,(anonymous_41)
FNDA:0,(anonymous_42)
FNDA:0,(anonymous_43)
FNDA:0,(anonymous_44)
FNDA:0,(anonymous_45)
FNDA:0,(anonymous_46)
FNDA:0,(anonymous_47)
FNDA:0,(anonymous_48)
FNDA:0,(anonymous_49)
FNDA:0,(anonymous_50)
FNDA:0,(anonymous_51)
FNDA:0,(anonymous_52)
FNDA:0,(anonymous_53)
FNDA:0,(anonymous_54)
FNDA:0,(anonymous_55)
FNDA:0,(anonymous_56)
FNDA:0,(anonymous_57)
FNDA:0,(anonymous_58)
DA:1,2
DA:2,2
DA:3,2
DA:4,2
DA:5,2
DA:7,2
DA:9,2
DA:10,2
DA:11,2
DA:12,2
DA:13,2
DA:14,2
DA:16,2
DA:17,2
DA:21,2
DA:27,0
DA:28,0
DA:30,0
DA:33,2
DA:37,0
DA:38,0
DA:39,0
DA:41,0
DA:42,0
DA:51,2
DA:56,0
DA:59,0
DA:61,0
DA:63,0
DA:65,0
DA:67,0
DA:69,0
DA:71,0
DA:73,0
DA:75,0
DA:77,0
DA:79,0
DA:83,2
DA:84,1
DA:85,0
DA:89,2
DA:94,6
DA:95,0
DA:97,0
DA:98,0
DA:100,0
DA:105,2
DA:110,2
DA:111,0
DA:112,0
DA:113,0
DA:117,2
DA:118,1
DA:119,0
DA:120,0
DA:121,0
DA:130,2
DA:138,0
DA:149,2
DA:158,0
DA:159,0
DA:160,0
DA:161,0
DA:163,0
DA:164,0
DA:171,0
DA:178,0
DA:185,0
DA:195,2
DA:200,0
DA:203,2
DA:204,0
DA:207,2
DA:208,0
DA:209,0
DA:213,2
DA:217,0
DA:218,0
DA:222,2
DA:223,0
DA:226,2
DA:227,0
DA:228,0
DA:232,2
DA:236,0
DA:237,0
DA:242,2
DA:243,0
DA:244,0
DA:247,2
DA:255,0
DA:256,0
DA:264,0
DA:265,0
DA:267,0
DA:268,0
DA:272,0
DA:278,2
DA:287,2
DA:430,2
DA:554,2
DA:584,2
DA:585,2
DA:586,2
DA:587,0
DA:588,0
DA:589,0
DA:591,0
DA:592,0
DA:593,0
DA:596,2
DA:597,2
DA:598,0
DA:599,0
DA:601,0
DA:604,2
DA:607,0
DA:608,0
DA:609,0
DA:611,0
DA:612,0
DA:613,0
DA:617,2
DA:620,0
DA:621,0
DA:622,0
DA:624,0
DA:625,0
DA:626,0
DA:630,2
DA:631,0
DA:632,0
DA:636,0
DA:637,0
DA:642,0
DA:645,2
DA:646,0
DA:647,0
DA:648,0
DA:649,0
DA:650,0
DA:651,0
DA:653,0
DA:657,2
DA:661,0
DA:664,0
DA:665,0
DA:667,0
DA:668,0
DA:669,0
DA:671,0
DA:672,0
DA:673,0
DA:677,0
DA:678,0
DA:679,0
DA:680,0
DA:686,0
DA:688,0
DA:689,0
DA:690,0
DA:691,0
DA:695,2
DA:700,0
DA:702,0
DA:703,0
DA:708,0
DA:713,0
DA:721,0
DA:723,0
DA:724,0
DA:726,0
DA:735,0
DA:741,2
DA:749,0
DA:750,0
DA:751,0
DA:752,0
DA:758,0
DA:759,0
DA:765,0
DA:773,0
DA:783,0
DA:792,2
DA:796,0
DA:799,2
DA:800,0
DA:811,2
DA:812,0
DA:813,0
DA:814,0
DA:815,0
DA:816,0
DA:817,0
DA:819,0
DA:820,0
DA:821,0
DA:823,0
DA:824,0
DA:825,0
DA:827,0
DA:828,0
DA:829,0
DA:831,0
DA:833,0
DA:835,0
DA:848,2
DA:851,0
DA:852,0
DA:853,0
DA:856,0
DA:858,0
DA:860,0
DA:862,0
DA:864,0
DA:867,0
DA:869,0
DA:871,0
DA:875,0
DA:877,0
DA:879,0
DA:881,0
DA:883,0
DA:887,0
DA:896,2
DA:900,0
DA:906,0
DA:907,0
DA:908,0
DA:909,0
DA:910,0
DA:911,0
DA:912,0
DA:914,0
LF:234
LH:57
BRDA:25,0,0,0
BRDA:27,1,0,0
BRDA:27,2,0,0
BRDA:27,2,1,0
BRDA:59,3,0,0
BRDA:59,3,1,0
BRDA:59,3,2,0
BRDA:59,3,3,0
BRDA:59,3,4,0
BRDA:59,3,5,0
BRDA:59,3,6,0
BRDA:59,3,7,0
BRDA:59,3,8,0
BRDA:59,3,9,0
BRDA:97,4,0,0
BRDA:134,5,0,0
BRDA:154,6,0,0
BRDA:155,7,0,0
BRDA:160,8,0,0
BRDA:160,8,1,0
BRDA:252,9,0,0
BRDA:253,10,0,0
BRDA:588,11,0,0
BRDA:593,12,0,0
BRDA:593,12,1,0
BRDA:598,13,0,0
BRDA:646,14,0,0
BRDA:646,14,1,0
BRDA:648,15,0,0
BRDA:648,15,1,0
BRDA:650,16,0,0
BRDA:650,16,1,0
BRDA:661,17,0,0
BRDA:661,17,1,0
BRDA:664,18,0,0
BRDA:664,18,1,0
BRDA:723,19,0,0
BRDA:723,19,1,0
BRDA:750,20,0,0
BRDA:758,21,0,0
BRDA:812,22,0,0
BRDA:813,23,0,0
BRDA:813,23,1,0
BRDA:816,24,0,0
BRDA:816,24,1,0
BRDA:820,25,0,0
BRDA:820,25,1,0
BRDA:824,26,0,0
BRDA:824,26,1,0
BRDA:852,27,0,0
BRDA:852,27,1,0
BRDA:853,28,0,0
BRDA:853,28,1,0
BRDA:858,29,0,0
BRDA:858,29,1,0
BRDA:862,30,0,0
BRDA:862,30,1,0
BRDA:867,31,0,0
BRDA:875,32,0,0
BRDA:881,33,0,0
BRDA:881,33,1,0
BRDA:906,34,0,0
BRDA:908,35,0,0
BRDA:911,36,0,0
BRF:64
BRH:0
end_of_record
TN:
SF:src/service/generateSVG.service.ts
FN:4,(anonymous_0)
FNF:1
FNH:0
FNDA:0,(anonymous_0)
DA:1,2
DA:2,2
DA:4,2
DA:8,0
LF:4
LH:3
BRF:0
BRH:0
end_of_record
TN:
SF:src/service/index.ts
FNF:0
FNH:0
DA:1,2
DA:2,2
LF:2
LH:2
BRF:0
BRH:0
end_of_record
TN:
SF:src/service/nft.service.ts
FN:82,(anonymous_0)
FN:86,(anonymous_1)
FN:158,(anonymous_2)
FN:163,(anonymous_3)
FN:171,(anonymous_4)
FN:172,(anonymous_5)
FN:180,(anonymous_6)
FN:193,(anonymous_7)
FN:211,(anonymous_8)
FN:222,(anonymous_9)
FN:228,(anonymous_10)
FN:241,(anonymous_11)
FN:247,(anonymous_12)
FN:250,(anonymous_13)
FN:259,(anonymous_14)
FN:304,(anonymous_15)
FN:308,(anonymous_16)
FN:341,(anonymous_17)
FN:349,(anonymous_18)
FN:356,(anonymous_19)
FN:405,(anonymous_20)
FN:420,(anonymous_21)
FN:437,(anonymous_22)
FN:444,(anonymous_23)
FN:450,(anonymous_24)
FN:472,(anonymous_25)
FN:481,(anonymous_26)
FN:506,(anonymous_27)
FN:520,(anonymous_28)
FN:551,(anonymous_29)
FN:554,(anonymous_30)
FN:563,(anonymous_31)
FN:592,(anonymous_32)
FN:614,(anonymous_33)
FN:640,(anonymous_34)
FN:675,(anonymous_35)
FN:712,(anonymous_36)
FN:751,(anonymous_37)
FN:764,(anonymous_38)
FNF:39
FNH:0
FNDA:0,(anonymous_0)
FNDA:0,(anonymous_1)
FNDA:0,(anonymous_2)
FNDA:0,(anonymous_3)
FNDA:0,(anonymous_4)
FNDA:0,(anonymous_5)
FNDA:0,(anonymous_6)
FNDA:0,(anonymous_7)
FNDA:0,(anonymous_8)
FNDA:0,(anonymous_9)
FNDA:0,(anonymous_10)
FNDA:0,(anonymous_11)
FNDA:0,(anonymous_12)
FNDA:0,(anonymous_13)
FNDA:0,(anonymous_14)
FNDA:0,(anonymous_15)
FNDA:0,(anonymous_16)
FNDA:0,(anonymous_17)
FNDA:0,(anonymous_18)
FNDA:0,(anonymous_19)
FNDA:0,(anonymous_20)
FNDA:0,(anonymous_21)
FNDA:0,(anonymous_22)
FNDA:0,(anonymous_23)
FNDA:0,(anonymous_24)
FNDA:0,(anonymous_25)
FNDA:0,(anonymous_26)
FNDA:0,(anonymous_27)
FNDA:0,(anonymous_28)
FNDA:0,(anonymous_29)
FNDA:0,(anonymous_30)
FNDA:0,(anonymous_31)
FNDA:0,(anonymous_32)
FNDA:0,(anonymous_33)
FNDA:0,(anonymous_34)
FNDA:0,(anonymous_35)
FNDA:0,(anonymous_36)
FNDA:0,(anonymous_37)
FNDA:0,(anonymous_38)
DA:1,1
DA:2,1
DA:6,1
DA:7,1
DA:8,1
DA:9,1
DA:11,1
DA:12,1
DA:14,1
DA:15,1
DA:16,1
DA:82,1
DA:83,0
DA:86,1
DA:90,0
DA:92,0
DA:94,0
DA:95,0
DA:101,0
DA:107,0
DA:108,0
DA:109,0
DA:110,0
DA:112,0
DA:114,0
DA:115,0
DA:122,0
DA:128,0
DA:129,0
DA:130,0
DA:131,0
DA:133,0
DA:136,0
DA:141,0
DA:143,0
DA:146,0
DA:147,0
DA:148,0
DA:158,1
DA:162,0
DA:163,0
DA:164,0
DA:166,0
DA:167,0
DA:168,0
DA:170,0
DA:172,0
DA:173,0
DA:178,0
DA:179,0
DA:180,0
DA:187,0
DA:188,0
DA:189,0
DA:193,1
DA:197,0
DA:198,0
DA:203,0
DA:205,0
DA:206,0
DA:207,0
DA:211,1
DA:216,0
DA:217,0
DA:218,0
DA:222,0
DA:223,0
DA:224,0
DA:228,0
DA:230,0
DA:231,0
DA:234,0
DA:235,0
DA:236,0
DA:237,0
DA:241,1
DA:244,0
DA:249,0
DA:251,0
DA:253,0
DA:296,0
DA:303,0
DA:304,0
DA:308,1
DA:313,0
DA:320,0
DA:322,0
DA:324,0
DA:329,0
DA:330,0
DA:331,0
DA:332,0
DA:333,0
DA:334,0
DA:335,0
DA:336,0
DA:337,0
DA:339,0
DA:340,0
DA:341,0
DA:342,0
DA:348,0
DA:349,0
DA:350,0
DA:355,0
DA:356,0
DA:357,0
DA:363,0
DA:367,0
DA:368,0
DA:371,0
DA:372,0
DA:386,0
DA:405,1
DA:410,0
DA:411,0
DA:412,0
DA:413,0
DA:415,0
DA:419,0
DA:421,0
DA:425,0
DA:426,0
DA:427,0
DA:437,1
DA:442,0
DA:443,0
DA:445,0
DA:450,1
DA:454,0
DA:461,0
DA:462,0
DA:463,0
DA:464,0
DA:469,0
DA:472,1
DA:477,0
DA:478,0
DA:480,0
DA:482,0
DA:491,0
DA:495,0
DA:496,0
DA:497,0
DA:498,0
DA:502,0
DA:505,0
DA:507,0
DA:520,1
DA:525,0
DA:526,0
DA:527,0
DA:529,0
DA:538,0
DA:539,0
DA:540,0
DA:541,0
DA:546,0
DA:551,1
DA:552,0
DA:553,0
DA:555,0
DA:556,0
DA:559,0
DA:560,0
DA:562,0
DA:564,0
DA:574,0
DA:592,1
DA:601,0
DA:602,0
DA:603,0
DA:604,0
DA:605,0
DA:606,0
DA:607,0
DA:609,0
DA:610,0
DA:612,0
DA:613,0
DA:615,0
DA:616,0
DA:617,0
DA:625,0
DA:626,0
DA:627,0
DA:635,0
DA:636,0
DA:640,1
DA:644,0
DA:645,0
DA:646,0
DA:658,0
DA:663,0
DA:664,0
DA:674,0
DA:675,0
DA:676,0
DA:678,0
DA:679,0
DA:682,0
DA:686,0
DA:688,0
DA:689,0
DA:695,0
DA:696,0
DA:707,0
DA:708,0
DA:712,1
DA:716,0
DA:717,0
DA:718,0
DA:719,0
DA:728,0
DA:730,0
DA:731,0
DA:732,0
DA:733,0
DA:734,0
DA:739,0
DA:741,0
DA:744,0
DA:746,0
DA:747,0
DA:751,1
DA:754,0
DA:755,0
DA:763,0
DA:765,0
DA:766,0
DA:767,0
DA:772,0
DA:773,0
LF:233
LH:28
BRDA:94,0,0,0
BRDA:94,0,1,0
BRDA:107,1,0,0
BRDA:107,1,1,0
BRDA:109,2,0,0
BRDA:114,3,0,0
BRDA:114,3,1,0
BRDA:128,4,0,0
BRDA:128,4,1,0
BRDA:130,5,0,0
BRDA:130,5,1,0
BRDA:173,6,0,0
BRDA:173,6,1,0
BRDA:178,7,0,0
BRDA:217,8,0,0
BRDA:217,8,1,0
BRDA:223,9,0,0
BRDA:223,9,1,0
BRDA:223,10,0,0
BRDA:223,10,1,0
BRDA:320,11,0,0
BRDA:320,12,0,0
BRDA:320,12,1,0
BRDA:332,13,0,0
BRDA:332,13,1,0
BRDA:334,14,0,0
BRDA:334,14,1,0
BRDA:336,15,0,0
BRDA:340,16,0,0
BRDA:340,16,1,0
BRDA:348,17,0,0
BRDA:348,17,1,0
BRDA:355,18,0,0
BRDA:355,18,1,0
BRDA:371,19,0,0
BRDA:371,19,1,0
BRDA:412,20,0,0
BRDA:461,21,0,0
BRDA:491,22,0,0
BRDA:526,23,0,0
BRDA:538,24,0,0
BRDA:556,25,0,0
BRDA:559,26,0,0
BRDA:574,27,0,0
BRDA:602,28,0,0
BRDA:602,28,1,0
BRDA:605,29,0,0
BRDA:605,29,1,0
BRDA:609,30,0,0
BRDA:612,31,0,0
BRDA:616,32,0,0
BRDA:626,33,0,0
BRDA:663,34,0,0
BRDA:674,35,0,0
BRDA:676,36,0,0
BRDA:676,36,1,0
BRDA:678,37,0,0
BRDA:686,38,0,0
BRDA:686,38,1,0
BRDA:688,39,0,0
BRDA:695,40,0,0
BRDA:718,41,0,0
BRDA:728,42,0,0
BRDA:737,43,0,0
BRDA:737,43,1,0
BRDA:766,44,0,0
BRF:66
BRH:0
end_of_record
TN:
SF:src/service/nullPhoto.base64.ts
FNF:0
FNH:0
DA:1,2
LF:1
LH:1
BRF:0
BRH:0
end_of_record
TN:
SF:src/service/rubik.base64.ts
FNF:0
FNH:0
DA:1,2
LF:1
LH:1
BRF:0
BRH:0
end_of_record
TN:
SF:src/service/rubikBlack.base64.ts
FNF:0
FNH:0
DA:1,2
LF:1
LH:1
BRF:0
BRH:0
end_of_record
TN:
SF:src/service/sendgrid.service.ts
FN:20,(anonymous_0)
FN:24,(anonymous_1)
FN:25,(anonymous_2)
FN:28,(anonymous_3)
FN:38,(anonymous_4)
FN:42,(anonymous_5)
FN:51,(anonymous_6)
FN:55,(anonymous_7)
FN:75,(anonymous_8)
FN:79,(anonymous_9)
FN:97,(anonymous_10)
FN:101,(anonymous_11)
FN:121,(anonymous_12)
FN:125,(anonymous_13)
FN:142,(anonymous_14)
FNF:15
FNH:0
FNDA:0,(anonymous_0)
FNDA:0,(anonymous_1)
FNDA:0,(anonymous_2)
FNDA:0,(anonymous_3)
FNDA:0,(anonymous_4)
FNDA:0,(anonymous_5)
FNDA:0,(anonymous_6)
FNDA:0,(anonymous_7)
FNDA:0,(anonymous_8)
FNDA:0,(anonymous_9)
FNDA:0,(anonymous_10)
FNDA:0,(anonymous_11)
FNDA:0,(anonymous_12)
FNDA:0,(anonymous_13)
FNDA:0,(anonymous_14)
DA:1,2
DA:3,2
DA:4,2
DA:5,2
DA:7,2
DA:8,2
DA:9,2
DA:14,2
DA:20,2
DA:23,0
DA:24,0
DA:25,0
DA:28,2
DA:29,0
DA:30,0
DA:32,0
DA:38,0
DA:42,2
DA:43,0
DA:44,0
DA:45,0
DA:51,0
DA:55,2
DA:60,0
DA:61,0
DA:63,0
DA:64,0
DA:67,0
DA:75,0
DA:79,2
DA:83,0
DA:84,0
DA:86,0
DA:87,0
DA:90,0
DA:97,0
DA:101,2
DA:106,0
DA:107,0
DA:109,0
DA:110,0
DA:113,0
DA:121,0
DA:125,2
DA:129,0
DA:130,0
DA:132,0
DA:133,0
DA:137,0
DA:142,0
LF:50
LH:15
BRDA:29,0,0,0
BRDA:43,1,0,0
BRDA:60,2,0,0
BRDA:63,3,0,0
BRDA:83,4,0,0
BRDA:86,5,0,0
BRDA:86,6,0,0
BRDA:86,6,1,0
BRDA:106,7,0,0
BRDA:109,8,0,0
BRDA:109,9,0,0
BRDA:109,9,1,0
BRDA:129,10,0,0
BRDA:132,11,0,0
BRF:14
BRH:0
end_of_record
TN:
SF:src/test/util/testApolloServer.ts
FN:7,getTestApolloServer
FN:13,(anonymous_1)
FNF:2
FNH:0
FNDA:0,getTestApolloServer
FNDA:0,(anonymous_1)
DA:1,1
DA:3,1
DA:4,1
DA:7,1
DA:10,0
DA:14,0
LF:6
LH:4
BRF:0
BRH:0
end_of_record
TN:
SF:src/test/util/testDatabase.ts
FN:7,(anonymous_0)
FN:40,(anonymous_1)
FN:46,(anonymous_2)
FN:50,(anonymous_3)
FN:55,(anonymous_4)
FNF:5
FNH:2
FNDA:1,(anonymous_0)
FNDA:0,(anonymous_1)
FNDA:1,(anonymous_2)
FNDA:0,(anonymous_3)
FNDA:0,(anonymous_4)
DA:1,1
DA:3,1
DA:4,1
DA:6,1
DA:8,1
DA:23,1
DA:41,0
DA:42,0
DA:47,1
DA:51,0
DA:52,0
DA:53,0
DA:55,0
DA:56,0
DA:57,0
DA:61,1
LF:16
LH:8
BRF:0
BRH:0
end_of_record
