TN:
SF:packages/nftport-client/src/index.ts
FNF:0
FNH:0
DA:1,1
DA:2,1
LF:2
LH:2
BRF:0
BRH:0
end_of_record
TN:
SF:packages/nftport-client/src/lib/nftport-client.ts
FN:20,(anonymous_0)
FN:24,(anonymous_1)
FN:32,(anonymous_2)
FN:74,(anonymous_3)
FNF:4
FNH:3
FNDA:1,(anonymous_0)
FNDA:1,(anonymous_1)
FNDA:0,(anonymous_2)
FNDA:1,(anonymous_3)
DA:1,1
DA:2,1
DA:3,1
DA:5,1
DA:6,1
DA:7,1
DA:8,1
DA:10,1
DA:12,1
DA:13,1
DA:20,1
DA:21,1
DA:24,1
DA:25,1
DA:26,1
DA:27,1
DA:33,0
DA:38,0
DA:39,0
DA:40,0
DA:50,0
DA:51,0
DA:53,0
DA:54,0
DA:55,0
DA:61,0
DA:63,0
DA:65,0
DA:74,1
DA:79,1
DA:80,1
DA:81,1
DA:82,1
DA:83,0
DA:85,1
DA:86,1
DA:87,1
DA:88,1
DA:95,0
DA:98,1
LF:40
LH:26
BRDA:21,0,0,1
BRDA:21,0,1,1
BRDA:21,1,0,1
BRDA:21,1,1,1
BRDA:24,2,0,0
BRDA:24,3,0,0
BRDA:38,4,0,0
BRDA:38,4,1,0
BRDA:50,5,0,0
BRDA:50,6,0,0
BRDA:50,6,1,0
BRDA:53,7,0,0
BRDA:53,7,1,0
BRDA:54,8,0,0
BRDA:77,9,0,0
BRDA:79,10,0,1
BRDA:79,11,0,0
BRDA:82,12,0,0
BRDA:87,13,0,1
BRDA:87,13,1,0
BRDA:92,14,0,1
BRDA:92,14,1,1
BRF:22
BRH:8
end_of_record
TN:
SF:packages/nftport-client/src/lib/nftport-interceptor.ts
FN:6,(anonymous_0)
FN:19,(anonymous_1)
FN:25,(anonymous_2)
FNF:3
FNH:1
FNDA:1,(anonymous_0)
FNDA:0,(anonymous_1)
FNDA:0,(anonymous_2)
DA:1,1
DA:2,1
DA:4,1
DA:6,1
DA:9,1
DA:18,1
DA:20,0
DA:26,0
DA:27,0
DA:28,0
DA:29,0
DA:32,0
DA:35,1
DA:37,1
LF:14
LH:8
BRDA:21,0,0,0
BRDA:21,0,1,0
BRDA:26,1,0,0
BRDA:28,2,0,0
BRF:4
BRH:0
end_of_record
