TN:
SF:packages/leaderboard/src/lib/collection-leaderboard.ts
FN:5,(anonymous_0)
FN:20,(anonymous_1)
FN:31,(anonymous_2)
FN:32,(anonymous_3)
FN:33,(anonymous_4)
FN:36,(anonymous_5)
FNF:6
FNH:6
FNDA:4,(anonymous_0)
FNDA:5,(anonymous_1)
FNDA:19,(anonymous_2)
FNDA:53,(anonymous_3)
FNDA:19,(anonymous_4)
FNDA:3,(anonymous_5)
DA:1,1
DA:2,1
DA:5,1
DA:7,4
DA:8,4
DA:9,18
DA:10,18
DA:11,16
DA:13,2
DA:16,4
DA:19,1
DA:20,1
DA:27,5
DA:28,5
DA:31,5
DA:32,53
DA:33,19
DA:36,1
DA:39,3
DA:41,3
DA:42,15
DA:43,15
DA:44,15
DA:45,15
DA:46,15
DA:54,3
DA:57,3
LF:27
LH:27
BRDA:11,0,0,16
BRDA:11,0,1,1
BRDA:13,1,0,2
BRDA:13,1,1,0
BRDA:27,2,0,0
BRDA:28,3,0,4
BRDA:28,3,1,1
BRDA:33,4,0,19
BRDA:33,4,1,19
BRDA:42,5,0,15
BRDA:42,5,1,15
BRDA:43,6,0,15
BRDA:43,6,1,6
BRDA:44,7,0,15
BRDA:44,7,1,15
BRDA:45,8,0,15
BRDA:45,8,1,10
BRDA:54,9,0,3
BRDA:54,9,1,0
BRF:19
BRH:16
end_of_record
