TN:
SF:packages/gql/src/defs/gql.ts
FN:21,(anonymous_0)
FN:27,(anonymous_1)
FN:33,(anonymous_2)
FN:71,(anonymous_3)
FN:105,(anonymous_4)
FN:139,(anonymous_5)
FN:497,(anonymous_6)
FN:1250,(anonymous_7)
FN:1262,(anonymous_8)
FN:1439,(anonymous_9)
FN:1454,(anonymous_10)
FN:1459,(anonymous_11)
FN:1470,(anonymous_12)
FN:1476,(anonymous_13)
FN:1482,(anonymous_14)
FN:1513,(anonymous_15)
FN:2043,(anonymous_16)
FN:2528,(anonymous_17)
FNF:18
FNH:18
FNDA:1,(anonymous_0)
FNDA:1,(anonymous_1)
FNDA:1,(anonymous_2)
FNDA:1,(anonymous_3)
FNDA:1,(anonymous_4)
FNDA:1,(anonymous_5)
FNDA:1,(anonymous_6)
FNDA:1,(anonymous_7)
FNDA:1,(anonymous_8)
FNDA:1,(anonymous_9)
FNDA:1,(anonymous_10)
FNDA:1,(anonymous_11)
FNDA:1,(anonymous_12)
FNDA:1,(anonymous_13)
FNDA:1,(anonymous_14)
FNDA:1,(anonymous_15)
FNDA:1,(anonymous_16)
FNDA:1,(anonymous_17)
DA:21,1
DA:22,1
DA:23,1
DA:24,1
DA:27,1
DA:28,1
DA:29,1
DA:30,1
DA:33,1
DA:34,1
DA:35,1
DA:36,1
DA:37,1
DA:38,1
DA:71,1
DA:72,1
DA:73,1
DA:74,1
DA:75,1
DA:105,1
DA:106,1
DA:107,1
DA:108,1
DA:139,1
DA:140,1
DA:141,1
DA:497,1
DA:498,1
DA:499,1
DA:500,1
DA:501,1
DA:1250,1
DA:1251,1
DA:1252,1
DA:1253,1
DA:1262,1
DA:1263,1
DA:1264,1
DA:1265,1
DA:1266,1
DA:1267,1
DA:1268,1
DA:1269,1
DA:1439,1
DA:1440,1
DA:1441,1
DA:1442,1
DA:1443,1
DA:1444,1
DA:1445,1
DA:1454,1
DA:1455,1
DA:1456,1
DA:1459,1
DA:1460,1
DA:1461,1
DA:1462,1
DA:1463,1
DA:1470,1
DA:1471,1
DA:1472,1
DA:1473,1
DA:1476,1
DA:1477,1
DA:1478,1
DA:1479,1
DA:1482,1
DA:1483,1
DA:1484,1
DA:1513,1
DA:1514,1
DA:1515,1
DA:1516,1
DA:1517,1
DA:2043,1
DA:2044,1
DA:2045,1
DA:2046,1
DA:2047,1
DA:2528,1
DA:2529,1
DA:2530,1
DA:2531,1
LF:83
LH:83
BRDA:21,0,0,1
BRDA:21,0,1,1
BRDA:27,1,0,1
BRDA:27,1,1,1
BRDA:33,2,0,1
BRDA:33,2,1,1
BRDA:71,3,0,1
BRDA:71,3,1,1
BRDA:105,4,0,1
BRDA:105,4,1,1
BRDA:139,5,0,1
BRDA:139,5,1,1
BRDA:497,6,0,1
BRDA:497,6,1,1
BRDA:1250,7,0,1
BRDA:1250,7,1,1
BRDA:1262,8,0,1
BRDA:1262,8,1,1
BRDA:1439,9,0,1
BRDA:1439,9,1,1
BRDA:1454,10,0,1
BRDA:1454,10,1,1
BRDA:1459,11,0,1
BRDA:1459,11,1,1
BRDA:1470,12,0,1
BRDA:1470,12,1,1
BRDA:1476,13,0,1
BRDA:1476,13,1,1
BRDA:1482,14,0,1
BRDA:1482,14,1,1
BRDA:1513,15,0,1
BRDA:1513,15,1,1
BRDA:2043,16,0,1
BRDA:2043,16,1,1
BRDA:2528,17,0,1
BRDA:2528,17,1,1
BRF:36
BRH:36
end_of_record
TN:
SF:packages/gql/src/defs/index.ts
FNF:0
FNH:0
DA:1,1
DA:2,1
LF:2
LH:2
BRF:0
BRH:0
end_of_record
TN:
SF:packages/gql/src/defs/misc.ts
FN:26,(anonymous_0)
FN:40,(anonymous_1)
FN:56,(anonymous_2)
FN:59,(anonymous_3)
FN:81,(anonymous_4)
FN:85,(anonymous_5)
FN:107,(anonymous_6)
FN:117,(anonymous_7)
FN:132,(anonymous_8)
FNF:9
FNH:0
FNDA:0,(anonymous_0)
FNDA:0,(anonymous_1)
FNDA:0,(anonymous_2)
FNDA:0,(anonymous_3)
FNDA:0,(anonymous_4)
FNDA:0,(anonymous_5)
FNDA:0,(anonymous_6)
FNDA:0,(anonymous_7)
FNDA:0,(anonymous_8)
DA:1,1
DA:4,1
DA:24,1
DA:26,1
DA:27,0
DA:29,0
DA:31,0
DA:34,0
DA:36,0
DA:40,1
DA:41,0
DA:43,0
DA:45,0
DA:47,0
DA:49,0
DA:51,0
DA:56,1
DA:59,0
DA:60,0
DA:61,0
DA:64,0
DA:65,0
DA:66,0
DA:67,0
DA:68,0
DA:71,0
DA:81,1
DA:84,0
DA:85,0
DA:86,0
DA:87,0
DA:88,0
DA:89,0
DA:90,0
DA:104,0
DA:107,1
DA:110,0
DA:111,0
DA:112,0
DA:114,0
DA:117,1
DA:120,0
DA:121,0
DA:122,0
DA:123,0
DA:124,0
DA:125,0
DA:126,0
DA:129,0
DA:132,1
DA:136,0
DA:137,0
DA:138,0
LF:53
LH:10
BRDA:27,0,0,0
BRDA:27,0,1,0
BRDA:27,0,2,0
BRDA:27,0,3,0
BRDA:27,0,4,0
BRDA:41,1,0,0
BRDA:41,1,1,0
BRDA:41,1,2,0
BRDA:41,1,3,0
BRDA:41,1,4,0
BRDA:64,2,0,0
BRDA:64,2,1,0
BRDA:66,3,0,0
BRDA:88,4,0,0
BRDA:88,5,0,0
BRDA:88,5,1,0
BRDA:124,6,0,0
BRF:17
BRH:0
end_of_record
TN:
SF:packages/gql/src/helper/utils.ts
FN:9,(anonymous_0)
FN:13,(anonymous_1)
FN:19,(anonymous_2)
FNF:3
FNH:1
FNDA:0,(anonymous_0)
FNDA:0,(anonymous_1)
FNDA:6,(anonymous_2)
DA:1,1
DA:3,1
DA:9,1
DA:10,0
DA:13,1
DA:14,0
DA:16,0
DA:19,1
DA:20,6
DA:22,6
DA:24,0
DA:26,0
DA:28,0
LF:13
LH:7
BRDA:20,0,0,6
BRDA:20,0,1,0
BRDA:20,0,2,0
BRDA:20,0,3,0
BRF:4
BRH:1
end_of_record
TN:
SF:packages/gql/src/service/alchemy.service.ts
FN:9,(anonymous_0)
FN:21,(anonymous_1)
FN:24,(anonymous_2)
FN:39,(anonymous_3)
FN:44,(anonymous_4)
FN:68,(anonymous_5)
FN:96,(anonymous_6)
FN:114,(anonymous_7)
FNF:8
FNH:2
FNDA:3,(anonymous_0)
FNDA:0,(anonymous_1)
FNDA:3,(anonymous_2)
FNDA:0,(anonymous_3)
FNDA:0,(anonymous_4)
FNDA:0,(anonymous_5)
FNDA:0,(anonymous_6)
FNDA:0,(anonymous_7)
DA:1,1
DA:2,1
DA:4,1
DA:6,1
DA:7,1
DA:9,1
DA:10,3
DA:16,3
DA:21,3
DA:24,1
DA:29,3
DA:35,3
DA:39,3
DA:41,0
DA:44,1
DA:50,0
DA:51,0
DA:54,0
DA:55,0
DA:58,0
DA:60,0
DA:61,0
DA:62,0
DA:63,0
DA:64,0
DA:68,1
DA:72,0
DA:73,0
DA:79,0
DA:82,0
DA:83,0
DA:84,0
DA:85,0
DA:87,0
DA:88,0
DA:91,0
DA:92,0
DA:96,1
DA:100,0
DA:101,0
DA:102,0
DA:103,0
DA:105,0
DA:112,0
DA:113,0
DA:114,0
DA:116,0
DA:117,0
DA:118,0
DA:120,0
DA:121,0
DA:124,0
LF:52
LH:16
BRDA:50,0,0,0
BRDA:54,1,0,0
BRDA:61,2,0,0
BRDA:61,2,1,0
BRDA:63,3,0,0
BRDA:83,4,0,0
BRDA:83,4,1,0
BRDA:83,5,0,0
BRDA:83,5,1,0
BRDA:101,6,0,0
BRDA:101,6,1,0
BRDA:102,7,0,0
BRDA:102,7,1,0
BRF:13
BRH:0
end_of_record
TN:
SF:packages/gql/src/service/generateSVG.service.ts
FN:4,(anonymous_0)
FNF:1
FNH:1
FNDA:1,(anonymous_0)
DA:1,1
DA:2,1
DA:4,1
DA:8,1
LF:4
LH:4
BRF:0
BRH:0
end_of_record
TN:
SF:packages/gql/src/service/nftport.service.ts
FN:56,(anonymous_0)
FN:79,(anonymous_1)
FN:95,(anonymous_2)
FNF:3
FNH:3
FNDA:1,(anonymous_0)
FNDA:1,(anonymous_1)
FNDA:5,(anonymous_2)
DA:1,1
DA:2,1
DA:4,1
DA:5,1
DA:6,1
DA:7,1
DA:8,1
DA:10,1
DA:12,1
DA:56,1
DA:62,1
DA:63,1
DA:64,1
DA:65,1
DA:66,1
DA:67,0
DA:68,1
DA:69,1
DA:70,1
DA:71,1
DA:72,1
DA:73,1
DA:79,1
DA:81,0
DA:82,0
DA:83,0
DA:85,0
DA:88,1
DA:89,1
DA:90,1
DA:91,1
DA:95,1
DA:100,5
DA:101,5
DA:102,5
DA:103,5
DA:104,5
DA:105,0
DA:106,5
DA:107,5
DA:108,5
DA:109,5
DA:110,5
DA:116,0
DA:117,0
DA:118,0
DA:120,0
DA:123,5
DA:124,5
DA:125,5
LF:50
LH:40
BRDA:60,0,0,1
BRDA:66,1,0,0
BRDA:69,2,0,0
BRDA:76,3,0,1
BRDA:76,3,1,1
BRDA:81,4,0,0
BRDA:81,4,1,0
BRDA:81,5,0,0
BRDA:81,5,1,0
BRDA:98,6,0,5
BRDA:104,7,0,0
BRDA:107,8,0,0
BRDA:113,9,0,5
BRDA:113,9,1,5
BRDA:116,10,0,0
BRDA:116,10,1,0
BRDA:116,11,0,0
BRDA:116,11,1,0
BRF:18
BRH:6
end_of_record
TN:
SF:packages/gql/src/service/rubik.base64.ts
FNF:0
FNH:0
DA:1,1
LF:1
LH:1
BRF:0
BRH:0
end_of_record
TN:
SF:packages/gql/src/service/rubikBlack.base64.ts
FNF:0
FNH:0
DA:1,1
LF:1
LH:1
BRF:0
BRH:0
end_of_record
