TN:
SF:packages/contract-data/src/lib/contract-sales.ts
FN:24,(anonymous_0)
FN:30,(anonymous_1)
FN:37,(anonymous_2)
FN:42,(anonymous_3)
FN:60,(anonymous_4)
FN:82,(anonymous_5)
FN:90,(anonymous_6)
FN:96,(anonymous_7)
FN:125,(anonymous_8)
FN:127,(anonymous_9)
FN:143,(anonymous_10)
FNF:11
FNH:8
FNDA:0,(anonymous_0)
FNDA:2,(anonymous_1)
FNDA:2,(anonymous_2)
FNDA:2,(anonymous_3)
FNDA:1,(anonymous_4)
FNDA:0,(anonymous_5)
FNDA:1,(anonymous_6)
FNDA:2,(anonymous_7)
FNDA:2,(anonymous_8)
FNDA:0,(anonymous_9)
FNDA:2,(anonymous_10)
DA:1,1
DA:2,1
DA:3,1
DA:4,1
DA:5,1
DA:6,1
DA:7,1
DA:9,1
DA:10,1
DA:13,1
DA:15,1
DA:17,1
DA:24,1
DA:25,0
DA:30,1
DA:31,2
DA:32,2
DA:37,1
DA:38,2
DA:39,2
DA:42,1
DA:43,2
DA:44,2
DA:45,2
DA:56,2
DA:60,1
DA:61,1
DA:65,1
DA:66,0
DA:71,1
DA:82,1
DA:83,0
DA:84,0
DA:85,0
DA:87,0
DA:90,1
DA:95,1
DA:96,2
DA:97,1
DA:100,1
DA:104,1
DA:105,1
DA:106,1
DA:109,1
DA:110,1
DA:111,0
DA:114,1
DA:115,1
DA:116,1
DA:117,2
DA:118,2
DA:119,2
DA:125,2
DA:127,0
DA:128,0
DA:130,0
DA:132,2
DA:133,2
DA:134,2
DA:135,2
DA:137,2
DA:139,2
DA:140,2
DA:143,2
DA:144,1
DA:146,1
DA:151,1
LF:67
LH:57
BRDA:39,0,0,1
BRDA:39,0,1,1
BRDA:65,1,0,0
BRDA:84,2,0,0
BRDA:84,3,0,0
BRDA:84,3,1,0
BRDA:92,4,0,1
BRDA:93,5,0,1
BRDA:95,6,0,0
BRDA:95,6,1,1
BRDA:100,7,0,1
BRDA:100,7,1,0
BRDA:110,8,0,0
BRDA:118,9,0,2
BRDA:118,10,0,2
BRDA:118,10,1,2
BRDA:119,11,0,2
BRDA:119,11,1,0
BRDA:128,12,0,0
BRDA:128,12,1,0
BRDA:134,13,0,2
BRDA:134,13,1,2
BRDA:140,14,0,1
BRF:23
BRH:13
end_of_record
TN:
SF:packages/contract-data/src/lib/contract-stats.ts
FN:7,(anonymous_0)
FN:8,(anonymous_1)
FNF:2
FNH:2
FNDA:2,(anonymous_0)
FNDA:2,(anonymous_1)
DA:1,1
DA:2,1
DA:4,1
DA:5,1
DA:7,1
DA:8,2
DA:9,2
DA:10,2
DA:11,1
DA:12,1
DA:13,1
DA:14,1
DA:18,2
DA:20,2
LF:14
LH:14
BRF:0
BRH:0
end_of_record
TN:
SF:packages/contract-data/src/lib/erc20-util.ts
FN:8,(anonymous_0)
FN:29,(anonymous_1)
FNF:2
FNH:1
FNDA:1,(anonymous_0)
FNDA:0,(anonymous_1)
DA:1,1
DA:3,1
DA:4,1
DA:6,1
DA:8,1
DA:9,1
DA:10,1
DA:11,1
DA:12,1
DA:13,0
DA:18,0
DA:19,0
DA:21,0
DA:22,0
DA:24,0
DA:26,1
DA:29,1
DA:30,0
DA:31,0
DA:32,0
DA:33,0
DA:34,0
DA:39,0
DA:40,0
DA:42,0
DA:43,0
DA:45,0
DA:47,0
LF:28
LH:11
BRDA:9,0,0,0
BRDA:9,1,0,1
BRDA:9,1,1,1
BRDA:12,2,0,0
BRDA:30,3,0,0
BRDA:30,4,0,0
BRDA:30,4,1,0
BRDA:33,5,0,0
BRF:8
BRH:2
end_of_record
