TN:
SF:packages/cache/src/index.ts
FNF:0
FNH:0
DA:1,1
DA:2,1
LF:2
LH:2
BRF:0
BRH:0
end_of_record
TN:
SF:packages/cache/src/lib/cache.ts
FN:8,(anonymous_0)
FN:33,(anonymous_1)
FN:42,(anonymous_2)
FN:54,(anonymous_3)
FNF:4
FNH:2
FNDA:1,(anonymous_0)
FNDA:0,(anonymous_1)
FNDA:0,(anonymous_2)
FNDA:1,(anonymous_3)
DA:1,1
DA:3,1
DA:6,1
DA:8,1
DA:9,1
DA:10,1
DA:11,1
DA:12,1
DA:13,1
DA:14,1
DA:15,1
DA:16,1
DA:17,1
DA:18,1
DA:19,1
DA:20,1
DA:21,1
DA:22,1
DA:23,1
DA:24,1
DA:25,1
DA:26,1
DA:27,1
DA:28,1
DA:29,1
DA:30,1
DA:33,1
DA:34,0
DA:35,0
DA:36,0
DA:38,0
DA:42,1
DA:45,0
DA:46,0
DA:47,0
DA:48,0
DA:49,0
DA:51,0
DA:54,1
DA:55,1
DA:62,1
DA:63,1
DA:66,1
LF:43
LH:33
BRDA:6,0,0,1
BRDA:6,0,1,1
BRDA:8,1,0,1
BRDA:8,1,1,1
BRDA:34,2,0,0
BRDA:34,2,1,0
BRDA:35,3,0,0
BRDA:47,4,0,0
BRDA:47,4,1,0
BRDA:47,5,0,0
BRDA:47,5,1,0
BRDA:48,6,0,0
BRDA:62,7,0,1
BRF:13
BRH:5
end_of_record
TN:
SF:packages/cache/src/lib/config.ts
FNF:0
FNH:0
DA:1,1
LF:1
LH:1
BRDA:2,0,0,1
BRDA:2,0,1,1
BRDA:3,1,0,1
BRDA:3,1,1,1
BRF:4
BRH:4
end_of_record
